<testsuites id="" name="" tests="23" failures="0" skipped="0" errors="0" time="70.56512400000001">
<testsuite name="Tests/FinanceTracker.test.js" timestamp="2025-10-13T17:32:12.834Z" hostname="" tests="23" failures="0" skipped="0" time="84.085" errors="0">
<testcase name="🌐 API Testing Suite › 🔐 Authentication › POST | Login API" classname="Tests/FinanceTracker.test.js" time="0.182">
<system-out>
<![CDATA[
🔹 Executing Login API...
🔄 Verifying: Post Login API...
✅ Payload: {
  "email": "pratiknarute2@gmail.com",
  "password": "Pratik@1234"
}
⏱️ Response Time: 162 ms
🔁 Status Code: [33m200[39m
📦 Response Size: 0.20 KB
🧾 JSON Response: {
  message: [32m'Logged in successfully'[39m,
  token: [32m'eyJhbGciOiJIUzI1NiJ9.eyJzdWIiOiJwcmF0aWtuYXJ1dGUyQGdtYWlsLmNvbSIsImlhdCI6MTc2MDM3NjczMywiZXhwIjoxNzYyOTY4NzMzfQ.yhZKNlss8QqlUdbS8bzcMc4OBP7yLx7oPQf5SbLgcCY'[39m
}
----------------------------------------------------------------------------------------------------
🔑 Global token set: eyJhbGciOiJIUzI1NiJ9.eyJzdWIiOiJwcmF0aWtuYXJ1dGUyQGdtYWlsLmNvbSIsImlhdCI6MTc2MDM3NjczMywiZXhwIjoxNzYyOTY4NzMzfQ.yhZKNlss8QqlUdbS8bzcMc4OBP7yLx7oPQf5SbLgcCY
]]>
</system-out>
</testcase>
<testcase name="🌐 API Testing Suite › 🏷️ Label Feature › GET | Fetch Label API" classname="Tests/FinanceTracker.test.js" time="0.059">
<system-out>
<![CDATA[🔄 Verifying: Get Labels API...
🌐 Sending GET request to: http://localhost:8080/api/labels
🔁 Status Code: [33m200[39m
⏱️ Response Time: 57 ms
📦 Response Size: 0.26 KB
🧾 GET Response: [
  {
    id: [32m'68bc24f7f115e8a75b9bc4f6'[39m,
    name: [32m'Essentials'[39m,
    color: [32m'#4CAF50'[39m,
    default: [33mfalse[39m
  },
  {
    id: [32m'68bc24faf115e8a75b9bc4f8'[39m,
    name: [32m'Hygenic'[39m,
    color: [32m'#2196F3'[39m,
    default: [33mfalse[39m
  },
  {
    id: [32m'68bc24faf115e8a75b9bc4f7'[39m,
    name: [32m'Unessentials'[39m,
    color: [32m'#F44336'[39m,
    default: [33mfalse[39m
  }
]
----------------------------------------------------------------------------------------------------
]]>
</system-out>
</testcase>
<testcase name="🌐 API Testing Suite › 🏷️ Label Feature › GET | Fetch Label Usage API" classname="Tests/FinanceTracker.test.js" time="0.09">
<system-out>
<![CDATA[🔄 Verifying: Get Label Usage API...
🌐 Sending GET request to: http://localhost:8080/api/labels/usage
🔁 Status Code: [33m200[39m
⏱️ Response Time: 89 ms
📦 Response Size: 0.13 KB
🧾 GET Response: [
  { id: [32m'68bc24f7f115e8a75b9bc4f6'[39m, count: [33m150[39m },
  { id: [32m'68bc24faf115e8a75b9bc4f8'[39m, count: [33m9[39m },
  { id: [32m'68bc24faf115e8a75b9bc4f7'[39m, count: [33m32[39m }
]
----------------------------------------------------------------------------------------------------
]]>
</system-out>
</testcase>
<testcase name="🌐 API Testing Suite › 💵 Opening Balance Feature › GET | Opening Balance API" classname="Tests/FinanceTracker.test.js" time="0.038">
<system-out>
<![CDATA[🔄 Verifying: Get Opening Balance API...
🌐 Sending GET request to: http://localhost:8080/api/transactions/opening-balance
🔁 Status Code: [33m200[39m
⏱️ Response Time: 37 ms
📦 Response Size: 0.01 KB
🧾 GET Response: [33m50000[39m
----------------------------------------------------------------------------------------------------
]]>
</system-out>
</testcase>
<testcase name="🌐 API Testing Suite › 💰 Category Feature › POST | Create Debit Category" classname="Tests/FinanceTracker.test.js" time="0.064">
<system-out>
<![CDATA[🔄 Verifying: Post Categories API for debit...
✅ Payload: {
  "name": "Testing",
  "type": "debit"
}
⏱️ Response Time: 62 ms
🔁 Status Code: [33m200[39m
📦 Response Size: 0.06 KB
🧾 JSON Response: { id: [32m'68ed379df1281edacf27bbba'[39m, name: [32m'Testing'[39m, type: [32m'debit'[39m }
----------------------------------------------------------------------------------------------------
🔑 Global category ID set: 68ed379df1281edacf27bbba
]]>
</system-out>
</testcase>
<testcase name="🌐 API Testing Suite › 💰 Category Feature › GET | Fetch Categories" classname="Tests/FinanceTracker.test.js" time="0.05">
<system-out>
<![CDATA[🔄 Verifying: Get Categories API...
🌐 Sending GET request to: http://localhost:8080/api/categories
🔁 Status Code: [33m200[39m
⏱️ Response Time: 48 ms
📦 Response Size: 1.61 KB
🧾 GET Response: [
  {
    id: [32m'68bc201e1c428f12149f53cd'[39m,
    name: [32m'Gift/Donation'[39m,
    type: [32m'credit'[39m
  },
  { id: [32m'68bdb261f115e8a75b9bc502'[39m, name: [32m'Health'[39m, type: [32m'credit'[39m },
  {
    id: [32m'68bc201e1c428f12149f53cc'[39m,
    name: [32m'Investment'[39m,
    type: [32m'credit'[39m
  },
  { id: [32m'68c1c7bfa603b14c06a1f835'[39m, name: [32m'Loan'[39m, type: [32m'credit'[39m },
  {
    id: [32m'68bde13cf115e8a75b9bc51f'[39m,
    name: [32m'Opening Balance'[39m,
    type: [32m'credit'[39m
  },
  { id: [32m'68bc201e1c428f12149f53cb'[39m, name: [32m'Refund'[39m, type: [32m'credit'[39m },
  { id: [32m'68bc201e1c428f12149f53ca'[39m, name: [32m'Salary'[39m, type: [32m'credit'[39m },
  {
    id: [32m'68d981bd97884c8960efbfd0'[39m,
    name: [32m'Bank Charges'[39m,
    type: [32m'debit'[39m
  },
  { id: [32m'68bc201d1c428f12149f53c8'[39m, name: [32m'EMI'[39m, type: [32m'debit'[39m },
  {
    id: [32m'68bc201b1c428f12149f53c1'[39m,
    name: [32m'Entertainment'[39m,
    type: [32m'debit'[39m
  },
  {
    id: [32m'68bc201b1c428f12149f53c3'[39m,
    name: [32m'Family support'[39m,
    type: [32m'debit'[39m
  },
  {
    id: [32m'68bdb429f115e8a75b9bc504'[39m,
    name: [32m'Fashion & Lifestyle'[39m,
    type: [32m'debit'[39m
  },
  { id: [32m'68bc201a1c428f12149f53be'[39m, name: [32m'Food'[39m, type: [32m'debit'[39m },
  {
    id: [32m'68bdb2e4f115e8a75b9bc503'[39m,
    name: [32m'Gift/Donation'[39m,
    type: [32m'debit'[39m
  },
  { id: [32m'68bc201c1c428f12149f53c5'[39m, name: [32m'Grocery'[39m, type: [32m'debit'[39m },
  { id: [32m'68bdb257f115e8a75b9bc501'[39m, name: [32m'Health'[39m, type: [32m'debit'[39m },
  { id: [32m'68bddf3cf115e8a75b9bc51b'[39m, name: [32m'Investment'[39m, type: [32m'debit'[39m },
  { id: [32m'68bc201b1c428f12149f53c2'[39m, name: [32m'Lending'[39m, type: [32m'debit'[39m },
  { id: [32m'68bc201d1c428f12149f53c9'[39m, name: [32m'Others'[39m, type: [32m'debit'[39m },
  {
    id: [32m'68d573b6a603b14c06a1f876'[39m,
    name: [32m'Printing & Stationery'[39m,
    type: [32m'debit'[39m
  },
  { id: [32m'68bc201c1c428f12149f53c6'[39m, name: [32m'Rent'[39m, type: [32m'debit'[39m },
  { id: [32m'68ed379df1281edacf27bbba'[39m, name: [32m'Testing'[39m, type: [32m'debit'[39m },
  { id: [32m'68bc201b1c428f12149f53bf'[39m, name: [32m'Transport'[39m, type: [32m'debit'[39m },
  { id: [32m'68bc201d1c428f12149f53c7'[39m, name: [32m'Utilities'[39m, type: [32m'debit'[39m }
]
----------------------------------------------------------------------------------------------------
]]>
</system-out>
</testcase>
<testcase name="🌐 API Testing Suite › 💰 Category Feature › PUT | Update Debit Category" classname="Tests/FinanceTracker.test.js" time="0.085">
<system-out>
<![CDATA[🔄 Verifying: Update Categories API for debit...
🛠️ Sending PUT request to: http://localhost:8080/api/categories/68ed379df1281edacf27bbba
✅ Payload: {
  "newName": "Testing updated"
}
🔁 Status Code: [33m200[39m
⏱️ Response Time: 82 ms
📦 Response Size: 0.07 KB
🧾 PUT Response: {
  id: [32m'68ed379df1281edacf27bbba'[39m,
  name: [32m'Testing updated'[39m,
  type: [32m'debit'[39m
}
✅ PUT request updated successfully! Updated name: Testing updated
----------------------------------------------------------------------------------------------------
✅ Updated category ID: 68ed379df1281edacf27bbba with type: debit
]]>
</system-out>
</testcase>
<testcase name="🌐 API Testing Suite › 💰 Category Feature › DELETE | Delete Debit Category" classname="Tests/FinanceTracker.test.js" time="0.068">
<system-out>
<![CDATA[🔄 Verifying: Delete Categories API for debit...
🗑️ Sending DELETE request to: http://localhost:8080/api/categories/68ed379df1281edacf27bbba
🔁 Status Code: [33m204[39m
⏱️ Response Time: 65 ms
📦 Response Size: 0.00 KB
🧾 DELETE Response: <empty>
----------------------------------------------------------------------------------------------------
✅ Deleted category ID: 68ed379df1281edacf27bbba for type: debit
]]>
</system-out>
</testcase>
<testcase name="🌐 API Testing Suite › 💰 Category Feature › POST | Create Credit Category" classname="Tests/FinanceTracker.test.js" time="0.09">
<system-out>
<![CDATA[🔄 Verifying: Post Categories API for credit...
✅ Payload: {
  "name": "Testing",
  "type": "credit"
}
⏱️ Response Time: 84 ms
🔁 Status Code: [33m200[39m
📦 Response Size: 0.06 KB
🧾 JSON Response: { id: [32m'68ed379df1281edacf27bbbb'[39m, name: [32m'Testing'[39m, type: [32m'credit'[39m }
----------------------------------------------------------------------------------------------------
🔑 Global category ID set: 68ed379df1281edacf27bbbb
]]>
</system-out>
</testcase>
<testcase name="🌐 API Testing Suite › 💰 Category Feature › PUT | Update Credit Category" classname="Tests/FinanceTracker.test.js" time="0.135">
<system-out>
<![CDATA[🔄 Verifying: Update Categories API for credit...
🛠️ Sending PUT request to: http://localhost:8080/api/categories/68ed379df1281edacf27bbbb
✅ Payload: {
  "newName": "Testing updated"
}
🔁 Status Code: [33m200[39m
⏱️ Response Time: 132 ms
📦 Response Size: 0.07 KB
🧾 PUT Response: {
  id: [32m'68ed379df1281edacf27bbbb'[39m,
  name: [32m'Testing updated'[39m,
  type: [32m'credit'[39m
}
✅ PUT request updated successfully! Updated name: Testing updated
----------------------------------------------------------------------------------------------------
✅ Updated category ID: 68ed379df1281edacf27bbbb with type: credit
]]>
</system-out>
</testcase>
<testcase name="🌐 API Testing Suite › 💰 Category Feature › DELETE | Delete Credit Category" classname="Tests/FinanceTracker.test.js" time="0.083">
<system-out>
<![CDATA[🔄 Verifying: Delete Categories API for credit...
🗑️ Sending DELETE request to: http://localhost:8080/api/categories/68ed379df1281edacf27bbbb
🔁 Status Code: [33m204[39m
⏱️ Response Time: 81 ms
📦 Response Size: 0.00 KB
🧾 DELETE Response: <empty>
----------------------------------------------------------------------------------------------------
✅ Deleted category ID: 68ed379df1281edacf27bbbb for type: credit
]]>
</system-out>
</testcase>
<testcase name="🌐 API Testing Suite › 💳 Transaction Feature › POST | Debit Transaction" classname="Tests/FinanceTracker.test.js" time="0.246">
<system-out>
<![CDATA[🔄 Verifying: Post Transaction API for debit...
✅ Payload: {
  "date": "2025-10-10",
  "type": "debit",
  "category": "Bank Charges",
  "amount": "10",
  "reimbursable": "N",
  "comments": "Testing",
  "labelIds": [
    "68bc24f7f115e8a75b9bc4f6"
  ]
}
⏱️ Response Time: 242 ms
🔁 Status Code: [33m200[39m
📦 Response Size: 0.24 KB
🧾 JSON Response: {
  id: [32m'68ed379ef1281edacf27bbbc'[39m,
  date: [32m'2025-10-10'[39m,
  time: [32m'23:02:14.309945'[39m,
  type: [32m'debit'[39m,
  category: [32m'Bank Charges'[39m,
  amount: [33m10[39m,
  reimbursable: [33mfalse[39m,
  comments: [32m'Testing'[39m,
  runningBalance: [33m1616550.96[39m,
  labelIds: [ [32m'68bc24f7f115e8a75b9bc4f6'[39m ]
}
----------------------------------------------------------------------------------------------------
🔑 Global Transaction ID set: 68ed379ef1281edacf27bbbc
]]>
</system-out>
</testcase>
<testcase name="🌐 API Testing Suite › 💳 Transaction Feature › GET | Fetch Transaction" classname="Tests/FinanceTracker.test.js" time="0.239">
<system-out>
<![CDATA[🔄 Verifying: Get Transaction API...
🌐 Sending GET request to: http://localhost:8080/api/transactions
🔁 Status Code: [33m200[39m
⏱️ Response Time: 233 ms
📦 Response Size: 62.48 KB
🧾 GET Response: [
  {
    id: [32m'68eaa170054cd6fb2be1cd7e'[39m,
    date: [32m'2025-10-11'[39m,
    time: [32m'23:56:56.702'[39m,
    type: [32m'debit'[39m,
    category: [32m'Family support'[39m,
    amount: [33m10[39m,
    reimbursable: [33mfalse[39m,
    comments: [32m''[39m,
    runningBalance: [33m1616550.96[39m,
    labelIds: [ [32m'68bc24f7f115e8a75b9bc4f6'[39m ]
  },
  {
    id: [32m'68ea9574054cd6fb2be1cd7b'[39m,
    date: [32m'2025-10-11'[39m,
    time: [32m'23:05:48.72'[39m,
    type: [32m'debit'[39m,
    category: [32m'Bank Charges'[39m,
    amount: [33m1000[39m,
    reimbursable: [33mfalse[39m,
    comments: [32m'Automation Testing'[39m,
    runningBalance: [33m1616560.96[39m,
    labelIds: [ [32m'68bc24f7f115e8a75b9bc4f6'[39m ]
  },
  {
    id: [32m'68ea8d9c054cd6fb2be1cd7a'[39m,
    date: [32m'2025-10-11'[39m,
    time: [32m'22:32:20.922'[39m,
    type: [32m'debit'[39m,
    category: [32m'Bank Charges'[39m,
    amount: [33m1000[39m,
    reimbursable: [33mfalse[39m,
    comments: [32m'Automation Testing'[39m,
    runningBalance: [33m1617560.96[39m,
    labelIds: [ [32m'68bc24f7f115e8a75b9bc4f6'[39m ]
  },
  {
    id: [32m'68ed379ef1281edacf27bbbc'[39m,
    date: [32m'2025-10-10'[39m,
    time: [32m'23:02:14.309'[39m,
    type: [32m'debit'[39m,
    category: [32m'Bank Charges'[39m,
    amount: [33m10[39m,
    reimbursable: [33mfalse[39m,
    comments: [32m'Testing'[39m,
    runningBalance: [33m1618560.96[39m,
    labelIds: [ [32m'68bc24f7f115e8a75b9bc4f6'[39m ]
  },
  {
    id: [32m'68eb3a36a21e5ae184eda2e8'[39m,
    date: [32m'2025-10-10'[39m,
    time: [32m'10:48:46.38'[39m,
    type: [32m'credit'[39m,
    category: [32m''[39m,
    amount: [33m10[39m,
    reimbursable: [33mfalse[39m,
    comments: [32m'testing'[39m,
    runningBalance: [33m1618570.96[39m,
    labelIds: [ [32m'68bc24faf115e8a75b9bc4f8'[39m, [32m'68bc24f7f115e8a75b9bc4f6'[39m ]
  },
  {
    id: [32m'68eb39b2a21e5ae184eda2e7'[39m,
    date: [32m'2025-10-10'[39m,
    time: [32m'10:46:34.44'[39m,
    type: [32m'credit'[39m,
    category: [32m'Gift/Donati'[39m,
    amount: [33m10[39m,
    reimbursable: [33mfalse[39m,
    comments: [32m'testing'[39m,
    runningBalance: [33m1618560.96[39m,
    labelIds: [ [32m'68bc24faf115e8a75b9bc4f8'[39m, [32m'68bc24f7f115e8a75b9bc4f6'[39m ]
  },
  {
    id: [32m'68eb39a4a21e5ae184eda2e6'[39m,
    date: [32m'2025-10-10'[39m,
    time: [32m'10:46:20.196'[39m,
    type: [32m'credit'[39m,
    category: [32m'Gift/Donation'[39m,
    amount: [33m10[39m,
    reimbursable: [33mfalse[39m,
    comments: [32m'testing'[39m,
    runningBalance: [33m1618550.96[39m,
    labelIds: [ [32m'68bc24faf115e8a75b9bc4f8'[39m, [32m'68bc24f7f115e8a75b9bc4f6'[39m ]
  },
  {
    id: [32m'68eb3955a21e5ae184eda2e5'[39m,
    date: [32m'2025-10-10'[39m,
    time: [32m'10:45:01.912'[39m,
    type: [32m'credit'[39m,
    category: [32m'Gift/Donation'[39m,
    amount: [33m10[39m,
    reimbursable: [33mfalse[39m,
    comments: [32m'testing'[39m,
    runningBalance: [33m1618540.96[39m,
    labelIds: [ [32m'68bc24faf115e8a75b9bc4f8'[39m, [32m'68bc24f7f115e8a75b9bc4f6'[39m ]
  },
  {
    id: [32m'68e91e12cd22bb963ac910b2'[39m,
    date: [32m'2025-10-10'[39m,
    time: [32m'20:24:10.345'[39m,
    type: [32m'debit'[39m,
    category: [32m'Bank Charges'[39m,
    amount: [33m10[39m,
    reimbursable: [33mfalse[39m,
    comments: [32m'Testing'[39m,
    runningBalance: [33m1618530.96[39m,
    labelIds: [ [32m'68bc24f7f115e8a75b9bc4f6'[39m ]
  },
  {
    id: [32m'68e91e03cd22bb963ac910af'[39m,
    date: [32m'2025-10-10'[39m,
    time: [32m'20:23:55.815'[39m,
    type: [32m'debit'[39m,
    category: [32m'Bank Charges'[39m,
    amount: [33m10[39m,
    reimbursable: [33mfalse[39m,
    comments: [32m'Testing'[39m,
    runningBalance: [33m1618540.96[39m,
    labelIds: [ [32m'68bc24f7f115e8a75b9bc4f6'[39m ]
  },
  {
    id: [32m'68e89953cce1cb176bb23dc7'[39m,
    date: [32m'2025-10-10'[39m,
    time: [32m'10:57:47.997'[39m,
    type: [32m'debit'[39m,
    category: [32m'Grocery'[39m,
    amount: [33m166[39m,
    reimbursable: [33mfalse[39m,
    comments: [32m'Rice, Groundnut, coffee '[39m,
    runningBalance: [33m1618550.96[39m,
    labelIds: [ [32m'68bc24f7f115e8a75b9bc4f6'[39m ]
  },
  {
    id: [32m'68e89923cce1cb176bb23dc6'[39m,
    date: [32m'2025-10-10'[39m,
    time: [32m'10:56:59.261'[39m,
    type: [32m'debit'[39m,
    category: [32m'Lending'[39m,
    amount: [33m20000[39m,
    reimbursable: [33mfalse[39m,
    comments: [32m'To shabham savne'[39m,
    runningBalance: [33m1618716.96[39m,
    labelIds: [ [32m'68bc24f7f115e8a75b9bc4f6'[39m ]
  },
  {
    id: [32m'68ed36b1f1281edacf27bbb9'[39m,
    date: [32m'2025-10-09'[39m,
    time: [32m'22:58:17.739'[39m,
    type: [32m'debit'[39m,
    category: [32m'Food'[39m,
    amount: [33m1000[39m,
    reimbursable: [33mfalse[39m,
    comments: [32m'Automation Testing'[39m,
    runningBalance: [33m1638716.96[39m,
    labelIds: [ [32m'68bc24f7f115e8a75b9bc4f6'[39m ]
  },
  {
    id: [32m'68ebb3caaf49506fdf8ddf3c'[39m,
    date: [32m'2025-10-09'[39m,
    time: [32m'19:27:30.13'[39m,
    type: [32m'debit'[39m,
    category: [32m'Food'[39m,
    amount: [33m1000[39m,
    reimbursable: [33mfalse[39m,
    comments: [32m'Automation Testing'[39m,
    runningBalance: [33m1639716.96[39m,
    labelIds: [ [32m'68bc24f7f115e8a75b9bc4f6'[39m ]
  },
  {
    id: [32m'68ebb353af49506fdf8ddf37'[39m,
    date: [32m'2025-10-09'[39m,
    time: [32m'19:25:31.585'[39m,
    type: [32m'debit'[39m,
    category: [32m'Food'[39m,
    amount: [33m1000[39m,
    reimbursable: [33mfalse[39m,
    comments: [32m'Automation Testing'[39m,
    runningBalance: [33m1640716.96[39m,
    labelIds: [ [32m'68bc24f7f115e8a75b9bc4f6'[39m ]
  },
  {
    id: [32m'68ebb2c1af49506fdf8ddf35'[39m,
    date: [32m'2025-10-09'[39m,
    time: [32m'19:23:05.656'[39m,
    type: [32m'debit'[39m,
    category: [32m'Food'[39m,
    amount: [33m1000[39m,
    reimbursable: [33mfalse[39m,
    comments: [32m'Automation Testing'[39m,
    runningBalance: [33m1641716.96[39m,
    labelIds: [ [32m'68bc24f7f115e8a75b9bc4f6'[39m ]
  },
  {
    id: [32m'68eb3d25a21e5ae184eda2e9'[39m,
    date: [32m'2025-10-09'[39m,
    time: [32m'11:01:17.758'[39m,
    type: [32m'debit'[39m,
    category: [32m'Food'[39m,
    amount: [33m1000[39m,
    reimbursable: [33mfalse[39m,
    comments: [32m'Autoamtion Testing'[39m,
    runningBalance: [33m1642716.96[39m,
    labelIds: [ [32m'68bc24f7f115e8a75b9bc4f6'[39m ]
  },
  {
    id: [32m'68eb3944a21e5ae184eda2e4'[39m,
    date: [32m'2025-10-09'[39m,
    time: [32m'10:44:44.748'[39m,
    type: [32m'debit'[39m,
    category: [32m'Food'[39m,
    amount: [33m1000[39m,
    reimbursable: [33mfalse[39m,
    comments: [32m'Autoamtion Testing'[39m,
    runningBalance: [33m1643716.96[39m,
    labelIds: [ [32m'68bc24f7f115e8a75b9bc4f6'[39m ]
  },
  {
    id: [32m'68eb3320a21e5ae184eda2df'[39m,
    date: [32m'2025-10-09'[39m,
    time: [32m'10:18:32.18'[39m,
    type: [32m'debit'[39m,
    category: [32m'Food'[39m,
    amount: [33m1000[39m,
    reimbursable: [33mfalse[39m,
    comments: [32m'Autoamtion Testing'[39m,
    runningBalance: [33m1644716.96[39m,
    labelIds: [ [32m'68bc24f7f115e8a75b9bc4f6'[39m ]
  },
  {
    id: [32m'68eabc46054cd6fb2be1cd9a'[39m,
    date: [32m'2025-10-09'[39m,
    time: [32m'01:51:26.931'[39m,
    type: [32m'debit'[39m,
    category: [32m'Food'[39m,
    amount: [33m1000[39m,
    reimbursable: [33mfalse[39m,
    comments: [32m'Autoamtion Testing'[39m,
    runningBalance: [33m1645716.96[39m,
    labelIds: [ [32m'68bc24f7f115e8a75b9bc4f6'[39m ]
  },
  {
    id: [32m'68eabc11054cd6fb2be1cd95'[39m,
    date: [32m'2025-10-09'[39m,
    time: [32m'01:50:33.18'[39m,
    type: [32m'debit'[39m,
    category: [32m'Food'[39m,
    amount: [33m1000[39m,
    reimbursable: [33mfalse[39m,
    comments: [32m'Autoamtion Testing'[39m,
    runningBalance: [33m1646716.96[39m,
    labelIds: [ [32m'68bc24f7f115e8a75b9bc4f6'[39m ]
  },
  {
    id: [32m'68e898f7cce1cb176bb23dc5'[39m,
    date: [32m'2025-10-09'[39m,
    time: [32m'10:56:15.556'[39m,
    type: [32m'credit'[39m,
    category: [32m'Refund'[39m,
    amount: [33m2500[39m,
    reimbursable: [33mfalse[39m,
    comments: [32m'From Dada kolekar '[39m,
    runningBalance: [33m1647716.96[39m,
    labelIds: [ [32m'68bc24f7f115e8a75b9bc4f6'[39m ]
  },
  {
    id: [32m'68e88e72cce1cb176bb23dc4'[39m,
    date: [32m'2025-10-09'[39m,
    time: [32m'10:11:22.243'[39m,
    type: [32m'debit'[39m,
    category: [32m'Food'[39m,
    amount: [33m250[39m,
    reimbursable: [33mfalse[39m,
    comments: [32m'Dinner '[39m,
    runningBalance: [33m1645216.96[39m,
    labelIds: [ [32m'68bc24faf115e8a75b9bc4f7'[39m ]
  },
  {
    id: [32m'68e7c062a07faf4f116aad12'[39m,
    date: [32m'2025-10-09'[39m,
    time: [32m'19:32:10.677'[39m,
    type: [32m'debit'[39m,
    category: [32m'Food'[39m,
    amount: [33m180[39m,
    reimbursable: [33mfalse[39m,
    comments: [32m'Given refreshment to team'[39m,
    runningBalance: [33m1645466.96[39m,
    labelIds: [ [32m'68bc24faf115e8a75b9bc4f7'[39m ]
  },
  {
    id: [32m'68e7c03ea07faf4f116aad11'[39m,
    date: [32m'2025-10-09'[39m,
    time: [32m'19:31:34.593'[39m,
    type: [32m'debit'[39m,
    category: [32m'Food'[39m,
    amount: [33m65[39m,
    reimbursable: [33mfalse[39m,
    comments: [32m'Lunch bowl'[39m,
    runningBalance: [33m1645646.96[39m,
    labelIds: [ [32m'68bc24f7f115e8a75b9bc4f6'[39m ]
  },
  {
    id: [32m'68e69fc3a07faf4f116aacf7'[39m,
    date: [32m'2025-10-08'[39m,
    time: [32m'23:00:43.074'[39m,
    type: [32m'debit'[39m,
    category: [32m'Grocery'[39m,
    amount: [33m50[39m,
    reimbursable: [33mfalse[39m,
    comments: [32m'Vegetables '[39m,
    runningBalance: [33m1645711.96[39m,
    labelIds: [ [32m'68bc24f7f115e8a75b9bc4f6'[39m ]
  },
  {
    id: [32m'68e682d3a07faf4f116aacf6'[39m,
    date: [32m'2025-10-08'[39m,
    time: [32m'20:57:15.117'[39m,
    type: [32m'debit'[39m,
    category: [32m'Food'[39m,
    amount: [33m170[39m,
    reimbursable: [33mfalse[39m,
    comments: [32m'Lunch '[39m,
    runningBalance: [33m1645761.96[39m,
    labelIds: [ [32m'68bc24faf115e8a75b9bc4f7'[39m ]
  },
  {
    id: [32m'68e57e9ea07faf4f116aace2'[39m,
    date: [32m'2025-10-07'[39m,
    time: [32m'02:27:02.893'[39m,
    type: [32m'debit'[39m,
    category: [32m'Food'[39m,
    amount: [33m65[39m,
    reimbursable: [33mfalse[39m,
    comments: [32m'Lunch'[39m,
    runningBalance: [33m1645931.96[39m,
    labelIds: [ [32m'68bc24f7f115e8a75b9bc4f6'[39m ]
  },
  {
    id: [32m'68e57e7ca07faf4f116aace1'[39m,
    date: [32m'2025-10-07'[39m,
    time: [32m'02:26:28.599'[39m,
    type: [32m'debit'[39m,
    category: [32m'Food'[39m,
    amount: [33m70[39m,
    reimbursable: [33mfalse[39m,
    comments: [32m'Lunch'[39m,
    runningBalance: [33m1645996.96[39m,
    labelIds: [ [32m'68bc24f7f115e8a75b9bc4f6'[39m ]
  },
  {
    id: [32m'68e3d91da07faf4f116aace0'[39m,
    date: [32m'2025-10-06'[39m,
    time: [32m'20:28:37.342'[39m,
    type: [32m'debit'[39m,
    category: [32m'Food'[39m,
    amount: [33m30[39m,
    reimbursable: [33mfalse[39m,
    comments: [32m'Lansi drink '[39m,
    runningBalance: [33m1646066.96[39m,
    labelIds: [ [32m'68bc24f7f115e8a75b9bc4f6'[39m ]
  },
  {
    id: [32m'68e3b3a4a07faf4f116aacdf'[39m,
    date: [32m'2025-10-06'[39m,
    time: [32m'17:48:44.047'[39m,
    type: [32m'debit'[39m,
    category: [32m'Food'[39m,
    amount: [33m50[39m,
    reimbursable: [33mfalse[39m,
    comments: [32m'Lunch '[39m,
    runningBalance: [33m1646096.96[39m,
    labelIds: [ [32m'68bc24f7f115e8a75b9bc4f6'[39m ]
  },
  {
    id: [32m'68e3b2c9a07faf4f116aacde'[39m,
    date: [32m'2025-10-06'[39m,
    time: [32m'17:45:05.913'[39m,
    type: [32m'debit'[39m,
    category: [32m'Entertainment'[39m,
    amount: [33m4300[39m,
    reimbursable: [33mfalse[39m,
    comments: [32m'To Dnyaneshwar '[39m,
    runningBalance: [33m1646146.96[39m,
    labelIds: [ [32m'68bc24faf115e8a75b9bc4f7'[39m ]
  },
  {
    id: [32m'68eab2c4054cd6fb2be1cd8d'[39m,
    date: [32m'2025-10-05'[39m,
    time: [32m'01:10:52.385'[39m,
    type: [32m'credit'[39m,
    category: [32m'Health'[39m,
    amount: [33m3000[39m,
    reimbursable: [33mfalse[39m,
    comments: [32m'Automation Testing'[39m,
    runningBalance: [33m1650446.96[39m,
    labelIds: [ [32m'68bc24f7f115e8a75b9bc4f6'[39m ]
  },
  {
    id: [32m'68e2b513a07faf4f116aacdd'[39m,
    date: [32m'2025-10-05'[39m,
    time: [32m'23:42:35.743'[39m,
    type: [32m'debit'[39m,
    category: [32m'Food'[39m,
    amount: [33m70[39m,
    reimbursable: [33mfalse[39m,
    comments: [32m'Dinner'[39m,
    runningBalance: [33m1647446.96[39m,
    labelIds: [ [32m'68bc24f7f115e8a75b9bc4f6'[39m ]
  },
  {
    id: [32m'68e2b49ba07faf4f116aacdc'[39m,
    date: [32m'2025-10-05'[39m,
    time: [32m'23:40:35.095'[39m,
    type: [32m'debit'[39m,
    category: [32m'Transport'[39m,
    amount: [33m280[39m,
    reimbursable: [33mfalse[39m,
    comments: [32m'Pune to Mumbai'[39m,
    runningBalance: [33m1647516.96[39m,
    labelIds: [ [32m'68bc24f7f115e8a75b9bc4f6'[39m ]
  },
  {
    id: [32m'68e24ff0a07faf4f116aacdb'[39m,
    date: [32m'2025-10-05'[39m,
    time: [32m'16:31:04.624'[39m,
    type: [32m'debit'[39m,
    category: [32m'Utilities'[39m,
    amount: [33m4360[39m,
    reimbursable: [33mfalse[39m,
    comments: [32m'Electricity Bill for Goregaon room'[39m,
    runningBalance: [33m1647796.96[39m,
    labelIds: [ [32m'68bc24f7f115e8a75b9bc4f6'[39m ]
  },
  {
    id: [32m'68e23d0aa07faf4f116aacda'[39m,
    date: [32m'2025-10-05'[39m,
    time: [32m'15:10:26.034'[39m,
    type: [32m'debit'[39m,
    category: [32m'Food'[39m,
    amount: [33m190[39m,
    reimbursable: [33mfalse[39m,
    comments: [32m'Lunch '[39m,
    runningBalance: [33m1652156.96[39m,
    labelIds: [ [32m'68bc24f7f115e8a75b9bc4f6'[39m ]
  },
  {
    id: [32m'68e23cdda07faf4f116aacd9'[39m,
    date: [32m'2025-10-05'[39m,
    time: [32m'15:09:41.233'[39m,
    type: [32m'debit'[39m,
    category: [32m'Food'[39m,
    amount: [33m45[39m,
    reimbursable: [33mfalse[39m,
    comments: [32m'Breakfast '[39m,
    runningBalance: [33m1652346.96[39m,
    labelIds: [ [32m'68bc24f7f115e8a75b9bc4f6'[39m ]
  },
  {
    id: [32m'68e14ae86f459a2eb96acef9'[39m,
    date: [32m'2025-10-04'[39m,
    time: [32m'21:57:20.409'[39m,
    type: [32m'debit'[39m,
    category: [32m'Food'[39m,
    amount: [33m130[39m,
    reimbursable: [33mfalse[39m,
    comments: [32m'Dinner'[39m,
    runningBalance: [33m1652391.96[39m,
    labelIds: [ [32m'68bc24f7f115e8a75b9bc4f6'[39m ]
  },
  {
    id: [32m'68e1243d6f459a2eb96acef7'[39m,
    date: [32m'2025-10-04'[39m,
    time: [32m'19:12:21.709'[39m,
    type: [32m'credit'[39m,
    category: [32m'Salary'[39m,
    amount: [33m122292[39m,
    reimbursable: [33mfalse[39m,
    comments: [32m'Salary for SEP 2025 month from Ampcus '[39m,
    runningBalance: [33m1652521.96[39m,
    labelIds: [ [32m'68bc24f7f115e8a75b9bc4f6'[39m ]
  },
  {
    id: [32m'68dff7c26f459a2eb96acef6'[39m,
    date: [32m'2025-10-03'[39m,
    time: [32m'21:50:18.852'[39m,
    type: [32m'debit'[39m,
    category: [32m'Food'[39m,
    amount: [33m275[39m,
    reimbursable: [33mfalse[39m,
    comments: [32m'Dinner'[39m,
    runningBalance: [33m1530229.96[39m,
    labelIds: [ [32m'68bc24f7f115e8a75b9bc4f6'[39m ]
  },
  {
    id: [32m'68df88a16f459a2eb96acef5'[39m,
    date: [32m'2025-10-03'[39m,
    time: [32m'13:56:09.314'[39m,
    type: [32m'debit'[39m,
    category: [32m'Food'[39m,
    amount: [33m90[39m,
    reimbursable: [33mfalse[39m,
    comments: [32m'Breakfast '[39m,
    runningBalance: [33m1530504.96[39m,
    labelIds: [ [32m'68bc24f7f115e8a75b9bc4f6'[39m ]
  },
  {
    id: [32m'68df88866f459a2eb96acef4'[39m,
    date: [32m'2025-10-03'[39m,
    time: [32m'13:55:42.651'[39m,
    type: [32m'debit'[39m,
    category: [32m'Transport'[39m,
    amount: [33m1305[39m,
    reimbursable: [33mfalse[39m,
    comments: [32m'Petrol in my bike (11.75 ltr)'[39m,
    runningBalance: [33m1530594.96[39m,
    labelIds: [ [32m'68bc24f7f115e8a75b9bc4f6'[39m ]
  },
  {
    id: [32m'68df88216f459a2eb96acef3'[39m,
    date: [32m'2025-10-03'[39m,
    time: [32m'13:54:01.917'[39m,
    type: [32m'debit'[39m,
    category: [32m'Utilities'[39m,
    amount: [33m22[39m,
    reimbursable: [33mfalse[39m,
    comments: [32m'Recharge of laxmi mobile 1 day top up'[39m,
    runningBalance: [33m1531899.96[39m,
    labelIds: [ [32m'68bc24f7f115e8a75b9bc4f6'[39m ]
  },
  {
    id: [32m'68eabbaa054cd6fb2be1cd94'[39m,
    date: [32m'2025-10-02'[39m,
    time: [32m'01:48:50.404'[39m,
    type: [32m'debit'[39m,
    category: [32m'Food'[39m,
    amount: [33m100[39m,
    reimbursable: [33mfalse[39m,
    comments: [32m'Automation Testing'[39m,
    runningBalance: [33m1531921.96[39m,
    labelIds: [ [32m'68bc24f7f115e8a75b9bc4f6'[39m ]
  },
  {
    id: [32m'68eabb6d054cd6fb2be1cd93'[39m,
    date: [32m'2025-10-02'[39m,
    time: [32m'01:47:49.095'[39m,
    type: [32m'debit'[39m,
    category: [32m'Food'[39m,
    amount: [33m100[39m,
    reimbursable: [33mfalse[39m,
    comments: [32m'Automation Testing'[39m,
    runningBalance: [33m1532021.96[39m,
    labelIds: [ [32m'68bc24f7f115e8a75b9bc4f6'[39m ]
  },
  {
    id: [32m'68eabacb054cd6fb2be1cd92'[39m,
    date: [32m'2025-10-02'[39m,
    time: [32m'01:45:07.383'[39m,
    type: [32m'debit'[39m,
    category: [32m'Food'[39m,
    amount: [33m100[39m,
    reimbursable: [33mfalse[39m,
    comments: [32m'Automation Testing'[39m,
    runningBalance: [33m1532121.96[39m,
    labelIds: [ [32m'68bc24f7f115e8a75b9bc4f6'[39m ]
  },
  {
    id: [32m'68eaba4f054cd6fb2be1cd91'[39m,
    date: [32m'2025-10-02'[39m,
    time: [32m'01:43:03.323'[39m,
    type: [32m'debit'[39m,
    category: [32m'Food'[39m,
    amount: [33m100[39m,
    reimbursable: [33mfalse[39m,
    comments: [32m'Automation Testing'[39m,
    runningBalance: [33m1532221.96[39m,
    labelIds: [ [32m'68bc24f7f115e8a75b9bc4f6'[39m ]
  },
  {
    id: [32m'68eab9b3054cd6fb2be1cd90'[39m,
    date: [32m'2025-10-02'[39m,
    time: [32m'01:40:27.435'[39m,
    type: [32m'debit'[39m,
    category: [32m'Food'[39m,
    amount: [33m100[39m,
    reimbursable: [33mfalse[39m,
    comments: [32m'Automation Testing'[39m,
    runningBalance: [33m1532321.96[39m,
    labelIds: [ [32m'68bc24f7f115e8a75b9bc4f6'[39m ]
  },
  {
    id: [32m'68eab4f5054cd6fb2be1cd8f'[39m,
    date: [32m'2025-10-02'[39m,
    time: [32m'01:20:13.607'[39m,
    type: [32m'debit'[39m,
    category: [32m'Food'[39m,
    amount: [33m100[39m,
    reimbursable: [33mfalse[39m,
    comments: [32m'Automation Testing'[39m,
    runningBalance: [33m1532421.96[39m,
    labelIds: [ [32m'68bc24f7f115e8a75b9bc4f6'[39m ]
  },
  {
    id: [32m'68e124ae6f459a2eb96acef8'[39m,
    date: [32m'2025-10-02'[39m,
    time: [32m'19:14:14.307'[39m,
    type: [32m'debit'[39m,
    category: [32m'Bank Charges'[39m,
    amount: [33m10[39m,
    reimbursable: [33mfalse[39m,
    comments: [32m'Trial with IMPS payment option'[39m,
    runningBalance: [33m1532521.96[39m,
    labelIds: [ [32m'68bc24f7f115e8a75b9bc4f6'[39m ]
  },
  {
    id: [32m'68dec4ad6f459a2eb96acef2'[39m,
    date: [32m'2025-10-02'[39m,
    time: [32m'00:00:05.055'[39m,
    type: [32m'debit'[39m,
    category: [32m'Rent'[39m,
    amount: [33m13000[39m,
    reimbursable: [33mfalse[39m,
    comments: [32m'Rent for Goregaon room Oct 2025'[39m,
    runningBalance: [33m1532531.96[39m,
    labelIds: [ [32m'68bc24f7f115e8a75b9bc4f6'[39m ]
  },
  {
    id: [32m'68dec4176f459a2eb96acef1'[39m,
    date: [32m'2025-10-02'[39m,
    time: [32m'23:57:35.985'[39m,
    type: [32m'debit'[39m,
    category: [32m'Food'[39m,
    amount: [33m350[39m,
    reimbursable: [33mfalse[39m,
    comments: [32m'Lunch '[39m,
    runningBalance: [33m1545531.96[39m,
    labelIds: [ [32m'68bc24faf115e8a75b9bc4f7'[39m ]
  },
  {
    id: [32m'68dec3fd6f459a2eb96acef0'[39m,
    date: [32m'2025-10-02'[39m,
    time: [32m'23:57:09.685'[39m,
    type: [32m'debit'[39m,
    category: [32m'Investment'[39m,
    amount: [33m200000[39m,
    reimbursable: [33mfalse[39m,
    comments: [32m'To Dnyaneshwar covert into cash given to Ajit Dhumal '[39m,
    runningBalance: [33m1545881.96[39m,
    labelIds: [ [32m'68bc24f7f115e8a75b9bc4f6'[39m ]
  },
  {
    id: [32m'68dec37d6f459a2eb96aceef'[39m,
    date: [32m'2025-10-02'[39m,
    time: [32m'23:55:01.109'[39m,
    type: [32m'debit'[39m,
    category: [32m'Investment'[39m,
    amount: [33m399000[39m,
    reimbursable: [33mfalse[39m,
    comments: [32m'To Dnyaneshwar covert into cash given to Ajit Dhumal '[39m,
    runningBalance: [33m1745881.96[39m,
    labelIds: [ [32m'68bc24f7f115e8a75b9bc4f6'[39m ]
  },
  {
    id: [32m'68eab45c054cd6fb2be1cd8e'[39m,
    date: [32m'2025-10-01'[39m,
    time: [32m'01:17:40.667'[39m,
    type: [32m'debit'[39m,
    category: [32m'Food'[39m,
    amount: [33m100[39m,
    reimbursable: [33mfalse[39m,
    comments: [32m'Automation Testing'[39m,
    runningBalance: [33m2144881.96[39m,
    labelIds: [ [32m'68bc24f7f115e8a75b9bc4f6'[39m ]
  },
  {
    id: [32m'68de0b0697884c8960efbfe1'[39m,
    date: [32m'2025-10-01'[39m,
    time: [32m'10:47:58.599'[39m,
    type: [32m'debit'[39m,
    category: [32m'Investment'[39m,
    amount: [33m1000[39m,
    reimbursable: [33mfalse[39m,
    comments: [32m'To dnyaneshwar for convert into cash given to Ajit Dhumal for plot'[39m,
    runningBalance: [33m2144981.96[39m,
    labelIds: [ [32m'68bc24f7f115e8a75b9bc4f6'[39m ]
  },
  {
    id: [32m'68de0ad097884c8960efbfe0'[39m,
    date: [32m'2025-10-01'[39m,
    time: [32m'10:47:04.544'[39m,
    type: [32m'debit'[39m,
    category: [32m'Investment'[39m,
    amount: [33m200000[39m,
    reimbursable: [33mfalse[39m,
    comments: [32m'To dnyaneshwar for convert into cash given to Ajit Dhumal for plot'[39m,
    runningBalance: [33m2145981.96[39m,
    labelIds: [ [32m'68bc24f7f115e8a75b9bc4f6'[39m ]
  },
  {
    id: [32m'68de09ea97884c8960efbfdf'[39m,
    date: [32m'2025-10-01'[39m,
    time: [32m'10:43:14.313'[39m,
    type: [32m'debit'[39m,
    category: [32m'Food'[39m,
    amount: [33m250[39m,
    reimbursable: [33mfalse[39m,
    comments: [32m'Lunch'[39m,
    runningBalance: [33m2345981.96[39m,
    labelIds: [ [32m'68bc24f7f115e8a75b9bc4f6'[39m ]
  },
  {
    id: [32m'68de09ae97884c8960efbfde'[39m,
    date: [32m'2025-10-01'[39m,
    time: [32m'10:42:14.555'[39m,
    type: [32m'debit'[39m,
    category: [32m'Transport'[39m,
    amount: [33m60[39m,
    reimbursable: [33mfalse[39m,
    comments: [32m'Shinde Pool to PCMC'[39m,
    runningBalance: [33m2346231.96[39m,
    labelIds: [ [32m'68bc24f7f115e8a75b9bc4f6'[39m ]
  },
  {
    id: [32m'68dd404897884c8960efbfdd'[39m,
    date: [32m'2025-10-01'[39m,
    time: [32m'20:22:56.461'[39m,
    type: [32m'debit'[39m,
    category: [32m'Utilities'[39m,
    amount: [33m650[39m,
    reimbursable: [33mfalse[39m,
    comments: [32m'2nd Bike servicing '[39m,
    runningBalance: [33m2346291.96[39m,
    labelIds: [ [32m'68bc24f7f115e8a75b9bc4f6'[39m ]
  },
  {
    id: [32m'68dc3e6897884c8960efbfdb'[39m,
    date: [32m'2025-10-01'[39m,
    time: [32m'02:02:40.81'[39m,
    type: [32m'debit'[39m,
    category: [32m'Food'[39m,
    amount: [33m125[39m,
    reimbursable: [33mfalse[39m,
    comments: [32m'Sweet - Sonpapadi '[39m,
    runningBalance: [33m2346941.96[39m,
    labelIds: [ [32m'68bc24faf115e8a75b9bc4f7'[39m ]
  },
  {
    id: [32m'68dd3bc497884c8960efbfdc'[39m,
    date: [32m'2025-09-30'[39m,
    time: [32m'20:03:40.344'[39m,
    type: [32m'debit'[39m,
    category: [32m'Transport'[39m,
    amount: [33m200[39m,
    reimbursable: [33mfalse[39m,
    comments: [32m'Pune to Mumbai '[39m,
    runningBalance: [33m2347066.96[39m,
    labelIds: [ [32m'68bc24f7f115e8a75b9bc4f6'[39m ]
  },
  {
    id: [32m'68dc3db097884c8960efbfda'[39m,
    date: [32m'2025-09-30'[39m,
    time: [32m'01:59:36.726'[39m,
    type: [32m'debit'[39m,
    category: [32m'Food'[39m,
    amount: [33m150[39m,
    reimbursable: [33mfalse[39m,
    comments: [32m'FARSAN'[39m,
    runningBalance: [33m2347266.96[39m,
    labelIds: [ [32m'68bc24faf115e8a75b9bc4f7'[39m ]
  },
  {
    id: [32m'68dc1c4497884c8960efbfd9'[39m,
    date: [32m'2025-09-30'[39m,
    time: [32m'23:37:00.951'[39m,
    type: [32m'debit'[39m,
    category: [32m'Lending'[39m,
    amount: [33m200[39m,
    reimbursable: [33mtrue[39m,
    comments: [32m'To Gopi Sawant'[39m,
    runningBalance: [33m2347416.96[39m,
    labelIds: [ [32m'68bc24f7f115e8a75b9bc4f6'[39m ]
  },
  {
    id: [32m'68db6d7f97884c8960efbfd5'[39m,
    date: [32m'2025-09-30'[39m,
    time: [32m'11:11:19.303'[39m,
    type: [32m'debit'[39m,
    category: [32m'Family support'[39m,
    amount: [33m1500[39m,
    reimbursable: [33mfalse[39m,
    comments: [32m'To Prajwal for survival '[39m,
    runningBalance: [33m2347616.96[39m,
    labelIds: [ [32m'68bc24f7f115e8a75b9bc4f6'[39m ]
  },
  {
    id: [32m'68db6cfc97884c8960efbfd4'[39m,
    date: [32m'2025-09-30'[39m,
    time: [32m'11:09:08.813'[39m,
    type: [32m'debit'[39m,
    category: [32m'Investment'[39m,
    amount: [33m300000[39m,
    reimbursable: [33mfalse[39m,
    comments: [32m'To Dnyaneshwar for covert into cash for given to Ajit Dhumal'[39m,
    runningBalance: [33m2349116.96[39m,
    labelIds: [ [32m'68bc24f7f115e8a75b9bc4f6'[39m ]
  },
  {
    id: [32m'68db6cbc97884c8960efbfd3'[39m,
    date: [32m'2025-09-29'[39m,
    time: [32m'11:08:04.185'[39m,
    type: [32m'debit'[39m,
    category: [32m'Food'[39m,
    amount: [33m100[39m,
    reimbursable: [33mfalse[39m,
    comments: [32m'Dinner '[39m,
    runningBalance: [33m2649116.96[39m,
    labelIds: [ [32m'68bc24f7f115e8a75b9bc4f6'[39m ]
  },
  {
    id: [32m'68db6ca997884c8960efbfd2'[39m,
    date: [32m'2025-09-29'[39m,
    time: [32m'11:07:45.848'[39m,
    type: [32m'debit'[39m,
    category: [32m'Food'[39m,
    amount: [33m50[39m,
    reimbursable: [33mfalse[39m,
    comments: [32m'Lunch '[39m,
    runningBalance: [33m2649216.96[39m,
    labelIds: [ [32m'68bc24f7f115e8a75b9bc4f6'[39m ]
  },
  {
    id: [32m'68d9823297884c8960efbfd1'[39m,
    date: [32m'2025-09-29'[39m,
    time: [32m'00:15:06.671'[39m,
    type: [32m'debit'[39m,
    category: [32m'Bank Charges'[39m,
    amount: [33m18[39m,
    reimbursable: [33mfalse[39m,
    comments: [32m'While doing payment through Axis Bank app (Payee)'[39m,
    runningBalance: [33m2649266.96[39m,
    labelIds: [ [32m'68bc24faf115e8a75b9bc4f7'[39m ]
  },
  {
    id: [32m'68d9801b97884c8960efbfcf'[39m,
    date: [32m'2025-09-28'[39m,
    time: [32m'00:06:11.713'[39m,
    type: [32m'debit'[39m,
    category: [32m'Investment'[39m,
    amount: [33m160000[39m,
    reimbursable: [33mfalse[39m,
    comments: [32m'To Dnyaneshwar for converting into cash to give Ajit Dhumal.'[39m,
    runningBalance: [33m2649284.96[39m,
    labelIds: [ [32m'68bc24f7f115e8a75b9bc4f6'[39m ]
  },
  {
    id: [32m'68d9574197884c8960efbfce'[39m,
    date: [32m'2025-09-28'[39m,
    time: [32m'21:11:53.07'[39m,
    type: [32m'debit'[39m,
    category: [32m'Food'[39m,
    amount: [33m200[39m,
    reimbursable: [33mfalse[39m,
    comments: [32m'Dinner'[39m,
    runningBalance: [33m2809284.96[39m,
    labelIds: [ [32m'68bc24faf115e8a75b9bc4f7'[39m ]
  },
  {
    id: [32m'68d9572997884c8960efbfcd'[39m,
    date: [32m'2025-09-28'[39m,
    time: [32m'21:11:29.76'[39m,
    type: [32m'debit'[39m,
    category: [32m'Transport'[39m,
    amount: [33m100[39m,
    reimbursable: [33mfalse[39m,
    comments: [32m'Pune to Mumbai'[39m,
    runningBalance: [33m2809484.96[39m,
    labelIds: [ [32m'68bc24f7f115e8a75b9bc4f6'[39m ]
  },
  {
    id: [32m'68d956f197884c8960efbfcc'[39m,
    date: [32m'2025-09-28'[39m,
    time: [32m'21:10:33.893'[39m,
    type: [32m'debit'[39m,
    category: [32m'Food'[39m,
    amount: [33m60[39m,
    reimbursable: [33mfalse[39m,
    comments: [32m'Juice'[39m,
    runningBalance: [33m2809584.96[39m,
    labelIds: [ [32m'68bc24faf115e8a75b9bc4f7'[39m ]
  },
  {
    id: [32m'68d8f13a97884c8960efbfcb'[39m,
    date: [32m'2025-09-28'[39m,
    time: [32m'13:56:34.841'[39m,
    type: [32m'debit'[39m,
    category: [32m'Gift/Donation'[39m,
    amount: [33m100[39m,
    reimbursable: [33mfalse[39m,
    comments: [32m'To naam foundation for crisis of heavy rainfall in Marathwada'[39m,
    runningBalance: [33m2809644.96[39m,
    labelIds: [ [32m'68bc24f7f115e8a75b9bc4f6'[39m ]
  },
  {
    id: [32m'68d8f0c597884c8960efbfca'[39m,
    date: [32m'2025-09-27'[39m,
    time: [32m'13:54:37.779'[39m,
    type: [32m'debit'[39m,
    category: [32m'Food'[39m,
    amount: [33m60[39m,
    reimbursable: [33mfalse[39m,
    comments: [32m'Milk'[39m,
    runningBalance: [33m2809744.96[39m,
    labelIds: [ [32m'68bc24f7f115e8a75b9bc4f6'[39m ]
  },
  {
    id: [32m'68d7c0a997884c8960efbfc9'[39m,
    date: [32m'2025-09-27'[39m,
    time: [32m'16:17:05.527'[39m,
    type: [32m'credit'[39m,
    category: [32m'Refund'[39m,
    amount: [33m8000[39m,
    reimbursable: [33mfalse[39m,
    comments: [32m'From shubham '[39m,
    runningBalance: [33m2809804.96[39m,
    labelIds: [ [32m'68bc24f7f115e8a75b9bc4f6'[39m ]
  },
  {
    id: [32m'68d7c08597884c8960efbfc8'[39m,
    date: [32m'2025-09-27'[39m,
    time: [32m'16:16:29.099'[39m,
    type: [32m'debit'[39m,
    category: [32m'Investment'[39m,
    amount: [33m40000[39m,
    reimbursable: [33mfalse[39m,
    comments: [32m'To Dnyaneshwar for converting into cash to give Ajit Dhumal.'[39m,
    runningBalance: [33m2801804.96[39m,
    labelIds: [ [32m'68bc24f7f115e8a75b9bc4f6'[39m ]
  },
  {
    id: [32m'68d7688a97884c8960efbfc7'[39m,
    date: [32m'2025-09-26'[39m,
    time: [32m'10:01:06.046'[39m,
    type: [32m'debit'[39m,
    category: [32m'Lending'[39m,
    amount: [33m15000[39m,
    reimbursable: [33mtrue[39m,
    comments: [32m'To Laxmi for new mobile '[39m,
    runningBalance: [33m2841804.96[39m,
    labelIds: [ [32m'68bc24f7f115e8a75b9bc4f6'[39m ]
  },
  {
    id: [32m'68d767f797884c8960efbfc6'[39m,
    date: [32m'2025-09-26'[39m,
    time: [32m'09:58:39.041'[39m,
    type: [32m'debit'[39m,
    category: [32m'Gift/Donation'[39m,
    amount: [33m15000[39m,
    reimbursable: [33mfalse[39m,
    comments: [32m'Gift realme 15 pro mobile to laxmi'[39m,
    runningBalance: [33m2856804.96[39m,
    labelIds: [ [32m'68bc24f7f115e8a75b9bc4f6'[39m ]
  },
  {
    id: [32m'68d68c9397884c8960efbfc5'[39m,
    date: [32m'2025-09-26'[39m,
    time: [32m'18:22:35.981'[39m,
    type: [32m'debit'[39m,
    category: [32m'Family support'[39m,
    amount: [33m1200[39m,
    reimbursable: [33mfalse[39m,
    comments: [32m'To Paju for mess SEP'[39m,
    runningBalance: [33m2871804.96[39m,
    labelIds: [ [32m'68bc24f7f115e8a75b9bc4f6'[39m ]
  },
  {
    id: [32m'68d58b8e97884c8960efbfc4'[39m,
    date: [32m'2025-09-26'[39m,
    time: [32m'00:05:58.033'[39m,
    type: [32m'debit'[39m,
    category: [32m'Transport'[39m,
    amount: [33m1600[39m,
    reimbursable: [33mfalse[39m,
    comments: [32m'Bengaluru to Pune'[39m,
    runningBalance: [33m2873004.96[39m,
    labelIds: [ [32m'68bc24f7f115e8a75b9bc4f6'[39m ]
  },
  {
    id: [32m'68d57497a603b14c06a1f878'[39m,
    date: [32m'2025-09-25'[39m,
    time: [32m'22:27:59.362'[39m,
    type: [32m'debit'[39m,
    category: [32m'Food'[39m,
    amount: [33m500[39m,
    reimbursable: [33mfalse[39m,
    comments: [32m'Lunch'[39m,
    runningBalance: [33m2874604.96[39m,
    labelIds: [ [32m'68bc24faf115e8a75b9bc4f7'[39m ]
  },
  {
    id: [32m'68d573c9a603b14c06a1f877'[39m,
    date: [32m'2025-09-25'[39m,
    time: [32m'22:24:33.219'[39m,
    type: [32m'debit'[39m,
    category: [32m'Printing & Stationery'[39m,
    amount: [33m45[39m,
    reimbursable: [33mfalse[39m,
    comments: [32m'Xerox of resume '[39m,
    runningBalance: [33m2875104.96[39m,
    labelIds: [ [32m'68bc24faf115e8a75b9bc4f7'[39m ]
  },
  {
    id: [32m'68d572c5a603b14c06a1f875'[39m,
    date: [32m'2025-09-25'[39m,
    time: [32m'22:20:13.255'[39m,
    type: [32m'debit'[39m,
    category: [32m'Food'[39m,
    amount: [33m183[39m,
    reimbursable: [33mfalse[39m,
    comments: [32m'Lunch '[39m,
    runningBalance: [33m2875149.96[39m,
    labelIds: [ [32m'68bc24faf115e8a75b9bc4f7'[39m ]
  },
  {
    id: [32m'68d57294a603b14c06a1f874'[39m,
    date: [32m'2025-09-25'[39m,
    time: [32m'22:19:24.905'[39m,
    type: [32m'debit'[39m,
    category: [32m'Rent'[39m,
    amount: [33m600[39m,
    reimbursable: [33mfalse[39m,
    comments: [32m'Benglore pg'[39m,
    runningBalance: [33m2875332.96[39m,
    labelIds: [ [32m'68bc24f7f115e8a75b9bc4f6'[39m ]
  },
  {
    id: [32m'68d57217a603b14c06a1f873'[39m,
    date: [32m'2025-09-25'[39m,
    time: [32m'22:17:19.801'[39m,
    type: [32m'debit'[39m,
    category: [32m'Transport'[39m,
    amount: [33m256[39m,
    reimbursable: [33mfalse[39m,
    comments: [32m'Intercity bengalore (Majestic-KRPuram-MG road)'[39m,
    runningBalance: [33m2875932.96[39m,
    labelIds: [ [32m'68bc24f7f115e8a75b9bc4f6'[39m ]
  },
  {
    id: [32m'68d41319a603b14c06a1f872'[39m,
    date: [32m'2025-09-24'[39m,
    time: [32m'21:19:45.253'[39m,
    type: [32m'debit'[39m,
    category: [32m'Food'[39m,
    amount: [33m240[39m,
    reimbursable: [33mfalse[39m,
    comments: [32m'Dinner '[39m,
    runningBalance: [33m2876188.96[39m,
    labelIds: [ [32m'68bc24faf115e8a75b9bc4f8'[39m, [32m'68bc24faf115e8a75b9bc4f7'[39m ]
  },
  {
    id: [32m'68d412a1a603b14c06a1f871'[39m,
    date: [32m'2025-09-24'[39m,
    time: [32m'21:17:45.734'[39m,
    type: [32m'debit'[39m,
    category: [32m'Family support'[39m,
    amount: [33m1000[39m,
    reimbursable: [33mfalse[39m,
    comments: [32m'To Laxmi '[39m,
    runningBalance: [33m2876428.96[39m,
    labelIds: [ [32m'68bc24f7f115e8a75b9bc4f6'[39m ]
  },
  {
    id: [32m'68d41285a603b14c06a1f870'[39m,
    date: [32m'2025-09-24'[39m,
    time: [32m'21:17:17.971'[39m,
    type: [32m'debit'[39m,
    category: [32m'Food'[39m,
    amount: [33m180[39m,
    reimbursable: [33mfalse[39m,
    comments: [32m'Lunch '[39m,
    runningBalance: [33m2877428.96[39m,
    labelIds: [ [32m'68bc24f7f115e8a75b9bc4f6'[39m ]
  },
  {
    id: [32m'68d41252a603b14c06a1f86f'[39m,
    date: [32m'2025-09-24'[39m,
    time: [32m'21:16:26.979'[39m,
    type: [32m'debit'[39m,
    category: [32m'Transport'[39m,
    amount: [33m1570[39m,
    reimbursable: [33mfalse[39m,
    comments: [32m'Pune to Bengaluru '[39m,
    runningBalance: [33m2877608.96[39m,
    labelIds: [ [32m'68bc24f7f115e8a75b9bc4f6'[39m ]
  },
  {
    id: [32m'68d41231a603b14c06a1f86e'[39m,
    date: [32m'2025-09-23'[39m,
    time: [32m'21:15:53.179'[39m,
    type: [32m'debit'[39m,
    category: [32m'Grocery'[39m,
    amount: [33m201[39m,
    reimbursable: [33mfalse[39m,
    comments: [32m'Pune home'[39m,
    runningBalance: [33m2879178.96[39m,
    labelIds: [ [32m'68bc24f7f115e8a75b9bc4f6'[39m ]
  },
  {
    id: [32m'68d00a4ca603b14c06a1f862'[39m,
    date: [32m'2025-09-21'[39m,
    time: [32m'19:53:08.406'[39m,
    type: [32m'debit'[39m,
    category: [32m'Food'[39m,
    amount: [33m100[39m,
    reimbursable: [33mfalse[39m,
    comments: [32m'Mosambi+Chinku'[39m,
    runningBalance: [33m2879379.96[39m,
    labelIds: [ [32m'68bc24faf115e8a75b9bc4f7'[39m, [32m'68bc24faf115e8a75b9bc4f8'[39m ]
  },
  {
    id: [32m'68eab27a054cd6fb2be1cd8c'[39m,
    date: [32m'2025-09-20'[39m,
    time: [32m'01:09:38.721'[39m,
    type: [32m'credit'[39m,
    category: [32m'Health'[39m,
    amount: [33m2000[39m,
    reimbursable: [33mfalse[39m,
    comments: [32m'Automation Testing'[39m,
    runningBalance: [33m2879479.96[39m,
    labelIds: [ [32m'68bc24f7f115e8a75b9bc4f6'[39m ]
  },
  {
    id: [32m'68eab10f054cd6fb2be1cd8b'[39m,
    date: [32m'2025-09-20'[39m,
    time: [32m'01:03:35.58'[39m,
    type: [32m'credit'[39m,
    category: [32m'Health'[39m,
    amount: [33m2000[39m,
    reimbursable: [33mfalse[39m,
    comments: [32m'Automation Testing'[39m,
    runningBalance: [33m2877479.96[39m,
    labelIds: [ [32m'68bc24f7f115e8a75b9bc4f6'[39m ]
  },
  {
    id: [32m'68eab02f054cd6fb2be1cd8a'[39m,
    date: [32m'2025-09-20'[39m,
    time: [32m'00:59:51.986'[39m,
    type: [32m'credit'[39m,
    category: [32m'Health'[39m,
    amount: [33m2000[39m,
    reimbursable: [33mfalse[39m,
    comments: [32m'Automation Testing'[39m,
    runningBalance: [33m2875479.96[39m,
    labelIds: [ [32m'68bc24f7f115e8a75b9bc4f6'[39m ]
  },
  {
    id: [32m'68eaaf85054cd6fb2be1cd89'[39m,
    date: [32m'2025-09-20'[39m,
    time: [32m'00:57:01.801'[39m,
    type: [32m'credit'[39m,
    category: [32m'Health'[39m,
    amount: [33m2000[39m,
    reimbursable: [33mfalse[39m,
    comments: [32m'Automation Testing'[39m,
    runningBalance: [33m2873479.96[39m,
    labelIds: [ [32m'68bc24f7f115e8a75b9bc4f6'[39m ]
  },
  {
    id: [32m'68eaaf43054cd6fb2be1cd88'[39m,
    date: [32m'2025-09-20'[39m,
    time: [32m'00:55:55.527'[39m,
    type: [32m'credit'[39m,
    category: [32m'Health'[39m,
    amount: [33m2000[39m,
    reimbursable: [33mfalse[39m,
    comments: [32m'Automation Testing'[39m,
    runningBalance: [33m2871479.96[39m,
    labelIds: [ [32m'68bc24f7f115e8a75b9bc4f6'[39m ]
  },
  {
    id: [32m'68eaaf11054cd6fb2be1cd87'[39m,
    date: [32m'2025-09-20'[39m,
    time: [32m'00:55:05.915'[39m,
    type: [32m'credit'[39m,
    category: [32m'Health'[39m,
    amount: [33m2000[39m,
    reimbursable: [33mfalse[39m,
    comments: [32m'Automation Testing'[39m,
    runningBalance: [33m2869479.96[39m,
    labelIds: [ [32m'68bc24f7f115e8a75b9bc4f6'[39m ]
  },
  {
    id: [32m'68eaaeb1054cd6fb2be1cd86'[39m,
    date: [32m'2025-09-20'[39m,
    time: [32m'00:53:29.186'[39m,
    type: [32m'credit'[39m,
    category: [32m'Health'[39m,
    amount: [33m2000[39m,
    reimbursable: [33mfalse[39m,
    comments: [32m'Automation Testing'[39m,
    runningBalance: [33m2867479.96[39m,
    labelIds: [ [32m'68bc24f7f115e8a75b9bc4f6'[39m ]
  },
  ... 171 more items
]
----------------------------------------------------------------------------------------------------
Total Transaction Entries: 271
Food Category: 123
Transport Category: 18
]]>
</system-out>
</testcase>
<testcase name="🌐 API Testing Suite › 💳 Transaction Feature › PUT | Update Debit Transaction" classname="Tests/FinanceTracker.test.js" time="0.484">
<system-out>
<![CDATA[🔄 Verifying: Update Transaction API for debit...
🛠️ Sending PUT request to: http://localhost:8080/api/transactions/68ed379ef1281edacf27bbbc
✅ Payload: {
  "date": "2025-10-10",
  "type": "debit",
  "category": "Bank Charges",
  "amount": "10",
  "reimbursable": "N",
  "comments": "Testing update",
  "labelIds": [
    "68bc24f7f115e8a75b9bc4f6"
  ]
}
🔁 Status Code: [33m200[39m
⏱️ Response Time: 479 ms
📦 Response Size: 0.24 KB
🧾 PUT Response: {
  id: [32m'68ed379ef1281edacf27bbbc'[39m,
  date: [32m'2025-10-10'[39m,
  time: [32m'23:02:14.758'[39m,
  type: [32m'debit'[39m,
  category: [32m'Bank Charges'[39m,
  amount: [33m10[39m,
  reimbursable: [33mfalse[39m,
  comments: [32m'Testing update'[39m,
  runningBalance: [33m1618560.96[39m,
  labelIds: [ [32m'68bc24f7f115e8a75b9bc4f6'[39m ]
}
✅ PUT request updated successfully! Updated name: N/A
----------------------------------------------------------------------------------------------------
✅ Updated transaction ID: 68ed379ef1281edacf27bbbc with type: debit
]]>
</system-out>
</testcase>
<testcase name="🌐 API Testing Suite › 💳 Transaction Feature › DELETE | Delete Debit Transaction" classname="Tests/FinanceTracker.test.js" time="0.29">
<system-out>
<![CDATA[🔄 Verifying: Delete Transaction API for debit...
🗑️ Sending DELETE request to: http://localhost:8080/api/transactions/68ed379ef1281edacf27bbbc
🔁 Status Code: [33m204[39m
⏱️ Response Time: 288 ms
📦 Response Size: 0.00 KB
🧾 DELETE Response: <empty>
----------------------------------------------------------------------------------------------------
✅ Deleted transaction ID: 68ed379ef1281edacf27bbbc for type: debit
]]>
</system-out>
</testcase>
<testcase name="🌐 API Testing Suite › 💳 Transaction Feature › POST | Credit Transaction" classname="Tests/FinanceTracker.test.js" time="0.184">
<system-out>
<![CDATA[🔄 Verifying: Post Transaction API for credit...
✅ Payload: {
  "date": "2025-10-10",
  "type": "credit",
  "category": "Gift/Donation",
  "amount": "10",
  "reimbursable": "N",
  "comments": "testing",
  "labelIds": [
    "68bc24faf115e8a75b9bc4f8",
    "68bc24f7f115e8a75b9bc4f6"
  ]
}
⏱️ Response Time: 182 ms
🔁 Status Code: [33m200[39m
📦 Response Size: 0.27 KB
🧾 JSON Response: {
  id: [32m'68ed379ff1281edacf27bbbd'[39m,
  date: [32m'2025-10-10'[39m,
  time: [32m'23:02:15.517566'[39m,
  type: [32m'credit'[39m,
  category: [32m'Gift/Donation'[39m,
  amount: [33m10[39m,
  reimbursable: [33mfalse[39m,
  comments: [32m'testing'[39m,
  runningBalance: [33m1616570.96[39m,
  labelIds: [ [32m'68bc24faf115e8a75b9bc4f8'[39m, [32m'68bc24f7f115e8a75b9bc4f6'[39m ]
}
----------------------------------------------------------------------------------------------------
🔑 Global Transaction ID set: 68ed379ff1281edacf27bbbd
]]>
</system-out>
</testcase>
<testcase name="🌐 API Testing Suite › 💳 Transaction Feature › PUT | Update Credit Transaction" classname="Tests/FinanceTracker.test.js" time="0.257">
<system-out>
<![CDATA[🔄 Verifying: Update Transaction API for credit...
🛠️ Sending PUT request to: http://localhost:8080/api/transactions/68ed379ff1281edacf27bbbd
✅ Payload: {
  "date": "2025-10-10",
  "type": "credit",
  "category": "Bank Charges",
  "amount": "10",
  "reimbursable": "N",
  "comments": "Testing update",
  "labelIds": [
    "68bc24f7f115e8a75b9bc4f6"
  ]
}
🔁 Status Code: [33m200[39m
⏱️ Response Time: 255 ms
📦 Response Size: 0.24 KB
🧾 PUT Response: {
  id: [32m'68ed379ff1281edacf27bbbd'[39m,
  date: [32m'2025-10-10'[39m,
  time: [32m'23:02:15.624'[39m,
  type: [32m'credit'[39m,
  category: [32m'Bank Charges'[39m,
  amount: [33m10[39m,
  reimbursable: [33mfalse[39m,
  comments: [32m'Testing update'[39m,
  runningBalance: [33m1618580.96[39m,
  labelIds: [ [32m'68bc24f7f115e8a75b9bc4f6'[39m ]
}
✅ PUT request updated successfully! Updated name: N/A
----------------------------------------------------------------------------------------------------
✅ Updated transaction ID: 68ed379ff1281edacf27bbbd with type: credit
]]>
</system-out>
</testcase>
<testcase name="🌐 API Testing Suite › 💳 Transaction Feature › DELETE | Delete Credit Transaction" classname="Tests/FinanceTracker.test.js" time="0.419">
<system-out>
<![CDATA[🔄 Verifying: Delete Transaction API for credit...
🗑️ Sending DELETE request to: http://localhost:8080/api/transactions/68ed379ff1281edacf27bbbd
🔁 Status Code: [33m204[39m
⏱️ Response Time: 417 ms
📦 Response Size: 0.00 KB
🧾 DELETE Response: <empty>
----------------------------------------------------------------------------------------------------
✅ Deleted transaction ID: 68ed379ff1281edacf27bbbd for type: credit
]]>
</system-out>
</testcase>
<testcase name="🧩 Login Scenarios › POST | Login through API" classname="Tests/FinanceTracker.test.js" time="2.063">
<system-out>
<![CDATA[🔄 Verifying: Post Login API...
✅ Payload: {
  "email": "pratiknarute2@gmail.com",
  "password": "Pratik@1234"
}
⏱️ Response Time: 175 ms
🔁 Status Code: [33m200[39m
📦 Response Size: 0.20 KB
🧾 JSON Response: {
  message: [32m'Logged in successfully'[39m,
  token: [32m'eyJhbGciOiJIUzI1NiJ9.eyJzdWIiOiJwcmF0aWtuYXJ1dGUyQGdtYWlsLmNvbSIsImlhdCI6MTc2MDM3NjczNSwiZXhwIjoxNzYyOTY4NzM1fQ.xPJn9gsaPwCw0wY1fEgcE_IDVHwDtzVaU6IhW82o8yY'[39m
}
----------------------------------------------------------------------------------------------------
🔍 Verifying: Post Login Message
Actual: Logged in successfully | Expected: Logged in successfully
----------------------------------------------------------------------------------------------------
🔑 Global token set: eyJhbGciOiJIUzI1NiJ9.eyJzdWIiOiJwcmF0aWtuYXJ1dGUyQGdtYWlsLmNvbSIsImlhdCI6MTc2MDM3NjczNSwiZXhwIjoxNzYyOTY4NzM1fQ.xPJn9gsaPwCw0wY1fEgcE_IDVHwDtzVaU6IhW82o8yY
🌐 Navigating to URL: [http://localhost:3000/expense-tracker]...
✅ Successfully navigated to: [http://localhost:3000/expense-tracker]
⏳ Time taken: 0.26 sec
----------------------------------------------------------------------------------------------------
]]>
</system-out>
</testcase>
<testcase name="🧩 Login Scenarios › UI | Login with Valid Credentials" classname="Tests/FinanceTracker.test.js" time="2.051">
<system-out>
<![CDATA[🌐 Navigating to URL: [http://localhost:3000/login]...
✅ Successfully navigated to: [http://localhost:3000/login]
⏳ Time taken: 0.43 sec
----------------------------------------------------------------------------------------------------
🔄 Filling: Email Input...
✅ Filled [Email Input] with value: pratiknarute2@gmail.com
⏳ Time taken: 0.03 sec
----------------------------------------------------------------------------------------------------
🔄 Filling: Password Input...
✅ Filled [Password Input] with value: Pratik@1234
⏳ Time taken: 0.05 sec
----------------------------------------------------------------------------------------------------
🔄 Clicking: Login Button...
✅ Clicked [Login Button]
⏳ Time taken: 0.02 sec
----------------------------------------------------------------------------------------------------
🔄 Verifying: Login Success Message...
✅ Found [Login Success Message]
⏳ Time taken: 0.27 sec
----------------------------------------------------------------------------------------------------
🔍 Verifying: Login Success Message
Actual: true | Expected: true
----------------------------------------------------------------------------------------------------
]]>
</system-out>
</testcase>
<testcase name="🧩 Login Scenarios › UI | Login with Invalid Credentials" classname="Tests/FinanceTracker.test.js" time="1.421">
<system-out>
<![CDATA[🌐 Navigating to URL: [http://localhost:3000/login]...
✅ Successfully navigated to: [http://localhost:3000/login]
⏳ Time taken: 0.42 sec
----------------------------------------------------------------------------------------------------
🔄 Filling: Email Input...
✅ Filled [Email Input] with value: pratiknarute2@gmail.com
⏳ Time taken: 0.12 sec
----------------------------------------------------------------------------------------------------
🔄 Filling: Password Input...
✅ Filled [Password Input] with value: 123
⏳ Time taken: 0.02 sec
----------------------------------------------------------------------------------------------------
🔄 Clicking: Login Button...
✅ Clicked [Login Button]
⏳ Time taken: 0.02 sec
----------------------------------------------------------------------------------------------------
🔄 Verifying: Text Error Message: Invalid email or password...
✅ Found [Text Error Message: Invalid email or password]
⏳ Time taken: 0.29 sec
----------------------------------------------------------------------------------------------------
🔄 Verifying: Toaster Error Message: Invalid email or password...
✅ Found [Toaster Error Message: Invalid email or password]
⏳ Time taken: 0.00 sec
----------------------------------------------------------------------------------------------------
🔍 Verifying: Text Error Message: Invalid email or password
Actual: true | Expected: true
----------------------------------------------------------------------------------------------------
🔍 Verifying: Toaster Error Message: Invalid email or password
Actual: true | Expected: true
----------------------------------------------------------------------------------------------------
]]>
</system-out>
</testcase>
<testcase name="Arthmatical Calculation › UI | Table calculations" classname="Tests/FinanceTracker.test.js" time="64.719">
<system-out>
<![CDATA[🔄 Verifying: Post Login API...
✅ Payload: {
  "email": "pratiknarute2@gmail.com",
  "password": "Pratik@1234"
}
⏱️ Response Time: 168 ms
🔁 Status Code: [33m200[39m
📦 Response Size: 0.20 KB
🧾 JSON Response: {
  message: [32m'Logged in successfully'[39m,
  token: [32m'eyJhbGciOiJIUzI1NiJ9.eyJzdWIiOiJwcmF0aWtuYXJ1dGUyQGdtYWlsLmNvbSIsImlhdCI6MTc2MDM3NjczOSwiZXhwIjoxNzYyOTY4NzM5fQ.7SkG8nm8jKEtWMYXhIwoO41_uywll83Nio8VEzQhfo8'[39m
}
----------------------------------------------------------------------------------------------------
🔍 Verifying: Post Login Message
Actual: Logged in successfully | Expected: Logged in successfully
----------------------------------------------------------------------------------------------------
🔑 Global token set: eyJhbGciOiJIUzI1NiJ9.eyJzdWIiOiJwcmF0aWtuYXJ1dGUyQGdtYWlsLmNvbSIsImlhdCI6MTc2MDM3NjczOSwiZXhwIjoxNzYyOTY4NzM5fQ.7SkG8nm8jKEtWMYXhIwoO41_uywll83Nio8VEzQhfo8
🌐 Navigating to URL: [http://localhost:3000/expense-tracker]...
✅ Successfully navigated to: [http://localhost:3000/expense-tracker]
⏳ Time taken: 0.23 sec
----------------------------------------------------------------------------------------------------
Debit: 10 = (0 + 10)
Debit: 1010 = (10 + 1000)
Debit: 2010 = (1010 + 1000)
Debit: 2020 = (2010 + 10)
Debit: 2030 = (2020 + 10)
Debit: 2196 = (2030 + 166)
Debit: 22196 = (2196 + 20000)
Debit: 23196 = (22196 + 1000)
Debit: 24196 = (23196 + 1000)
Debit: 25196 = (24196 + 1000)
Debit: 26196 = (25196 + 1000)
Credit: 10 = (0 + 10)
Credit: 20 = (10 + 10)
Credit: 30 = (20 + 10)
Credit: 40 = (30 + 10)
🔄 Clicking: Pagination Next: 2...
✅ Clicked [Pagination Next: 2]
⏳ Time taken: 0.03 sec
----------------------------------------------------------------------------------------------------
Debit: 27196 = (26196 + 1000)
Debit: 28196 = (27196 + 1000)
Debit: 29196 = (28196 + 1000)
Debit: 30196 = (29196 + 1000)
Debit: 31196 = (30196 + 1000)
Debit: 31446 = (31196 + 250)
Debit: 31626 = (31446 + 180)
Debit: 31691 = (31626 + 65)
Debit: 31741 = (31691 + 50)
Debit: 31911 = (31741 + 170)
Debit: 31976 = (31911 + 65)
Debit: 32046 = (31976 + 70)
Debit: 32076 = (32046 + 30)
Debit: 32126 = (32076 + 50)
Credit: 2540 = (40 + 2500)
🔄 Clicking: Pagination Next: 3...
✅ Clicked [Pagination Next: 3]
⏳ Time taken: 0.02 sec
----------------------------------------------------------------------------------------------------
Debit: 36426 = (32126 + 4300)
Debit: 36496 = (36426 + 70)
Debit: 36776 = (36496 + 280)
Debit: 41136 = (36776 + 4360)
Debit: 41326 = (41136 + 190)
Debit: 41371 = (41326 + 45)
Debit: 41501 = (41371 + 130)
Debit: 41776 = (41501 + 275)
Debit: 41866 = (41776 + 90)
Debit: 43171 = (41866 + 1305)
Debit: 43193 = (43171 + 22)
Debit: 43293 = (43193 + 100)
Debit: 43393 = (43293 + 100)
Credit: 5540 = (2540 + 3000)
Credit: 127832 = (5540 + 122292)
🔄 Clicking: Pagination Next: 4...
✅ Clicked [Pagination Next: 4]
⏳ Time taken: 0.02 sec
----------------------------------------------------------------------------------------------------
Debit: 43493 = (43393 + 100)
Debit: 43593 = (43493 + 100)
Debit: 43693 = (43593 + 100)
Debit: 43793 = (43693 + 100)
Debit: 43803 = (43793 + 10)
Debit: 56803 = (43803 + 13000)
Debit: 57153 = (56803 + 350)
Debit: 257153 = (57153 + 200000)
Debit: 656153 = (257153 + 399000)
Debit: 656253 = (656153 + 100)
Debit: 657253 = (656253 + 1000)
Debit: 857253 = (657253 + 200000)
Debit: 857503 = (857253 + 250)
Debit: 857563 = (857503 + 60)
Debit: 858213 = (857563 + 650)
🔄 Clicking: Pagination Next: 5...
✅ Clicked [Pagination Next: 5]
⏳ Time taken: 0.02 sec
----------------------------------------------------------------------------------------------------
Debit: 858338 = (858213 + 125)
Debit: 858538 = (858338 + 200)
Debit: 858688 = (858538 + 150)
Debit: 858888 = (858688 + 200)
Debit: 860388 = (858888 + 1500)
Debit: 1160388 = (860388 + 300000)
Debit: 1160488 = (1160388 + 100)
Debit: 1160538 = (1160488 + 50)
Debit: 1160556 = (1160538 + 18)
Debit: 1320556 = (1160556 + 160000)
Debit: 1320756 = (1320556 + 200)
Debit: 1320856 = (1320756 + 100)
Debit: 1320916 = (1320856 + 60)
Debit: 1321016 = (1320916 + 100)
Debit: 1321076 = (1321016 + 60)
🔄 Clicking: Pagination Next: 6...
✅ Clicked [Pagination Next: 6]
⏳ Time taken: 0.02 sec
----------------------------------------------------------------------------------------------------
Debit: 1361076 = (1321076 + 40000)
Debit: 1376076 = (1361076 + 15000)
Debit: 1391076 = (1376076 + 15000)
Debit: 1392276 = (1391076 + 1200)
Debit: 1393876 = (1392276 + 1600)
Debit: 1394376 = (1393876 + 500)
Debit: 1394421 = (1394376 + 45)
Debit: 1394604 = (1394421 + 183)
Debit: 1395204 = (1394604 + 600)
Debit: 1395460 = (1395204 + 256)
Debit: 1395700 = (1395460 + 240)
Debit: 1396700 = (1395700 + 1000)
Debit: 1396880 = (1396700 + 180)
Debit: 1398450 = (1396880 + 1570)
Credit: 135832 = (127832 + 8000)
🔄 Clicking: Pagination Next: 7...
✅ Clicked [Pagination Next: 7]
⏳ Time taken: 0.02 sec
----------------------------------------------------------------------------------------------------
Debit: 1398651 = (1398450 + 201)
Debit: 1398751 = (1398651 + 100)
Credit: 137832 = (135832 + 2000)
Credit: 139832 = (137832 + 2000)
Credit: 141832 = (139832 + 2000)
Credit: 143832 = (141832 + 2000)
Credit: 145832 = (143832 + 2000)
Credit: 147832 = (145832 + 2000)
Credit: 149832 = (147832 + 2000)
Credit: 151832 = (149832 + 2000)
Credit: 153832 = (151832 + 2000)
Credit: 155832 = (153832 + 2000)
Credit: 157832 = (155832 + 2000)
Credit: 158832 = (157832 + 1000)
Credit: 159832 = (158832 + 1000)
🔄 Clicking: Pagination Next: 8...
✅ Clicked [Pagination Next: 8]
⏳ Time taken: 0.02 sec
----------------------------------------------------------------------------------------------------
Debit: 1399751 = (1398751 + 1000)
Debit: 1399871 = (1399751 + 120)
Debit: 1399881 = (1399871 + 10)
Debit: 1399951 = (1399881 + 70)
Debit: 1400191 = (1399951 + 240)
Debit: 1402191 = (1400191 + 2000)
Debit: 1402251 = (1402191 + 60)
Debit: 1402296 = (1402251 + 45)
Debit: 1402436 = (1402296 + 140)
Debit: 1402566 = (1402436 + 130)
Debit: 1402751 = (1402566 + 185)
Debit: 1402831 = (1402751 + 80)
Credit: 160832 = (159832 + 1000)
Credit: 161832 = (160832 + 1000)
Credit: 161882 = (161832 + 50)
🔄 Clicking: Pagination Next: 9...
✅ Clicked [Pagination Next: 9]
⏳ Time taken: 0.02 sec
----------------------------------------------------------------------------------------------------
Debit: 1405331 = (1402831 + 2500)
Debit: 1405366 = (1405331 + 35)
Debit: 1405386 = (1405366 + 20)
Debit: 1405610 = (1405386 + 224)
Debit: 1405665 = (1405610 + 55)
Debit: 1405701 = (1405665 + 36)
Debit: 1405846 = (1405701 + 145)
Debit: 1406696 = (1405846 + 850)
Debit: 1456696 = (1406696 + 50000)
Debit: 1456746 = (1456696 + 50)
Debit: 1506746 = (1456746 + 50000)
Debit: 1506791 = (1506746 + 45)
Debit: 1506841 = (1506791 + 50)
Debit: 1507084 = (1506841 + 243)
Credit: 171882 = (161882 + 10000)
🔄 Clicking: Pagination Next: 10...
✅ Clicked [Pagination Next: 10]
⏳ Time taken: 0.02 sec
----------------------------------------------------------------------------------------------------
Debit: 1507164 = (1507084 + 80)
Debit: 1516125 = (1507164 + 8961)
Debit: 1516209 = (1516125 + 84)
Debit: 1524209 = (1516209 + 8000)
Debit: 1524467 = (1524209 + 258)
Debit: 1524477 = (1524467 + 10)
Debit: 1524522 = (1524477 + 45)
Debit: 1524567 = (1524522 + 45)
Debit: 1524613 = (1524567 + 46)
Debit: 1525243 = (1524613 + 630)
Debit: 1525363 = (1525243 + 120)
Debit: 1525387 = (1525363 + 24)
Debit: 1526052 = (1525387 + 665)
Credit: 176882 = (171882 + 5000)
Credit: 177547 = (176882 + 665)
🔄 Clicking: Pagination Next: 11...
✅ Clicked [Pagination Next: 11]
⏳ Time taken: 0.02 sec
----------------------------------------------------------------------------------------------------
Debit: 1526717 = (1526052 + 665)
Debit: 1526738 = (1526717 + 21)
Debit: 1526835 = (1526738 + 97)
Debit: 1528835 = (1526835 + 2000)
Debit: 1528945 = (1528835 + 110)
Debit: 1528965 = (1528945 + 20)
Debit: 1529055 = (1528965 + 90)
Debit: 1529135 = (1529055 + 80)
Debit: 1529410 = (1529135 + 275)
Debit: 1529460 = (1529410 + 50)
Debit: 1529535 = (1529460 + 75)
Debit: 1529584 = (1529535 + 49)
Debit: 1529644 = (1529584 + 60)
Debit: 1530214 = (1529644 + 570)
Credit: 299839 = (177547 + 122292)
🔄 Clicking: Pagination Next: 12...
✅ Clicked [Pagination Next: 12]
⏳ Time taken: 0.01 sec
----------------------------------------------------------------------------------------------------
Debit: 1530334 = (1530214 + 120)
Debit: 1530383 = (1530334 + 49)
Debit: 1531528 = (1530383 + 1145)
Debit: 1544533 = (1531528 + 13005)
Debit: 1544583 = (1544533 + 50)
Debit: 1544632 = (1544583 + 49)
Debit: 1544962 = (1544632 + 330)
Debit: 1545077 = (1544962 + 115)
Debit: 1545117 = (1545077 + 40)
Debit: 1547017 = (1545117 + 1900)
Debit: 1547037 = (1547017 + 20)
Debit: 1547537 = (1547037 + 500)
Debit: 1547587 = (1547537 + 50)
Debit: 1589587 = (1547587 + 42000)
Credit: 3149839 = (299839 + 2850000)
🔄 Clicking: Pagination Next: 13...
✅ Clicked [Pagination Next: 13]
⏳ Time taken: 0.02 sec
----------------------------------------------------------------------------------------------------
Debit: 1589611 = (1589587 + 24)
Debit: 1590611 = (1589611 + 1000)
Debit: 1599211 = (1590611 + 8600)
Debit: 1600211 = (1599211 + 1000)
Debit: 1600311 = (1600211 + 100)
Debit: 1600351 = (1600311 + 40)
Debit: 1600421 = (1600351 + 70)
Debit: 1600891 = (1600421 + 470)
Debit: 1600991 = (1600891 + 100)
Debit: 1602803 = (1600991 + 1812)
Debit: 1603063 = (1602803 + 260)
Debit: 1603113 = (1603063 + 50)
Debit: 1603223 = (1603113 + 110)
Debit: 1603273 = (1603223 + 50)
Debit: 1603473 = (1603273 + 200)
🔄 Clicking: Pagination Next: 14...
✅ Clicked [Pagination Next: 14]
⏳ Time taken: 0.02 sec
----------------------------------------------------------------------------------------------------
Debit: 1603593 = (1603473 + 120)
Debit: 1603642 = (1603593 + 49)
Debit: 1605642 = (1603642 + 2000)
Debit: 1606504 = (1605642 + 862)
Debit: 1606574 = (1606504 + 70)
Debit: 1608447 = (1606574 + 1873)
Debit: 1608747 = (1608447 + 300)
Debit: 1609647 = (1608747 + 900)
Debit: 1610547 = (1609647 + 900)
Debit: 1610867 = (1610547 + 320)
Debit: 1611137 = (1610867 + 270)
Debit: 1611337 = (1611137 + 200)
Debit: 1611412 = (1611337 + 75)
Debit: 1611447 = (1611412 + 35)
Credit: 3150072 = (3149839 + 233)
🔄 Clicking: Pagination Next: 15...
✅ Clicked [Pagination Next: 15]
⏳ Time taken: 0.02 sec
----------------------------------------------------------------------------------------------------
Debit: 1611517 = (1611447 + 70)
Debit: 1611592 = (1611517 + 75)
Debit: 1611662 = (1611592 + 70)
Debit: 1611737 = (1611662 + 75)
Debit: 1611787 = (1611737 + 50)
Debit: 1611832 = (1611787 + 45)
Debit: 1611877 = (1611832 + 45)
Debit: 1611987 = (1611877 + 110)
Debit: 1612287 = (1611987 + 300)
Debit: 1612377 = (1612287 + 90)
Debit: 1613327 = (1612377 + 950)
Debit: 1613417 = (1613327 + 90)
Debit: 1613650 = (1613417 + 233)
Debit: 1614000 = (1613650 + 350)
Credit: 3160072 = (3150072 + 10000)
🔄 Clicking: Pagination Next: 16...
✅ Clicked [Pagination Next: 16]
⏳ Time taken: 0.02 sec
----------------------------------------------------------------------------------------------------
Debit: 1615500 = (1614000 + 1500)
Debit: 1615650 = (1615500 + 150)
Debit: 1615955.04 = (1615650 + 305.04)
Debit: 1616275.04 = (1615955.04 + 320)
Debit: 1617375.04 = (1616275.04 + 1100)
Debit: 1617875.04 = (1617375.04 + 500)
Debit: 1617975.04 = (1617875.04 + 100)
Debit: 1618000.04 = (1617975.04 + 25)
Debit: 1620400.04 = (1618000.04 + 2400)
Debit: 1620475.04 = (1620400.04 + 75)
Debit: 1620540.04 = (1620475.04 + 65)
Debit: 1620585.04 = (1620540.04 + 45)
Debit: 1620630.04 = (1620585.04 + 45)
Debit: 1620830.04 = (1620630.04 + 200)
Credit: 3161572 = (3160072 + 1500)
🔄 Clicking: Pagination Next: 17...
✅ Clicked [Pagination Next: 17]
⏳ Time taken: 0.02 sec
----------------------------------------------------------------------------------------------------
Debit: 1620901.04 = (1620830.04 + 71)
Debit: 1621651.04 = (1620901.04 + 750)
Debit: 1621881.04 = (1621651.04 + 230)
Debit: 1622071.04 = (1621881.04 + 190)
Debit: 1622161.04 = (1622071.04 + 90)
Debit: 1642161.04 = (1622161.04 + 20000)
Debit: 1642179.04 = (1642161.04 + 18)
Debit: 1642279.04 = (1642179.04 + 100)
Debit: 1642293.04 = (1642279.04 + 14)
Debit: 1642993.04 = (1642293.04 + 700)
Debit: 1643103.04 = (1642993.04 + 110)
Debit: 1645603.04 = (1643103.04 + 2500)
Debit: 1645668.04 = (1645603.04 + 65)
Debit: 1645713.04 = (1645668.04 + 45)
Debit: 1645743.04 = (1645713.04 + 30)
🔄 Clicking: Pagination Next: 18...
✅ Clicked [Pagination Next: 18]
⏳ Time taken: 0.02 sec
----------------------------------------------------------------------------------------------------
Debit: 1645788.04 = (1645743.04 + 45)
Debit: 1645823.04 = (1645788.04 + 35)
Debit: 1645923.04 = (1645823.04 + 100)
Debit: 1645968.04 = (1645923.04 + 45)
Debit: 1646098.04 = (1645968.04 + 130)
Debit: 1716098.04 = (1646098.04 + 70000)
Debit: 1716116.04 = (1716098.04 + 18)
Debit: 1716161.04 = (1716116.04 + 45)
Debit: 1716921.04 = (1716161.04 + 760)
Debit: 1717011.04 = (1716921.04 + 90)
Debit: 1727011.04 = (1717011.04 + 10000)
Debit: 1732011.04 = (1727011.04 + 5000)
Debit: 1747011.04 = (1732011.04 + 15000)
Credit: 3283572 = (3161572 + 122000)
Credit: 3313572 = (3283572 + 30000)
✅ Processed 18 pages successfully.
💰 Total Debit Amount: 1747011.04 | Total Credit Amount: 3313572.00 
🔄 Verifying: Get Opening Balance API...
🌐 Sending GET request to: http://localhost:8080/api/transactions/opening-balance
🔁 Status Code: [33m200[39m
⏱️ Response Time: 57 ms
📦 Response Size: 0.01 KB
🧾 GET Response: [33m50000[39m
----------------------------------------------------------------------------------------------------
🔍 Verifying: Summary Total expense balance matching
Actual: 1747011.04 | Expected: 1747011.04
----------------------------------------------------------------------------------------------------
🔍 Verifying: Summary Total income balance matching
Actual: 3313572.00 | Expected: 3313572.00
----------------------------------------------------------------------------------------------------
🔍 Verifying: Summary Current balance matching
Actual: 1616560.96 | Expected: 1616560.96
----------------------------------------------------------------------------------------------------
🔍 Verifying: Current Balance of row: 15 for Page No: 18
Actual: 80000 | Expected: 80000
----------------------------------------------------------------------------------------------------
Page No: 18 | Row No: 15 | Credit: 30000 | Current Balance: 80000
----------------------------------------------------------------------------------------------------
🔍 Verifying: Current Balance of row: 14 for Page No: 18
Actual: 65000 | Expected: 65000
----------------------------------------------------------------------------------------------------
Page No: 18 | Row No: 14 | Debit: 15000 | Current Balance: 65000
----------------------------------------------------------------------------------------------------
🔍 Verifying: Current Balance of row: 13 for Page No: 18
Actual: 60000 | Expected: 60000
----------------------------------------------------------------------------------------------------
Page No: 18 | Row No: 13 | Debit: 5000 | Current Balance: 60000
----------------------------------------------------------------------------------------------------
🔍 Verifying: Current Balance of row: 12 for Page No: 18
Actual: 50000 | Expected: 50000
----------------------------------------------------------------------------------------------------
Page No: 18 | Row No: 12 | Debit: 10000 | Current Balance: 50000
----------------------------------------------------------------------------------------------------
🔍 Verifying: Current Balance of row: 11 for Page No: 18
Actual: 49910 | Expected: 49910
----------------------------------------------------------------------------------------------------
Page No: 18 | Row No: 11 | Debit: 90 | Current Balance: 49910
----------------------------------------------------------------------------------------------------
🔍 Verifying: Current Balance of row: 10 for Page No: 18
Actual: 49150 | Expected: 49150
----------------------------------------------------------------------------------------------------
Page No: 18 | Row No: 10 | Debit: 760 | Current Balance: 49150
----------------------------------------------------------------------------------------------------
🔍 Verifying: Current Balance of row: 9 for Page No: 18
Actual: 49105 | Expected: 49105
----------------------------------------------------------------------------------------------------
Page No: 18 | Row No: 9 | Debit: 45 | Current Balance: 49105
----------------------------------------------------------------------------------------------------
🔍 Verifying: Current Balance of row: 8 for Page No: 18
Actual: 49087 | Expected: 49087
----------------------------------------------------------------------------------------------------
Page No: 18 | Row No: 8 | Debit: 18 | Current Balance: 49087
----------------------------------------------------------------------------------------------------
🔍 Verifying: Current Balance of row: 7 for Page No: 18
Actual: 171087 | Expected: 171087
----------------------------------------------------------------------------------------------------
Page No: 18 | Row No: 7 | Credit: 122000 | Current Balance: 171087
----------------------------------------------------------------------------------------------------
🔍 Verifying: Current Balance of row: 6 for Page No: 18
Actual: 101087 | Expected: 101087
----------------------------------------------------------------------------------------------------
Page No: 18 | Row No: 6 | Debit: 70000 | Current Balance: 101087
----------------------------------------------------------------------------------------------------
🔍 Verifying: Current Balance of row: 5 for Page No: 18
Actual: 100957 | Expected: 100957
----------------------------------------------------------------------------------------------------
Page No: 18 | Row No: 5 | Debit: 130 | Current Balance: 100957
----------------------------------------------------------------------------------------------------
🔍 Verifying: Current Balance of row: 4 for Page No: 18
Actual: 100912 | Expected: 100912
----------------------------------------------------------------------------------------------------
Page No: 18 | Row No: 4 | Debit: 45 | Current Balance: 100912
----------------------------------------------------------------------------------------------------
🔍 Verifying: Current Balance of row: 3 for Page No: 18
Actual: 100812 | Expected: 100812
----------------------------------------------------------------------------------------------------
Page No: 18 | Row No: 3 | Debit: 100 | Current Balance: 100812
----------------------------------------------------------------------------------------------------
🔍 Verifying: Current Balance of row: 2 for Page No: 18
Actual: 100777 | Expected: 100777
----------------------------------------------------------------------------------------------------
Page No: 18 | Row No: 2 | Debit: 35 | Current Balance: 100777
----------------------------------------------------------------------------------------------------
🔍 Verifying: Current Balance of row: 1 for Page No: 18
Actual: 100732 | Expected: 100732
----------------------------------------------------------------------------------------------------
Page No: 18 | Row No: 1 | Debit: 45 | Current Balance: 100732
----------------------------------------------------------------------------------------------------
🔄 Clicking: Pagination Previous: 17...
✅ Clicked [Pagination Previous: 17]
⏳ Time taken: 0.01 sec
----------------------------------------------------------------------------------------------------
🔍 Verifying: Current Balance of row: 15 for Page No: 17
Actual: 100702 | Expected: 100702
----------------------------------------------------------------------------------------------------
Page No: 17 | Row No: 15 | Debit: 30 | Current Balance: 100702
----------------------------------------------------------------------------------------------------
🔍 Verifying: Current Balance of row: 14 for Page No: 17
Actual: 100657 | Expected: 100657
----------------------------------------------------------------------------------------------------
Page No: 17 | Row No: 14 | Debit: 45 | Current Balance: 100657
----------------------------------------------------------------------------------------------------
🔍 Verifying: Current Balance of row: 13 for Page No: 17
Actual: 100592 | Expected: 100592
----------------------------------------------------------------------------------------------------
Page No: 17 | Row No: 13 | Debit: 65 | Current Balance: 100592
[...]
Page No: 3 | Row No: 10 | Debit: 275 | Current Balance: 1530229.96
----------------------------------------------------------------------------------------------------
🔍 Verifying: Current Balance of row: 9 for Page No: 3
Actual: 1652521.96 | Expected: 1652521.96
----------------------------------------------------------------------------------------------------
Page No: 3 | Row No: 9 | Credit: 122292 | Current Balance: 1652521.96
----------------------------------------------------------------------------------------------------
🔍 Verifying: Current Balance of row: 8 for Page No: 3
Actual: 1652391.96 | Expected: 1652391.96
----------------------------------------------------------------------------------------------------
Page No: 3 | Row No: 8 | Debit: 130 | Current Balance: 1652391.96
----------------------------------------------------------------------------------------------------
🔍 Verifying: Current Balance of row: 7 for Page No: 3
Actual: 1652346.96 | Expected: 1652346.96
----------------------------------------------------------------------------------------------------
Page No: 3 | Row No: 7 | Debit: 45 | Current Balance: 1652346.96
----------------------------------------------------------------------------------------------------
🔍 Verifying: Current Balance of row: 6 for Page No: 3
Actual: 1652156.96 | Expected: 1652156.96
----------------------------------------------------------------------------------------------------
Page No: 3 | Row No: 6 | Debit: 190 | Current Balance: 1652156.96
----------------------------------------------------------------------------------------------------
🔍 Verifying: Current Balance of row: 5 for Page No: 3
Actual: 1647796.96 | Expected: 1647796.96
----------------------------------------------------------------------------------------------------
Page No: 3 | Row No: 5 | Debit: 4360 | Current Balance: 1647796.96
----------------------------------------------------------------------------------------------------
🔍 Verifying: Current Balance of row: 4 for Page No: 3
Actual: 1647516.96 | Expected: 1647516.96
----------------------------------------------------------------------------------------------------
Page No: 3 | Row No: 4 | Debit: 280 | Current Balance: 1647516.96
----------------------------------------------------------------------------------------------------
🔍 Verifying: Current Balance of row: 3 for Page No: 3
Actual: 1647446.96 | Expected: 1647446.96
----------------------------------------------------------------------------------------------------
Page No: 3 | Row No: 3 | Debit: 70 | Current Balance: 1647446.96
----------------------------------------------------------------------------------------------------
🔍 Verifying: Current Balance of row: 2 for Page No: 3
Actual: 1650446.96 | Expected: 1650446.96
----------------------------------------------------------------------------------------------------
Page No: 3 | Row No: 2 | Credit: 3000 | Current Balance: 1650446.96
----------------------------------------------------------------------------------------------------
🔍 Verifying: Current Balance of row: 1 for Page No: 3
Actual: 1646146.96 | Expected: 1646146.96
----------------------------------------------------------------------------------------------------
Page No: 3 | Row No: 1 | Debit: 4300 | Current Balance: 1646146.96
----------------------------------------------------------------------------------------------------
🔄 Clicking: Pagination Previous: 2...
✅ Clicked [Pagination Previous: 2]
⏳ Time taken: 0.01 sec
----------------------------------------------------------------------------------------------------
🔍 Verifying: Current Balance of row: 15 for Page No: 2
Actual: 1646096.96 | Expected: 1646096.96
----------------------------------------------------------------------------------------------------
Page No: 2 | Row No: 15 | Debit: 50 | Current Balance: 1646096.96
----------------------------------------------------------------------------------------------------
🔍 Verifying: Current Balance of row: 14 for Page No: 2
Actual: 1646066.96 | Expected: 1646066.96
----------------------------------------------------------------------------------------------------
Page No: 2 | Row No: 14 | Debit: 30 | Current Balance: 1646066.96
----------------------------------------------------------------------------------------------------
🔍 Verifying: Current Balance of row: 13 for Page No: 2
Actual: 1645996.96 | Expected: 1645996.96
----------------------------------------------------------------------------------------------------
Page No: 2 | Row No: 13 | Debit: 70 | Current Balance: 1645996.96
----------------------------------------------------------------------------------------------------
🔍 Verifying: Current Balance of row: 12 for Page No: 2
Actual: 1645931.96 | Expected: 1645931.96
----------------------------------------------------------------------------------------------------
Page No: 2 | Row No: 12 | Debit: 65 | Current Balance: 1645931.96
----------------------------------------------------------------------------------------------------
🔍 Verifying: Current Balance of row: 11 for Page No: 2
Actual: 1645761.96 | Expected: 1645761.96
----------------------------------------------------------------------------------------------------
Page No: 2 | Row No: 11 | Debit: 170 | Current Balance: 1645761.96
----------------------------------------------------------------------------------------------------
🔍 Verifying: Current Balance of row: 10 for Page No: 2
Actual: 1645711.96 | Expected: 1645711.96
----------------------------------------------------------------------------------------------------
Page No: 2 | Row No: 10 | Debit: 50 | Current Balance: 1645711.96
----------------------------------------------------------------------------------------------------
🔍 Verifying: Current Balance of row: 9 for Page No: 2
Actual: 1645646.96 | Expected: 1645646.96
----------------------------------------------------------------------------------------------------
Page No: 2 | Row No: 9 | Debit: 65 | Current Balance: 1645646.96
----------------------------------------------------------------------------------------------------
🔍 Verifying: Current Balance of row: 8 for Page No: 2
Actual: 1645466.96 | Expected: 1645466.96
----------------------------------------------------------------------------------------------------
Page No: 2 | Row No: 8 | Debit: 180 | Current Balance: 1645466.96
----------------------------------------------------------------------------------------------------
🔍 Verifying: Current Balance of row: 7 for Page No: 2
Actual: 1645216.96 | Expected: 1645216.96
----------------------------------------------------------------------------------------------------
Page No: 2 | Row No: 7 | Debit: 250 | Current Balance: 1645216.96
----------------------------------------------------------------------------------------------------
🔍 Verifying: Current Balance of row: 6 for Page No: 2
Actual: 1647716.96 | Expected: 1647716.96
----------------------------------------------------------------------------------------------------
Page No: 2 | Row No: 6 | Credit: 2500 | Current Balance: 1647716.96
----------------------------------------------------------------------------------------------------
🔍 Verifying: Current Balance of row: 5 for Page No: 2
Actual: 1646716.96 | Expected: 1646716.96
----------------------------------------------------------------------------------------------------
Page No: 2 | Row No: 5 | Debit: 1000 | Current Balance: 1646716.96
----------------------------------------------------------------------------------------------------
🔍 Verifying: Current Balance of row: 4 for Page No: 2
Actual: 1645716.96 | Expected: 1645716.96
----------------------------------------------------------------------------------------------------
Page No: 2 | Row No: 4 | Debit: 1000 | Current Balance: 1645716.96
----------------------------------------------------------------------------------------------------
🔍 Verifying: Current Balance of row: 3 for Page No: 2
Actual: 1644716.96 | Expected: 1644716.96
----------------------------------------------------------------------------------------------------
Page No: 2 | Row No: 3 | Debit: 1000 | Current Balance: 1644716.96
----------------------------------------------------------------------------------------------------
🔍 Verifying: Current Balance of row: 2 for Page No: 2
Actual: 1643716.96 | Expected: 1643716.96
----------------------------------------------------------------------------------------------------
Page No: 2 | Row No: 2 | Debit: 1000 | Current Balance: 1643716.96
----------------------------------------------------------------------------------------------------
🔍 Verifying: Current Balance of row: 1 for Page No: 2
Actual: 1642716.96 | Expected: 1642716.96
----------------------------------------------------------------------------------------------------
Page No: 2 | Row No: 1 | Debit: 1000 | Current Balance: 1642716.96
----------------------------------------------------------------------------------------------------
🔄 Clicking: Pagination Previous: 1...
✅ Clicked [Pagination Previous: 1]
⏳ Time taken: 0.02 sec
----------------------------------------------------------------------------------------------------
🔍 Verifying: Current Balance of row: 15 for Page No: 1
Actual: 1641716.96 | Expected: 1641716.96
----------------------------------------------------------------------------------------------------
Page No: 1 | Row No: 15 | Debit: 1000 | Current Balance: 1641716.96
----------------------------------------------------------------------------------------------------
🔍 Verifying: Current Balance of row: 14 for Page No: 1
Actual: 1640716.96 | Expected: 1640716.96
----------------------------------------------------------------------------------------------------
Page No: 1 | Row No: 14 | Debit: 1000 | Current Balance: 1640716.96
----------------------------------------------------------------------------------------------------
🔍 Verifying: Current Balance of row: 13 for Page No: 1
Actual: 1639716.96 | Expected: 1639716.96
----------------------------------------------------------------------------------------------------
Page No: 1 | Row No: 13 | Debit: 1000 | Current Balance: 1639716.96
----------------------------------------------------------------------------------------------------
🔍 Verifying: Current Balance of row: 12 for Page No: 1
Actual: 1638716.96 | Expected: 1638716.96
----------------------------------------------------------------------------------------------------
Page No: 1 | Row No: 12 | Debit: 1000 | Current Balance: 1638716.96
----------------------------------------------------------------------------------------------------
🔍 Verifying: Current Balance of row: 11 for Page No: 1
Actual: 1618716.96 | Expected: 1618716.96
----------------------------------------------------------------------------------------------------
Page No: 1 | Row No: 11 | Debit: 20000 | Current Balance: 1618716.96
----------------------------------------------------------------------------------------------------
🔍 Verifying: Current Balance of row: 10 for Page No: 1
Actual: 1618550.96 | Expected: 1618550.96
----------------------------------------------------------------------------------------------------
Page No: 1 | Row No: 10 | Debit: 166 | Current Balance: 1618550.96
----------------------------------------------------------------------------------------------------
🔍 Verifying: Current Balance of row: 9 for Page No: 1
Actual: 1618540.96 | Expected: 1618540.96
----------------------------------------------------------------------------------------------------
Page No: 1 | Row No: 9 | Debit: 10 | Current Balance: 1618540.96
----------------------------------------------------------------------------------------------------
🔍 Verifying: Current Balance of row: 8 for Page No: 1
Actual: 1618530.96 | Expected: 1618530.96
----------------------------------------------------------------------------------------------------
Page No: 1 | Row No: 8 | Debit: 10 | Current Balance: 1618530.96
----------------------------------------------------------------------------------------------------
🔍 Verifying: Current Balance of row: 7 for Page No: 1
Actual: 1618540.96 | Expected: 1618540.96
----------------------------------------------------------------------------------------------------
Page No: 1 | Row No: 7 | Credit: 10 | Current Balance: 1618540.96
----------------------------------------------------------------------------------------------------
🔍 Verifying: Current Balance of row: 6 for Page No: 1
Actual: 1618550.96 | Expected: 1618550.96
----------------------------------------------------------------------------------------------------
Page No: 1 | Row No: 6 | Credit: 10 | Current Balance: 1618550.96
----------------------------------------------------------------------------------------------------
🔍 Verifying: Current Balance of row: 5 for Page No: 1
Actual: 1618560.96 | Expected: 1618560.96
----------------------------------------------------------------------------------------------------
Page No: 1 | Row No: 5 | Credit: 10 | Current Balance: 1618560.96
----------------------------------------------------------------------------------------------------
🔍 Verifying: Current Balance of row: 4 for Page No: 1
Actual: 1618570.96 | Expected: 1618570.96
----------------------------------------------------------------------------------------------------
Page No: 1 | Row No: 4 | Credit: 10 | Current Balance: 1618570.96
----------------------------------------------------------------------------------------------------
🔍 Verifying: Current Balance of row: 3 for Page No: 1
Actual: 1617570.96 | Expected: 1617570.96
----------------------------------------------------------------------------------------------------
Page No: 1 | Row No: 3 | Debit: 1000 | Current Balance: 1617570.96
----------------------------------------------------------------------------------------------------
🔍 Verifying: Current Balance of row: 2 for Page No: 1
Actual: 1616570.96 | Expected: 1616570.96
----------------------------------------------------------------------------------------------------
Page No: 1 | Row No: 2 | Debit: 1000 | Current Balance: 1616570.96
----------------------------------------------------------------------------------------------------
🔍 Verifying: Current Balance of row: 1 for Page No: 1
Actual: 1616560.96 | Expected: 1616560.96
----------------------------------------------------------------------------------------------------
Page No: 1 | Row No: 1 | Debit: 10 | Current Balance: 1616560.96
----------------------------------------------------------------------------------------------------
]]>
</system-out>
</testcase>
<testcase name="Arthmatical Calculation › UI | Impact Calculation of Created transaction" classname="Tests/FinanceTracker.test.js" time="10.768">
<system-out>
<![CDATA[🔄 Verifying: Post Login API...
✅ Payload: {
  "email": "pratiknarute2@gmail.com",
  "password": "Pratik@1234"
}
⏱️ Response Time: 121 ms
🔁 Status Code: [33m200[39m
📦 Response Size: 0.20 KB
🧾 JSON Response: {
  message: [32m'Logged in successfully'[39m,
  token: [32m'eyJhbGciOiJIUzI1NiJ9.eyJzdWIiOiJwcmF0aWtuYXJ1dGUyQGdtYWlsLmNvbSIsImlhdCI6MTc2MDM3NjczOSwiZXhwIjoxNzYyOTY4NzM5fQ.7SkG8nm8jKEtWMYXhIwoO41_uywll83Nio8VEzQhfo8'[39m
}
----------------------------------------------------------------------------------------------------
🔍 Verifying: Post Login Message
Actual: Logged in successfully | Expected: Logged in successfully
----------------------------------------------------------------------------------------------------
🔑 Global token set: eyJhbGciOiJIUzI1NiJ9.eyJzdWIiOiJwcmF0aWtuYXJ1dGUyQGdtYWlsLmNvbSIsImlhdCI6MTc2MDM3NjczOSwiZXhwIjoxNzYyOTY4NzM5fQ.7SkG8nm8jKEtWMYXhIwoO41_uywll83Nio8VEzQhfo8
🌐 Navigating to URL: [http://localhost:3000/expense-tracker]...
✅ Successfully navigated to: [http://localhost:3000/expense-tracker]
⏳ Time taken: 0.22 sec
----------------------------------------------------------------------------------------------------
🔹 Creating debit transaction
🔄 Clicking: Add Entry...
✅ Clicked [Add Entry]
⏳ Time taken: 0.02 sec
----------------------------------------------------------------------------------------------------
🔄 Filling: Select Date...
✅ Filled [Select Date] with value: 2025-10-09
⏳ Time taken: 0.09 sec
----------------------------------------------------------------------------------------------------
🔄 Clicking: Debit...
✅ Clicked [Debit]
⏳ Time taken: 0.01 sec
----------------------------------------------------------------------------------------------------
🔄 Selecting [Food] from Categry Dropdown...
✅ Selected [Food] from Categry Dropdown
⏳ Time taken: 1.26 sec
----------------------------------------------------------------------------------------------------
🔄 Filling: Amount Field...
✅ Filled [Amount Field] with value: 1000
⏳ Time taken: 0.02 sec
----------------------------------------------------------------------------------------------------
🔄 Filling: Comment Field...
✅ Filled [Comment Field] with value: Automation Testing
⏳ Time taken: 0.02 sec
----------------------------------------------------------------------------------------------------
🔄 Clicking: Essentials...
✅ Clicked [Essentials]
⏳ Time taken: 0.01 sec
----------------------------------------------------------------------------------------------------
🔄 Clicking: Add Transaction...
✅ Clicked [Add Transaction]
⏳ Time taken: 0.01 sec
----------------------------------------------------------------------------------------------------
✅ debit transaction added successfully
🔄 Verifying: Transaction Added Message...
✅ Found [Transaction Added Message]
⏳ Time taken: 0.78 sec
----------------------------------------------------------------------------------------------------
🔍 Verifying: Transaction Added Message validation
Actual: true | Expected: true
----------------------------------------------------------------------------------------------------
🔍 Verifying: Current Balance summary impacted
Actual: 1615560.96 | Expected: 1615560.96
----------------------------------------------------------------------------------------------------
🔍 Verifying: Total Expenses summary impacted
Actual: 1748011.04 | Expected: 1748011.04
----------------------------------------------------------------------------------------------------
🔍 Verifying: Total Income summary impacted
Actual: 3313572 | Expected: 3313572
----------------------------------------------------------------------------------------------------
🔄 Clicking: Show Filter...
✅ Clicked [Show Filter]
⏳ Time taken: 0.02 sec
----------------------------------------------------------------------------------------------------
🔄 Filling: Start Date...
✅ Filled [Start Date] with value: 2025-10-09
⏳ Time taken: 0.04 sec
----------------------------------------------------------------------------------------------------
🔄 Filling: End Date...
✅ Filled [End Date] with value: 2025-10-09
⏳ Time taken: 0.04 sec
----------------------------------------------------------------------------------------------------
🔍 Verifying: Date validation
Actual: 2025-10-09 | Expected: 2025-10-09
----------------------------------------------------------------------------------------------------
🔍 Verifying: Category validation
Actual: Food | Expected: Food
----------------------------------------------------------------------------------------------------
🔍 Verifying: Label validation
Actual: Essentials | Expected: Essentials
----------------------------------------------------------------------------------------------------
🔍 Verifying: Debit Amount validation
Actual: 1000.00 | Expected: 1000.00
----------------------------------------------------------------------------------------------------
]]>
</system-out>
</testcase>
</testsuite>
</testsuites>