<testsuites id="" name="" tests="22" failures="0" skipped="21" errors="0" time="61.119594">
<testsuite name="Tests/FinanceTracker.test.js" timestamp="2025-10-12T13:49:53.585Z" hostname="" tests="22" failures="0" skipped="21" time="60.069" errors="0">
<testcase name="🌐 API Testing Suite › 🔐 Authentication › POST | Login API" classname="Tests/FinanceTracker.test.js" time="0">
<properties>
<property name="skip" value="">
</property>
</properties>
<skipped>
</skipped>
</testcase>
<testcase name="🌐 API Testing Suite › 🏷️ Label Feature › GET | Fetch Label API" classname="Tests/FinanceTracker.test.js" time="0">
<properties>
<property name="skip" value="">
</property>
</properties>
<skipped>
</skipped>
</testcase>
<testcase name="🌐 API Testing Suite › 🏷️ Label Feature › GET | Fetch Label Usage API" classname="Tests/FinanceTracker.test.js" time="0">
<properties>
<property name="skip" value="">
</property>
</properties>
<skipped>
</skipped>
</testcase>
<testcase name="🌐 API Testing Suite › 💵 Opening Balance Feature › GET | Opening Balance API" classname="Tests/FinanceTracker.test.js" time="0">
<properties>
<property name="skip" value="">
</property>
</properties>
<skipped>
</skipped>
</testcase>
<testcase name="🌐 API Testing Suite › 💰 Category Feature › POST | Create Debit Category" classname="Tests/FinanceTracker.test.js" time="0">
<properties>
<property name="skip" value="">
</property>
</properties>
<skipped>
</skipped>
</testcase>
<testcase name="🌐 API Testing Suite › 💰 Category Feature › GET | Fetch Categories" classname="Tests/FinanceTracker.test.js" time="0">
<properties>
<property name="skip" value="">
</property>
</properties>
<skipped>
</skipped>
</testcase>
<testcase name="🌐 API Testing Suite › 💰 Category Feature › PUT | Update Debit Category" classname="Tests/FinanceTracker.test.js" time="0">
<properties>
<property name="skip" value="">
</property>
</properties>
<skipped>
</skipped>
</testcase>
<testcase name="🌐 API Testing Suite › 💰 Category Feature › DELETE | Delete Debit Category" classname="Tests/FinanceTracker.test.js" time="0">
<properties>
<property name="skip" value="">
</property>
</properties>
<skipped>
</skipped>
</testcase>
<testcase name="🌐 API Testing Suite › 💰 Category Feature › POST | Create Credit Category" classname="Tests/FinanceTracker.test.js" time="0">
<properties>
<property name="skip" value="">
</property>
</properties>
<skipped>
</skipped>
</testcase>
<testcase name="🌐 API Testing Suite › 💰 Category Feature › PUT | Update Credit Category" classname="Tests/FinanceTracker.test.js" time="0">
<properties>
<property name="skip" value="">
</property>
</properties>
<skipped>
</skipped>
</testcase>
<testcase name="🌐 API Testing Suite › 💰 Category Feature › DELETE | Delete Credit Category" classname="Tests/FinanceTracker.test.js" time="0">
<properties>
<property name="skip" value="">
</property>
</properties>
<skipped>
</skipped>
</testcase>
<testcase name="🌐 API Testing Suite › 💳 Transaction Feature › POST | Debit Transaction" classname="Tests/FinanceTracker.test.js" time="0">
<properties>
<property name="skip" value="">
</property>
</properties>
<skipped>
</skipped>
</testcase>
<testcase name="🌐 API Testing Suite › 💳 Transaction Feature › GET | Fetch Transaction" classname="Tests/FinanceTracker.test.js" time="0">
<properties>
<property name="skip" value="">
</property>
</properties>
<skipped>
</skipped>
</testcase>
<testcase name="🌐 API Testing Suite › 💳 Transaction Feature › PUT | Update Debit Transaction" classname="Tests/FinanceTracker.test.js" time="0">
<properties>
<property name="skip" value="">
</property>
</properties>
<skipped>
</skipped>
</testcase>
<testcase name="🌐 API Testing Suite › 💳 Transaction Feature › DELETE | Delete Debit Transaction" classname="Tests/FinanceTracker.test.js" time="0">
<properties>
<property name="skip" value="">
</property>
</properties>
<skipped>
</skipped>
</testcase>
<testcase name="🌐 API Testing Suite › 💳 Transaction Feature › POST | Credit Transaction" classname="Tests/FinanceTracker.test.js" time="0">
<properties>
<property name="skip" value="">
</property>
</properties>
<skipped>
</skipped>
</testcase>
<testcase name="🌐 API Testing Suite › 💳 Transaction Feature › PUT | Update Credit Transaction" classname="Tests/FinanceTracker.test.js" time="0">
<properties>
<property name="skip" value="">
</property>
</properties>
<skipped>
</skipped>
</testcase>
<testcase name="🌐 API Testing Suite › 💳 Transaction Feature › DELETE | Delete Credit Transaction" classname="Tests/FinanceTracker.test.js" time="0">
<properties>
<property name="skip" value="">
</property>
</properties>
<skipped>
</skipped>
</testcase>
<testcase name="🧩 Login Scenarios › POST | Login through API" classname="Tests/FinanceTracker.test.js" time="0">
<properties>
<property name="skip" value="">
</property>
</properties>
<skipped>
</skipped>
</testcase>
<testcase name="🧩 Login Scenarios › UI | Login with Valid Credentials" classname="Tests/FinanceTracker.test.js" time="0">
<properties>
<property name="skip" value="">
</property>
</properties>
<skipped>
</skipped>
</testcase>
<testcase name="🧩 Login Scenarios › UI | Login with Invalid Credentials" classname="Tests/FinanceTracker.test.js" time="0">
<properties>
<property name="skip" value="">
</property>
</properties>
<skipped>
</skipped>
</testcase>
<testcase name="Arthmatical Calculation › UI | Table calculations" classname="Tests/FinanceTracker.test.js" time="60.069">
<system-out>
<![CDATA[🔄 Verifying: Post Login API...
✅ Payload: {
  "email": "pratiknarute2@gmail.com",
  "password": "Pratik@1234"
}
⏱️ Response Time: 104 ms
🔁 Status Code: [33m200[39m
📦 Response Size: 0.20 KB
🧾 JSON Response: {
  message: [32m'Logged in successfully'[39m,
  token: [32m'eyJhbGciOiJIUzI1NiJ9.eyJzdWIiOiJwcmF0aWtuYXJ1dGUyQGdtYWlsLmNvbSIsImlhdCI6MTc2MDI3Njk5NCwiZXhwIjoxNzYyODY4OTk0fQ.hbvt1sW-1E3O4uPd3uvz5xONextyapn04--24WOcIME'[39m
}
----------------------------------------------------------------------------------------------------
🔍 Verifying: Post Login Message
Actual: Logged in successfully | Expected: Logged in successfully
----------------------------------------------------------------------------------------------------
🔑 Global token set: eyJhbGciOiJIUzI1NiJ9.eyJzdWIiOiJwcmF0aWtuYXJ1dGUyQGdtYWlsLmNvbSIsImlhdCI6MTc2MDI3Njk5NCwiZXhwIjoxNzYyODY4OTk0fQ.hbvt1sW-1E3O4uPd3uvz5xONextyapn04--24WOcIME
🌐 Navigating to URL: [http://localhost:3000/expense-tracker]...
✅ Successfully navigated to: [http://localhost:3000/expense-tracker]
⏳ Time taken: 0.23 sec
----------------------------------------------------------------------------------------------------
Debit: 10 = (0 + 10)
Debit: 1010 = (10 + 1000)
Debit: 2010 = (1010 + 1000)
Debit: 2020 = (2010 + 10)
Debit: 2030 = (2020 + 10)
Debit: 2196 = (2030 + 166)
Debit: 22196 = (2196 + 20000)
Debit: 23196 = (22196 + 1000)
Debit: 24196 = (23196 + 1000)
Debit: 25196 = (24196 + 1000)
Debit: 26196 = (25196 + 1000)
Credit: 10 = (0 + 10)
Credit: 20 = (10 + 10)
Credit: 30 = (20 + 10)
Credit: 40 = (30 + 10)
🔄 Clicking: Pagination Next: 2...
✅ Clicked [Pagination Next: 2]
⏳ Time taken: 0.02 sec
----------------------------------------------------------------------------------------------------
Debit: 27196 = (26196 + 1000)
Debit: 27446 = (27196 + 250)
Debit: 27626 = (27446 + 180)
Debit: 27691 = (27626 + 65)
Debit: 27741 = (27691 + 50)
Debit: 27911 = (27741 + 170)
Debit: 27976 = (27911 + 65)
Debit: 28046 = (27976 + 70)
Debit: 28076 = (28046 + 30)
Debit: 28126 = (28076 + 50)
Debit: 32426 = (28126 + 4300)
Debit: 32496 = (32426 + 70)
Debit: 32776 = (32496 + 280)
Credit: 2540 = (40 + 2500)
Credit: 5540 = (2540 + 3000)
🔄 Clicking: Pagination Next: 3...
✅ Clicked [Pagination Next: 3]
⏳ Time taken: 0.02 sec
----------------------------------------------------------------------------------------------------
Debit: 37136 = (32776 + 4360)
Debit: 37326 = (37136 + 190)
Debit: 37371 = (37326 + 45)
Debit: 37501 = (37371 + 130)
Debit: 37776 = (37501 + 275)
Debit: 37866 = (37776 + 90)
Debit: 39171 = (37866 + 1305)
Debit: 39193 = (39171 + 22)
Debit: 39293 = (39193 + 100)
Debit: 39393 = (39293 + 100)
Debit: 39493 = (39393 + 100)
Debit: 39593 = (39493 + 100)
Debit: 39693 = (39593 + 100)
Debit: 39793 = (39693 + 100)
Credit: 127832 = (5540 + 122292)
🔄 Clicking: Pagination Next: 4...
✅ Clicked [Pagination Next: 4]
⏳ Time taken: 0.02 sec
----------------------------------------------------------------------------------------------------
Debit: 39803 = (39793 + 10)
Debit: 52803 = (39803 + 13000)
Debit: 53153 = (52803 + 350)
Debit: 253153 = (53153 + 200000)
Debit: 652153 = (253153 + 399000)
Debit: 652253 = (652153 + 100)
Debit: 653253 = (652253 + 1000)
Debit: 853253 = (653253 + 200000)
Debit: 853503 = (853253 + 250)
Debit: 853563 = (853503 + 60)
Debit: 854213 = (853563 + 650)
Debit: 854338 = (854213 + 125)
Debit: 854538 = (854338 + 200)
Debit: 854688 = (854538 + 150)
Debit: 854888 = (854688 + 200)
🔄 Clicking: Pagination Next: 5...
✅ Clicked [Pagination Next: 5]
⏳ Time taken: 0.02 sec
----------------------------------------------------------------------------------------------------
Debit: 856388 = (854888 + 1500)
Debit: 1156388 = (856388 + 300000)
Debit: 1156488 = (1156388 + 100)
Debit: 1156538 = (1156488 + 50)
Debit: 1156556 = (1156538 + 18)
Debit: 1316556 = (1156556 + 160000)
Debit: 1316756 = (1316556 + 200)
Debit: 1316856 = (1316756 + 100)
Debit: 1316916 = (1316856 + 60)
Debit: 1317016 = (1316916 + 100)
Debit: 1317076 = (1317016 + 60)
Debit: 1357076 = (1317076 + 40000)
Debit: 1372076 = (1357076 + 15000)
Debit: 1387076 = (1372076 + 15000)
Credit: 135832 = (127832 + 8000)
🔄 Clicking: Pagination Next: 6...
✅ Clicked [Pagination Next: 6]
⏳ Time taken: 0.02 sec
----------------------------------------------------------------------------------------------------
Debit: 1388276 = (1387076 + 1200)
Debit: 1389876 = (1388276 + 1600)
Debit: 1390376 = (1389876 + 500)
Debit: 1390421 = (1390376 + 45)
Debit: 1390604 = (1390421 + 183)
Debit: 1391204 = (1390604 + 600)
Debit: 1391460 = (1391204 + 256)
Debit: 1391700 = (1391460 + 240)
Debit: 1392700 = (1391700 + 1000)
Debit: 1392880 = (1392700 + 180)
Debit: 1394450 = (1392880 + 1570)
Debit: 1394651 = (1394450 + 201)
Debit: 1394751 = (1394651 + 100)
Credit: 137832 = (135832 + 2000)
Credit: 139832 = (137832 + 2000)
🔄 Clicking: Pagination Next: 7...
✅ Clicked [Pagination Next: 7]
⏳ Time taken: 0.02 sec
----------------------------------------------------------------------------------------------------
Debit: 1395751 = (1394751 + 1000)
Debit: 1395871 = (1395751 + 120)
Credit: 141832 = (139832 + 2000)
Credit: 143832 = (141832 + 2000)
Credit: 145832 = (143832 + 2000)
Credit: 147832 = (145832 + 2000)
Credit: 149832 = (147832 + 2000)
Credit: 151832 = (149832 + 2000)
Credit: 153832 = (151832 + 2000)
Credit: 155832 = (153832 + 2000)
Credit: 157832 = (155832 + 2000)
Credit: 158832 = (157832 + 1000)
Credit: 159832 = (158832 + 1000)
Credit: 160832 = (159832 + 1000)
Credit: 161832 = (160832 + 1000)
🔄 Clicking: Pagination Next: 8...
✅ Clicked [Pagination Next: 8]
⏳ Time taken: 0.02 sec
----------------------------------------------------------------------------------------------------
Debit: 1395881 = (1395871 + 10)
Debit: 1395951 = (1395881 + 70)
Debit: 1396191 = (1395951 + 240)
Debit: 1398191 = (1396191 + 2000)
Debit: 1398251 = (1398191 + 60)
Debit: 1398296 = (1398251 + 45)
Debit: 1398436 = (1398296 + 140)
Debit: 1398566 = (1398436 + 130)
Debit: 1398751 = (1398566 + 185)
Debit: 1398831 = (1398751 + 80)
Debit: 1401331 = (1398831 + 2500)
Debit: 1401366 = (1401331 + 35)
Debit: 1401386 = (1401366 + 20)
Credit: 161882 = (161832 + 50)
Credit: 171882 = (161882 + 10000)
🔄 Clicking: Pagination Next: 9...
✅ Clicked [Pagination Next: 9]
⏳ Time taken: 0.01 sec
----------------------------------------------------------------------------------------------------
Debit: 1401610 = (1401386 + 224)
Debit: 1401665 = (1401610 + 55)
Debit: 1401701 = (1401665 + 36)
Debit: 1401846 = (1401701 + 145)
Debit: 1402696 = (1401846 + 850)
Debit: 1452696 = (1402696 + 50000)
Debit: 1452746 = (1452696 + 50)
Debit: 1502746 = (1452746 + 50000)
Debit: 1502791 = (1502746 + 45)
Debit: 1502841 = (1502791 + 50)
Debit: 1503084 = (1502841 + 243)
Debit: 1503164 = (1503084 + 80)
Debit: 1512125 = (1503164 + 8961)
Debit: 1512209 = (1512125 + 84)
Credit: 176882 = (171882 + 5000)
🔄 Clicking: Pagination Next: 10...
✅ Clicked [Pagination Next: 10]
⏳ Time taken: 0.02 sec
----------------------------------------------------------------------------------------------------
Debit: 1520209 = (1512209 + 8000)
Debit: 1520467 = (1520209 + 258)
Debit: 1520477 = (1520467 + 10)
Debit: 1520522 = (1520477 + 45)
Debit: 1520567 = (1520522 + 45)
Debit: 1520613 = (1520567 + 46)
Debit: 1521243 = (1520613 + 630)
Debit: 1521363 = (1521243 + 120)
Debit: 1521387 = (1521363 + 24)
Debit: 1522052 = (1521387 + 665)
Debit: 1522717 = (1522052 + 665)
Debit: 1522738 = (1522717 + 21)
Debit: 1522835 = (1522738 + 97)
Debit: 1524835 = (1522835 + 2000)
Credit: 177547 = (176882 + 665)
🔄 Clicking: Pagination Next: 11...
✅ Clicked [Pagination Next: 11]
⏳ Time taken: 0.02 sec
----------------------------------------------------------------------------------------------------
Debit: 1524945 = (1524835 + 110)
Debit: 1524965 = (1524945 + 20)
Debit: 1525055 = (1524965 + 90)
Debit: 1525135 = (1525055 + 80)
Debit: 1525410 = (1525135 + 275)
Debit: 1525460 = (1525410 + 50)
Debit: 1525535 = (1525460 + 75)
Debit: 1525584 = (1525535 + 49)
Debit: 1525644 = (1525584 + 60)
Debit: 1526214 = (1525644 + 570)
Debit: 1526334 = (1526214 + 120)
Debit: 1526383 = (1526334 + 49)
Debit: 1527528 = (1526383 + 1145)
Debit: 1540533 = (1527528 + 13005)
Credit: 299839 = (177547 + 122292)
🔄 Clicking: Pagination Next: 12...
✅ Clicked [Pagination Next: 12]
⏳ Time taken: 0.02 sec
----------------------------------------------------------------------------------------------------
Debit: 1540583 = (1540533 + 50)
Debit: 1540632 = (1540583 + 49)
Debit: 1540962 = (1540632 + 330)
Debit: 1541077 = (1540962 + 115)
Debit: 1541117 = (1541077 + 40)
Debit: 1543017 = (1541117 + 1900)
Debit: 1543037 = (1543017 + 20)
Debit: 1543537 = (1543037 + 500)
Debit: 1543587 = (1543537 + 50)
Debit: 1585587 = (1543587 + 42000)
Debit: 1585611 = (1585587 + 24)
Debit: 1586611 = (1585611 + 1000)
Debit: 1595211 = (1586611 + 8600)
Debit: 1596211 = (1595211 + 1000)
Credit: 3149839 = (299839 + 2850000)
🔄 Clicking: Pagination Next: 13...
✅ Clicked [Pagination Next: 13]
⏳ Time taken: 0.02 sec
----------------------------------------------------------------------------------------------------
Debit: 1596311 = (1596211 + 100)
Debit: 1596351 = (1596311 + 40)
Debit: 1596421 = (1596351 + 70)
Debit: 1596891 = (1596421 + 470)
Debit: 1596991 = (1596891 + 100)
Debit: 1598803 = (1596991 + 1812)
Debit: 1599063 = (1598803 + 260)
Debit: 1599113 = (1599063 + 50)
Debit: 1599223 = (1599113 + 110)
Debit: 1599273 = (1599223 + 50)
Debit: 1599473 = (1599273 + 200)
Debit: 1599593 = (1599473 + 120)
Debit: 1599642 = (1599593 + 49)
Debit: 1601642 = (1599642 + 2000)
Debit: 1602504 = (1601642 + 862)
🔄 Clicking: Pagination Next: 14...
✅ Clicked [Pagination Next: 14]
⏳ Time taken: 0.02 sec
----------------------------------------------------------------------------------------------------
Debit: 1602574 = (1602504 + 70)
Debit: 1604447 = (1602574 + 1873)
Debit: 1604747 = (1604447 + 300)
Debit: 1605647 = (1604747 + 900)
Debit: 1606547 = (1605647 + 900)
Debit: 1606867 = (1606547 + 320)
Debit: 1607137 = (1606867 + 270)
Debit: 1607337 = (1607137 + 200)
Debit: 1607412 = (1607337 + 75)
Debit: 1607447 = (1607412 + 35)
Debit: 1607517 = (1607447 + 70)
Debit: 1607592 = (1607517 + 75)
Debit: 1607662 = (1607592 + 70)
Credit: 3150072 = (3149839 + 233)
Credit: 3160072 = (3150072 + 10000)
🔄 Clicking: Pagination Next: 15...
✅ Clicked [Pagination Next: 15]
⏳ Time taken: 0.01 sec
----------------------------------------------------------------------------------------------------
Debit: 1607737 = (1607662 + 75)
Debit: 1607787 = (1607737 + 50)
Debit: 1607832 = (1607787 + 45)
Debit: 1607877 = (1607832 + 45)
Debit: 1607987 = (1607877 + 110)
Debit: 1608287 = (1607987 + 300)
Debit: 1608377 = (1608287 + 90)
Debit: 1609327 = (1608377 + 950)
Debit: 1609417 = (1609327 + 90)
Debit: 1609650 = (1609417 + 233)
Debit: 1610000 = (1609650 + 350)
Debit: 1611500 = (1610000 + 1500)
Debit: 1611650 = (1611500 + 150)
Debit: 1611955.04 = (1611650 + 305.04)
Debit: 1612275.04 = (1611955.04 + 320)
🔄 Clicking: Pagination Next: 16...
✅ Clicked [Pagination Next: 16]
⏳ Time taken: 0.01 sec
----------------------------------------------------------------------------------------------------
Debit: 1613375.04 = (1612275.04 + 1100)
Debit: 1613875.04 = (1613375.04 + 500)
Debit: 1613975.04 = (1613875.04 + 100)
Debit: 1614000.04 = (1613975.04 + 25)
Debit: 1616400.04 = (1614000.04 + 2400)
Debit: 1616475.04 = (1616400.04 + 75)
Debit: 1616540.04 = (1616475.04 + 65)
Debit: 1616585.04 = (1616540.04 + 45)
Debit: 1616630.04 = (1616585.04 + 45)
Debit: 1616830.04 = (1616630.04 + 200)
Debit: 1616901.04 = (1616830.04 + 71)
Debit: 1617651.04 = (1616901.04 + 750)
Debit: 1617881.04 = (1617651.04 + 230)
Debit: 1618071.04 = (1617881.04 + 190)
Credit: 3161572 = (3160072 + 1500)
🔄 Clicking: Pagination Next: 17...
✅ Clicked [Pagination Next: 17]
⏳ Time taken: 0.02 sec
----------------------------------------------------------------------------------------------------
Debit: 1618161.04 = (1618071.04 + 90)
Debit: 1638161.04 = (1618161.04 + 20000)
Debit: 1638179.04 = (1638161.04 + 18)
Debit: 1638279.04 = (1638179.04 + 100)
Debit: 1638293.04 = (1638279.04 + 14)
Debit: 1638993.04 = (1638293.04 + 700)
Debit: 1639103.04 = (1638993.04 + 110)
Debit: 1641603.04 = (1639103.04 + 2500)
Debit: 1641668.04 = (1641603.04 + 65)
Debit: 1641713.04 = (1641668.04 + 45)
Debit: 1641743.04 = (1641713.04 + 30)
Debit: 1641788.04 = (1641743.04 + 45)
Debit: 1641823.04 = (1641788.04 + 35)
Debit: 1641923.04 = (1641823.04 + 100)
Debit: 1641968.04 = (1641923.04 + 45)
🔄 Clicking: Pagination Next: 18...
✅ Clicked [Pagination Next: 18]
⏳ Time taken: 0.02 sec
----------------------------------------------------------------------------------------------------
Debit: 1642098.04 = (1641968.04 + 130)
Debit: 1712098.04 = (1642098.04 + 70000)
Debit: 1712116.04 = (1712098.04 + 18)
Debit: 1712161.04 = (1712116.04 + 45)
Debit: 1712921.04 = (1712161.04 + 760)
Debit: 1713011.04 = (1712921.04 + 90)
Debit: 1723011.04 = (1713011.04 + 10000)
Debit: 1728011.04 = (1723011.04 + 5000)
Debit: 1743011.04 = (1728011.04 + 15000)
Credit: 3283572 = (3161572 + 122000)
Credit: 3313572 = (3283572 + 30000)
✅ Processed 18 pages successfully.
💰 Total Debit Amount: 1743011.04 | Total Credit Amount: 3313572.00 
🔄 Verifying: Get Opening Balance API...
🌐 Sending GET request to: http://localhost:8080/api/transactions/opening-balance
🔁 Status Code: [33m200[39m
⏱️ Response Time: 35 ms
📦 Response Size: 0.01 KB
🧾 GET Response: [33m50000[39m
----------------------------------------------------------------------------------------------------
🔍 Verifying: Summary Total expense balance matching
Actual: 1743011.04 | Expected: 1743011.04
----------------------------------------------------------------------------------------------------
🔍 Verifying: Summary Total income balance matching
Actual: 3313572.00 | Expected: 3313572.00
----------------------------------------------------------------------------------------------------
🔍 Verifying: Summary Current balance matching
Actual: 1620560.96 | Expected: 1620560.96
----------------------------------------------------------------------------------------------------
🔍 Verifying: Current Balance of row: 11 for Page No: 18
Actual: 80000 | Expected: 80000
----------------------------------------------------------------------------------------------------
Page No: 18 | Row No: 11 | Credit: 30000 | Current Balance: 80000
----------------------------------------------------------------------------------------------------
🔍 Verifying: Current Balance of row: 10 for Page No: 18
Actual: 65000 | Expected: 65000
----------------------------------------------------------------------------------------------------
Page No: 18 | Row No: 10 | Debit: 15000 | Current Balance: 65000
----------------------------------------------------------------------------------------------------
🔍 Verifying: Current Balance of row: 9 for Page No: 18
Actual: 60000 | Expected: 60000
----------------------------------------------------------------------------------------------------
Page No: 18 | Row No: 9 | Debit: 5000 | Current Balance: 60000
----------------------------------------------------------------------------------------------------
🔍 Verifying: Current Balance of row: 8 for Page No: 18
Actual: 50000 | Expected: 50000
----------------------------------------------------------------------------------------------------
Page No: 18 | Row No: 8 | Debit: 10000 | Current Balance: 50000
----------------------------------------------------------------------------------------------------
🔍 Verifying: Current Balance of row: 7 for Page No: 18
Actual: 49910 | Expected: 49910
----------------------------------------------------------------------------------------------------
Page No: 18 | Row No: 7 | Debit: 90 | Current Balance: 49910
----------------------------------------------------------------------------------------------------
🔍 Verifying: Current Balance of row: 6 for Page No: 18
Actual: 49150 | Expected: 49150
----------------------------------------------------------------------------------------------------
Page No: 18 | Row No: 6 | Debit: 760 | Current Balance: 49150
----------------------------------------------------------------------------------------------------
🔍 Verifying: Current Balance of row: 5 for Page No: 18
Actual: 49105 | Expected: 49105
----------------------------------------------------------------------------------------------------
Page No: 18 | Row No: 5 | Debit: 45 | Current Balance: 49105
----------------------------------------------------------------------------------------------------
🔍 Verifying: Current Balance of row: 4 for Page No: 18
Actual: 49087 | Expected: 49087
----------------------------------------------------------------------------------------------------
Page No: 18 | Row No: 4 | Debit: 18 | Current Balance: 49087
----------------------------------------------------------------------------------------------------
🔍 Verifying: Current Balance of row: 3 for Page No: 18
Actual: 171087 | Expected: 171087
----------------------------------------------------------------------------------------------------
Page No: 18 | Row No: 3 | Credit: 122000 | Current Balance: 171087
----------------------------------------------------------------------------------------------------
🔍 Verifying: Current Balance of row: 2 for Page No: 18
Actual: 101087 | Expected: 101087
----------------------------------------------------------------------------------------------------
Page No: 18 | Row No: 2 | Debit: 70000 | Current Balance: 101087
----------------------------------------------------------------------------------------------------
🔍 Verifying: Current Balance of row: 1 for Page No: 18
Actual: 100957 | Expected: 100957
----------------------------------------------------------------------------------------------------
Page No: 18 | Row No: 1 | Debit: 130 | Current Balance: 100957
----------------------------------------------------------------------------------------------------
🔄 Clicking: Pagination Previous: 17...
✅ Clicked [Pagination Previous: 17]
⏳ Time taken: 0.01 sec
----------------------------------------------------------------------------------------------------
🔍 Verifying: Current Balance of row: 15 for Page No: 17
Actual: 100912 | Expected: 100912
----------------------------------------------------------------------------------------------------
Page No: 17 | Row No: 15 | Debit: 45 | Current Balance: 100912
----------------------------------------------------------------------------------------------------
🔍 Verifying: Current Balance of row: 14 for Page No: 17
Actual: 100812 | Expected: 100812
----------------------------------------------------------------------------------------------------
Page No: 17 | Row No: 14 | Debit: 100 | Current Balance: 100812
----------------------------------------------------------------------------------------------------
🔍 Verifying: Current Balance of row: 13 for Page No: 17
Actual: 100777 | Expected: 100777
----------------------------------------------------------------------------------------------------
Page No: 17 | Row No: 13 | Debit: 35 | Current Balance: 100777
----------------------------------------------------------------------------------------------------
🔍 Verifying: Current Balance of row: 12 for Page No: 17
Actual: 100732 | Expected: 100732
----------------------------------------------------------------------------------------------------
Page No: 17 | Row No: 12 | Debit: 45 | Current Balance: 100732
----------------------------------------------------------------------------------------------------
🔍 Verifying: Current Balance of row: 11 for Page No: 17
Actual: 100702 | Expected: 100702
----------------------------------------------------------------------------------------------------
Page No: 17 | Row No: 11 | Debit: 30 | Current Balance: 100702
----------------------------------------------------------------------------------------------------
🔍 Verifying: Current Balance of row: 10 for Page No: 17
Actual: 100657 | Expected: 100657
----------------------------------------------------------------------------------------------------
Page No: 17 | Row No: 10 | Debit: 45 | Current Balance: 100657
----------------------------------------------------------------------------------------------------
🔍 Verifying: Current Balance of row: 9 for Page No: 17
Actual: 100592 | Expected: 100592
----------------------------------------------------------------------------------------------------
Page No: 17 | Row No: 9 | Debit: 65 | Current Balance: 100592
----------------------------------------------------------------------------------------------------
🔍 Verifying: Current Balance of row: 8 for Page No: 17
Actual: 98092 | Expected: 98092
----------------------------------------------------------------------------------------------------
Page No: 17 | Row No: 8 | Debit: 2500 | Current Balance: 98092
----------------------------------------------------------------------------------------------------
🔍 Verifying: Current Balance of row: 7 for Page No: 17
Actual: 97982 | Expected: 97982
----------------------------------------------------------------------------------------------------
Page No: 17 | Row No: 7 | Debit: 110 | Current Balance: 97982
----------------------------------------------------------------------------------------------------
🔍 Verifying: Current Balance of row: 6 for Page No: 17
Actual: 97282 | Expected: 97282
----------------------------------------------------------------------------------------------------
Page No: 17 | Row No: 6 | Debit: 700 | Current Balance: 97282
----------------------------------------------------------------------------------------------------
🔍 Verifying: Current Balance of row: 5 for Page No: 17
Actual: 97268 | Expected: 97268
----------------------------------------------------------------------------------------------------
Page No: 17 | Row No: 5 | Debit: 14 | Current Balance: 97268
----------------------------------------------------------------------------------------------------
🔍 Verifying: Current Balance of row: 4 for Page No: 17
Actual: 97168 | Expected: 97168
----------------------------------------------------------------------------------------------------
Page No: 17 | Row No: 4 | Debit: 100 | Current Balance: 97168
----------------------------------------------------------------------------------------------------
🔍 Verifying: Current Balance of row: 3 for Page No: 17
Actual: 97150 | Expected: 97150
----------------------------------------------------------------------------------------------------
Page No: 17 | Row No: 3 | Debit: 18 | Current Balance: 97150
----------------------------------------------------------------------------------------------------
🔍 Verifying: Current Balance of row: 2 for Page No: 17
Actual: 77150 | Expected: 77150
----------------------------------------------------------------------------------------------------
Page No: 17 | Row No: 2 | Debit: 20000 | Current Balance: 77150
----------------------------------------------------------------------------------------------------
🔍 Verifying: Current Balance of row: 1 for Page No: 17
Actual: 77060 | Expected: 77060
----------------------------------------------------------------------------------------------------
Page No: 17 | Row No: 1 | Debit: 90 | Current Balance: 77060
----------------------------------------------------------------------------------------------------
🔄 Clicking: Pagination Previous: 16...
✅ Clicked [Pagination Previous: 16]
⏳ Time taken: 0.01 sec
----------------------------------------------------------------------------------------------------
🔍 Verifying: Current Balance of row: 15 for Page No: 16
Actual: 76870 | Expected: 76870
----------------------------------------------------------------------------------------------------
Page No: 16 | Row No: 15 | Debit: 190 | Current Balance: 76870
----------------------------------------------------------------------------------------------------
🔍 Verifying: Current Balance of row: 14 for Page No: 16
Actual: 76640 | Expected: 76640
----------------------------------------------------------------------------------------------------
Page No: 16 | Row No: 14 | Debit: 230 | Current Balance: 76640
----------------------------------------------------------------------------------------------------
🔍 Verifying: Current Balance of row: 13 for Page No: 16
Actual: 75890 | Expected: 75890
----------------------------------------------------------------------------------------------------
Page No: 16 | Row No: 13 | Debit: 750 | Current Balance: 75890
----------------------------------------------------------------------------------------------------
🔍 Verifying: Current Balance of row: 12 for Page No: 16
Actual: 75819 | Expected: 75819
----------------------------------------------------------------------------------------------------
Page No: 16 | Row No: 12 | Debit: 71 | Current Balance: 75819
----------------------------------------------------------------------------------------------------
🔍 Verifying: Current Balance of row: 11 for Page No: 16
Actual: 75619 | Expected: 75619
----------------------------------------------------------------------------------------------------
Page No: 16 | Row No: 11 | Debit: 200 | Current Balance: 75619
----------------------------------------------------------------------------------------------------
🔍 Verifying: Current Balance of row: 10 for Page No: 16
Actual: 75574 | Expected: 75574
----------------------------------------------------------------------------------------------------
Page No: 16 | Row No: 10 | Debit: 45 | Current Balance: 75574
----------------------------------------------------------------------------------------------------
🔍 Verifying: Current Balance of row: 9 for Page No: 16
Actual: 77074 | Expected: 77074
----------------------------------------------------------------------------------------------------
Page No: 16 | Row No: 9 | Credit: 1500 | Current Balance: 77074
----------------------------------------------------------------------------------------------------
🔍 Verifying: Current Balance of row: 8 for Page No: 16
Actual: 77029 | Expected: 77029
----------------------------------------------------------------------------------------------------
Page No: 16 | Row No: 8 | Debit: 45 | Current Balance: 77029
----------------------------------------------------------------------------------------------------
🔍 Verifying: Current Balance of row: 7 for Page No: 16
Actual: 76964 | Expected: 76964
----------------------------------------------------------------------------------------------------
Page No: 16 | Row No: 7 | Debit: 65 | Current Balance: 76964
----------------------------------------------------------------------------------------------------
🔍 Verifying: Current Balance of row: 6 for Page No: 16
Actual: 76889 | Expected: 76889
----------------------------------------------------------------------------------------------------
Page No: 16 | Row No: 6 | Debit: 75 | Current Balance: 76889
----------------------------------------------------------------------------------------------------
🔍 Verifying: Current Balance of row: 5 for Page No: 16
Actual: 74489 | Expected: 74489
----------------------------------------------------------------------------------------------------
Page No: 16 | Row No: 5 | Debit: 2400 | Current Balance: 74489
----------------------------------------------------------------------------------------------------
🔍 Verifying: Current Balance of row: 4 for Page No: 16
Actual: 74464 | Expected: 74464
----------------------------------------------------------------------------------------------------
Page No: 16 | Row No: 4 | Debit: 25 | Current Balance: 74464
----------------------------------------------------------------------------------------------------
🔍 Verifying: Current Balance of row: 3 for Page No: 16
Actual: 74364 | Expected: 74364
----------------------------------------------------------------------------------------------------
Page No: 16 | Row No: 3 | Debit: 100 | Current Balance: 74364
----------------------------------------------------------------------------------------------------
🔍 Verifying: Current Balance of row: 2 for Page No: 16
Actual: 73864 | Expected: 73864
----------------------------------------------------------------------------------------------------
Page No: 16 | Row No: 2 | Debit: 500 | Current Balance: 73864
----------------------------------------------------------------------------------------------------
🔍 Verifying: Current Balance of row: 1 for Page No: 16
Actual: 72764 | Expected: 72764
----------------------------------------------------------------------------------------------------
Page No: 16 | Row No: 1 | Debit: 1100 | Current Balance: 72764
----------------------------------------------------------------------------------------------------
🔄 Clicking: Pagination Previous: 15...
✅ Clicked [Pagination Previous: 15]
⏳ Time taken: 0.02 sec
----------------------------------------------------------------------------------------------------
🔍 Verifying: Current Balance of row: 15 for Page No: 15
Actual: 72444 | Expected: 72444
----------------------------------------------------------------------------------------------------
Page No: 15 | Row No: 15 | Debit: 320 | Current Balance: 72444
----------------------------------------------------------------------------------------------------
🔍 Verifying: Current Balance of row: 14 for Page No: 15
Actual: 72138.96 | Expected: 72138.96
----------------------------------------------------------------------------------------------------
Page No: 15 | Row No: 14 | Debit: 305.04 | Current Balance: 72138.96
----------------------------------------------------------------------------------------------------
🔍 Verifying: Current Balance of row: 13 for Page No: 15
Actual: 71988.96 | Expected: 71988.96
----------------------------------------------------------------------------------------------------
Page No: 15 | Row No: 13 | Debit: 150 | Current Balance: 71988.96
----------------------------------------------------------------------------------------------------
🔍 Verifying: Current Balance of row: 12 for Page No: 15
Actual: 70488.96 | Expected: 70488.96
----------------------------------------------------------------------------------------------------
Page No: 15 | Row No: 12 | Debit: 1500 | Current Balance: 70488.96
----------------------------------------------------------------------------------------------------
🔍 Verifying: Current Balance of row: 11 for Page No: 15
Actual: 70138.96 | Expected: 70138.96
----------------------------------------------------------------------------------------------------
Page No: 15 | Row No: 11 | Debit: 350 | Current Balance: 70138.96
----------------------------------------------------------------------------------------------------
🔍 Verifying: Current Balance of row: 10 for Page No: 15
Actual: 69905.96 | Expected: 69905.96
----------------------------------------------------------------------------------------------------
Page No: 15 | Row No: 10 | Debit: 233 | Current Balance: 69905.96
----------------------------------------------------------------------------------------------------
🔍 Verifying: Current Balance of row: 9 for Page No: 15
Actual: 69815.96 | Expected: 69815.96
----------------------------------------------------------------------------------------------------
Page No: 15 | Row No: 9 | Debit: 90 | Current Balance: 69815.96
----------------------------------------------------------------------------------------------------
🔍 Verifying: Current Balance of row: 8 for Page No: 15
Actual: 68865.96 | Expected: 68865.96
----------------------------------------------------------------------------------------------------
Page No: 15 | Row No: 8 | Debit: 950 | Current Balance: 68865.96
----------------------------------------------------------------------------------------------------
🔍 Verifying: Current Balance of row: 7 for Page No: 15
Actual: 68775.96 | Expected: 68775.96
----------------------------------------------------------------------------------------------------
Page No: 15 | Row No: 7 | Debit: 90 | Current Balance: 68775.96
----------------------------------------------------------------------------------------------------
🔍 Verifying: Current Balance of row: 6 for Page No: 15
Actual: 68475.96 | Expected: 68475.96
----------------------------------------------------------------------------------------------------
Page No: 15 | Row No: 6 | Debit: 300 | Current Balance: 68475.96
----------------------------------------------------------------------------------------------------
🔍 Verifying: Current Balance of row: 5 for Page No: 15
Actual: 68365.96 | Expected: 68365.96
----------------------------------------------------------------------------------------------------
Page No: 15 | Row No: 5 | Debit: 110 | Current Balance: 68365.96
----------------------------------------------------------------------------------------------------
🔍 Verifying: Current Balance of row: 4 for Page No: 15
Actual: 68320.96 | Expected: 68320.96
----------------------------------------------------------------------------------------------------
Page No: 15 | Row No: 4 | Debit: 45 | Current Balance: 68320.96
----------------------------------------------------------------------------------------------------
🔍 Verifying: Current Balance of row: 3 for Page No: 15
Actual: 68275.96 | Expected: 68275.96
----------------------------------------------------------------------------------------------------
Page No: 15 | Row No: 3 | Debit: 45 | Current Balance: 68275.96
----------------------------------------------------------------------------------------------------
🔍 Verifying: Current Balance of row: 2 for Page No: 15
Actual: 68225.96 | Expected: 68225.96
----------------------------------------------------------------------------------------------------
Page No: 15 | Row No: 2 | Debit: 50 | Current Balance: 68225.96
----------------------------------------------------------------------------------------------------
🔍 Verifying: Current Balance of row: 1 for Page No: 15
Actual: 68150.96 | Expected: 68150.96
----------------------------------------------------------------------------------------------------
Page No: 15 | Row No: 1 | Debit: 75 | Current Balance: 68150.96
----------------------------------------------------------------------------------------------------
🔄 Clicking: Pagination Previous: 14...
✅ Clicked [Pagination Previous: 14]
⏳ Time taken: 0.02 sec
----------------------------------------------------------------------------------------------------
🔍 Verifying: Current Balance of row: 15 for Page No: 14
Actual: 68080.96 | Expected: 68080.96
----------------------------------------------------------------------------------------------------
Page No: 14 | Row No: 15 | Debit: 70 | Current Balance: 68080.96
----------------------------------------------------------------------------------------------------
🔍 Verifying: Current Balance of row: 14 for Page No: 14
Actual: 68005.96 | Expected: 68005.96
----------------------------------------------------------------------------------------------------
Page No: 14 | Row No: 14 | Debit: 75 | Current Balance: 68005.96
----------------------------------------------------------------------------------------------------
🔍 Verifying: Current Balance of row: 13 for Page No: 14
Actual: 78005.96 | Expected: 78005.96
----------------------------------------------------------------------------------------------------
Page No: 14 | Row No: 13 | Credit: 10000 | Current Balance: 78005.96
----------------------------------------------------------------------------------------------------
🔍 Verifying: Current Balance of row: 12 for Page No: 14
Actual: 77935.96 | Expected: 77935.96
----------------------------------------------------------------------------------------------------
Page No: 14 | Row No: 12 | Debit: 70 | Current Balance: 77935.96
----------------------------------------------------------------------------------------------------
🔍 Verifying: Current Balance of row: 11 for Page No: 14
Actual: 77900.96 | Expected: 77900.96
----------------------------------------------------------------------------------------------------
Page No: 14 | Row No: 11 | Debit: 35 | Current Balance: 77900.96
----------------------------------------------------------------------------------------------------
🔍 Verifying: Current Balance of row: 10 for Page No: 14
Actual: 77825.96 | Expected: 77825.96
----------------------------------------------------------------------------------------------------
Page No: 14 | Row No: 10 | Debit: 75 | Current Balance: 77825.96
----------------------------------------------------------------------------------------------------
🔍 Verifying: Current Balance of row: 9 for Page No: 14
Actual: 77625.96 | Expected: 77625.96
----------------------------------------------------------------------------------------------------
Page No: 14 | Row No: 9 | Debit: 200 | Current Balance: 77625.96
----------------------------------------------------------------------------------------------------
🔍 Verifying: Current Balance of row: 8 for Page No: 14
Actual: 77355.96 | Expected: 77355.96
----------------------------------------------------------------------------------------------------
Page No: 14 | Row No: 8 | Debit: 270 | Current Balance: 77355.96
----------------------------------------------------------------------------------------------------
🔍 Verifying: Current Balance of row: 7 for Page No: 14
Actual: 77035.96 | Expected: 77035.96
----------------------------------------------------------------------------------------------------
Page No: 14 | Row No: 7 | Debit: 320 | Current Balance: 77035.96
----------------------------------------------------------------------------------------------------
🔍 Verifying: Current Balance of row: 6 for Page No: 14
Actual: 76135.96 | Expected: 76135.96
----------------------------------------------------------------------------------------------------
Page No: 14 | Row No: 6 | Debit: 900 | Current Balance: 76135.96
----------------------------------------------------------------------------------------------------
🔍 Verifying: Current Balance of row: 5 for Page No: 14
Actual: 75235.96 | Expected: 75235.96
----------------------------------------------------------------------------------------------------
Page No: 14 | Row No: 5 | Debit: 900 | Current Balance: 75235.96
----------------------------------------------------------------------------------------------------
🔍 Verifying: Current Balance of row: 4 for Page No: 14
Actual: 74935.96 | Expected: 74935.96
----------------------------------------------------------------------------------------------------
Page No: 14 | Row No: 4 | Debit: 300 | Current Balance: 74935.96
----------------------------------------------------------------------------------------------------
🔍 Verifying: Current Balance of row: 3 for Page No: 14
Actual: 73062.96 | Expected: 73062.96
----------------------------------------------------------------------------------------------------
Page No: 14 | Row No: 3 | Debit: 1873 | Current Balance: 73062.96
----------------------------------------------------------------------------------------------------
🔍 Verifying: Current Balance of row: 2 for Page No: 14
Actual: 73295.96 | Expected: 73295.96
----------------------------------------------------------------------------------------------------
Page No: 14 | Row No: 2 | Credit: 233 | Current Balance: 73295.96
----------------------------------------------------------------------------------------------------
🔍 Verifying: Current Balance of row: 1 for Page No: 14
Actual: 73225.96 | Expected: 73225.96
----------------------------------------------------------------------------------------------------
Page No: 14 | Row No: 1 | Debit: 70 | Current Balance: 73225.96
----------------------------------------------------------------------------------------------------
🔄 Clicking: Pagination Previous: 13...
✅ Clicked [Pagination Previous: 13]
⏳ Time taken: 0.01 sec
----------------------------------------------------------------------------------------------------
🔍 Verifying: Current Balance of row: 15 for Page No: 13
Actual: 72363.96 | Expected: 72363.96
----------------------------------------------------------------------------------------------------
Page No: 13 | Row No: 15 | Debit: 862 | Current Balance: 72363.96
----------------------------------------------------------------------------------------------------
🔍 Verifying: Current Balance of row: 14 for Page No: 13
Actual: 70363.96 | Expected: 70363.96
----------------------------------------------------------------------------------------------------
Page No: 13 | Row No: 14 | Debit: 2000 | Current Balance: 70363.96
----------------------------------------------------------------------------------------------------
🔍 Verifying: Current Balance of row: 13 for Page No: 13
Actual: 70314.96 | Expected: 70314.96
----------------------------------------------------------------------------------------------------
Page No: 13 | Row No: 13 | Debit: 49 | Current Balance: 70314.96
----------------------------------------------------------------------------------------------------
🔍 Verifying: Current Balance of row: 12 for Page No: 13
Actual: 70194.96 | Expected: 70194.96
----------------------------------------------------------------------------------------------------
Page No: 13 | Row No: 12 | Debit: 120 | Current Balance: 70194.96
----------------------------------------------------------------------------------------------------
🔍 Verifying: Current Balance of row: 11 for Page No: 13
Actual: 69994.96 | Expected: 69994.96
----------------------------------------------------------------------------------------------------
Page No: 13 | Row No: 11 | Debit: 200 | Current Balance: 69994.96
----------------------------------------------------------------------------------------------------
🔍 Verifying: Current Balance of row: 10 for Page No: 13
Actual: 69944.96 | Expected: 69944.96
----------------------------------------------------------------------------------------------------
Page No: 13 | Row No: 10 | Debit: 50 | Current Balance: 69944.96
----------------------------------------------------------------------------------------------------
🔍 Verifying: Current Balance of row: 9 for Page No: 13
Actual: 69834.96 | Expected: 69834.96
----------------------------------------------------------------------------------------------------
Page No: 13 | Row No: 9 | Debit: 110 | Current Balance: 69834.96
----------------------------------------------------------------------------------------------------
🔍 Verifying: Current Balance of row: 8 for Page No: 13
Actual: 69784.96 | Expected: 69784.96
----------------------------------------------------------------------------------------------------
Page No: 13 | Row No: 8 | Debit: 50 | Current Balance: 69784.96
----------------------------------------------------------------------------------------------------
🔍 Verifying: Current Balance of row: 7 for Page No: 13
Actual: 69524.96 | Expected: 69524.96
----------------------------------------------------------------------------------------------------
Page No: 13 | Row No: 7 | Debit: 260 | Current Balance: 69524.96
----------------------------------------------------------------------------------------------------
🔍 Verifying: Current Balance of row: 6 for Page No: 13
Actual: 67712.96 | Expected: 67712.96
----------------------------------------------------------------------------------------------------
Page No: 13 | Row No: 6 | Debit: 1812 | Current Balance: 67712.96
----------------------------------------------------------------------------------------------------
🔍 Verifying: Current Balance of row: 5 for Page No: 13
Actual: 67612.96 | Expected: 67612.96
----------------------------------------------------------------------------------------------------
Page No: 13 | Row No: 5 | Debit: 100 | Current Balance: 67612.96
----------------------------------------------------------------------------------------------------
🔍 Verifying: Current Balance of row: 4 for Page No: 13
Actual: 67142.96 | Expected: 67142.96
----------------------------------------------------------------------------------------------------
Page No: 13 | Row No: 4 | Debit: 470 | Current Balance: 67142.96
----------------------------------------------------------------------------------------------------
🔍 Verifying: Current Balance of row: 3 for Page No: 13
Actual: 67072.96 | Expected: 67072.96
----------------------------------------------------------------------------------------------------
Page No: 13 | Row No: 3 | Debit: 70 | Current Balance: 67072.96
----------------------------------------------------------------------------------------------------
🔍 Verifying: Current Balance of row: 2 for Page No: 13
Actual: 67032.96 | Expected: 67032.96
----------------------------------------------------------------------------------------------------
Page No: 13 | Row No: 2 | Debit: 40 | Current Balance: 67032.96
----------------------------------------------------------------------------------------------------
🔍 Verifying: Current Balance of row: 1 for Page No: 13
Actual: 66932.96 | Expected: 66932.96
----------------------------------------------------------------------------------------------------
Page No: 13 | Row No: 1 | Debit: 100 | Current Balance: 66932.96
----------------------------------------------------------------------------------------------------
🔄 Clicking: Pagination Previous: 12...
✅ Clicked [Pagination Previous: 12]
⏳ Time taken: 0.01 sec
----------------------------------------------------------------------------------------------------
🔍 Verifying: Current Balance of row: 15 for Page No: 12
Actual: 65932.96 | Expected: 65932.96
----------------------------------------------------------------------------------------------------
Page No: 12 | Row No: 15 | Debit: 1000 | Current Balance: 65932.96
----------------------------------------------------------------------------------------------------
🔍 Verifying: Current Balance of row: 14 for Page No: 12
Actual: 57332.96 | Expected: 57332.96
----------------------------------------------------------------------------------------------------
Page No: 12 | Row No: 14 | Debit: 8600 | Current Balance: 57332.96
----------------------------------------------------------------------------------------------------
🔍 Verifying: Current Balance of row: 13 for Page No: 12
Actual: 56332.96 | Expected: 56332.96
----------------------------------------------------------------------------------------------------
Page No: 12 | Row No: 13 | Debit: 1000 | Current Balance: 56332.96
----------------------------------------------------------------------------------------------------
🔍 Verifying: Current Balance of row: 12 for Page No: 12
Actual: 56308.96 | Expected: 56308.96
----------------------------------------------------------------------------------------------------
Page No: 12 | Row No: 12 | Debit: 24 | Current Balance: 56308.96
----------------------------------------------------------------------------------------------------
🔍 Verifying: Current Balance of row: 11 for Page No: 12
Actual: 2906308.96 | Expected: 2906308.96
----------------------------------------------------------------------------------------------------
Page No: 12 | Row No: 11 | Credit: 2850000 | Current Balance: 2906308.96
----------------------------------------------------------------------------------------------------
🔍 Verifying: Current Balance of row: 10 for Page No: 12
Actual: 2864308.96 | Expected: 2864308.96
----------------------------------------------------------------------------------------------------
Page No: 12 | Row No: 10 | Debit: 42000 | Current Balance: 2864308.96
----------------------------------------------------------------------------------------------------
🔍 Verifying: Current Balance of row: 9 for Page No: 12
Actual: 2864258.96 | Expected: 2864258.96
----------------------------------------------------------------------------------------------------
Page No: 12 | Row No: 9 | Debit: 50 | Current Balance: 2864258.96
----------------------------------------------------------------------------------------------------
🔍 Verifying: Current Balance of row: 8 for Page No: 12
Actual: 2863758.96 | Expected: 2863758.96
----------------------------------------------------------------------------------------------------
Page No: 12 | Row No: 8 | Debit: 500 | Current Balance: 2863758.96
----------------------------------------------------------------------------------------------------
🔍 Verifying: Current Balance of row: 7 for Page No: 12
Actual: 2863738.96 | Expected: 2863738.96
----------------------------------------------------------------------------------------------------
Page No: 12 | Row No: 7 | Debit: 20 | Current Balance: 2863738.96
----------------------------------------------------------------------------------------------------
🔍 Verifying: Current Balance of row: 6 for Page No: 12
Actual: 2861838.96 | Expected: 2861838.96
----------------------------------------------------------------------------------------------------
Page No: 12 | Row No: 6 | Debit: 1900 | Current Balance: 2861838.96
----------------------------------------------------------------------------------------------------
🔍 Verifying: Current Balance of row: 5 for Page No: 12
Actual: 2861798.96 | Expected: 2861798.96
----------------------------------------------------------------------------------------------------
Page No: 12 | Row No: 5 | Debit: 40 | Current Balance: 2861798.96
----------------------------------------------------------------------------------------------------
🔍 Verifying: Current Balance of row: 4 for Page No: 12
Actual: 2861683.96 | Expected: 2861683.96
----------------------------------------------------------------------------------------------------
Page No: 12 | Row No: 4 | Debit: 115 | Current Balance: 2861683.96
----------------------------------------------------------------------------------------------------
🔍 Verifying: Current Balance of row: 3 for Page No: 12
Actual: 2861353.96 | Expected: 2861353.96
----------------------------------------------------------------------------------------------------
Page No: 12 | Row No: 3 | Debit: 330 | Current Balance: 2861353.96
----------------------------------------------------------------------------------------------------
🔍 Verifying: Current Balance of row: 2 for Page No: 12
Actual: 2861304.96 | Expected: 2861304.96
----------------------------------------------------------------------------------------------------
Page No: 12 | Row No: 2 | Debit: 49 | Current Balance: 2861304.96
----------------------------------------------------------------------------------------------------
🔍 Verifying: Current Balance of row: 1 for Page No: 12
Actual: 2861254.96 | Expected: 2861254.96
----------------------------------------------------------------------------------------------------
Page No: 12 | Row No: 1 | Debit: 50 | Current Balance: 2861254.96
----------------------------------------------------------------------------------------------------
🔄 Clicking: Pagination Previous: 11...
✅ Clicked [Pagination Previous: 11]
⏳ Time taken: 0.02 sec
----------------------------------------------------------------------------------------------------
🔍 Verifying: Current Balance of row: 15 for Page No: 11
Actual: 2848249.96 | Expected: 2848249.96
----------------------------------------------------------------------------------------------------
Page No: 11 | Row No: 15 | Debit: 13005 | Current Balance: 2848249.96
----------------------------------------------------------------------------------------------------
🔍 Verifying: Current Balance of row: 14 for Page No: 11
Actual: 2847104.96 | Expected: 2847104.96
----------------------------------------------------------------------------------------------------
Page No: 11 | Row No: 14 | Debit: 1145 | Current Balance: 2847104.96
----------------------------------------------------------------------------------------------------
🔍 Verifying: Current Balance of row: 13 for Page No: 11
Actual: 2847055.96 | Expected: 2847055.96
----------------------------------------------------------------------------------------------------
Page No: 11 | Row No: 13 | Debit: 49 | Current Balance: 2847055.96
----------------------------------------------------------------------------------------------------
🔍 Verifying: Current Balance of row: 12 for Page No: 11
Actual: 2846935.96 | Expected: 2846935.96
----------------------------------------------------------------------------------------------------
Page No: 11 | Row No: 12 | Debit: 120 | Current Balance: 2846935.96
----------------------------------------------------------------------------------------------------
🔍 Verifying: Current Balance of row: 11 for Page No: 11
Actual: 2846365.96 | Expected: 2846365.96
----------------------------------------------------------------------------------------------------
Page No: 11 | Row No: 11 | Debit: 570 | Current Balance: 2846365.96
----------------------------------------------------------------------------------------------------
🔍 Verifying: Current Balance of row: 10 for Page No: 11
Actual: 2846305.96 | Expected: 2846305.96
----------------------------------------------------------------------------------------------------
Page No: 11 | Row No: 10 | Debit: 60 | Current Balance: 2846305.96
----------------------------------------------------------------------------------------------------
🔍 Verifying: Current Balance of row: 9 for Page No: 11
Actual: 2846256.96 | Expected: 2846256.96
----------------------------------------------------------------------------------------------------
Page No: 11 | Row No: 9 | Debit: 49 | Current Balance: 2846256.96
----------------------------------------------------------------------------------------------------
🔍 Verifying: Current Balance of row: 8 for Page No: 11
Actual: 2846181.96 | Expected: 2846181.96
----------------------------------------------------------------------------------------------------
Page No: 11 | Row No: 8 | Debit: 75 | Current Balance: 2846181.96
----------------------------------------------------------------------------------------------------
🔍 Verifying: Current Balance of row: 7 for Page No: 11
Actual: 2846131.96 | Expected: 2846131.96
----------------------------------------------------------------------------------------------------
Page No: 11 | Row No: 7 | Debit: 50 | Current Balance: 2846131.96
----------------------------------------------------------------------------------------------------
🔍 Verifying: Current Balance of row: 6 for Page No: 11
Actual: 2968423.96 | Expected: 2968423.96
----------------------------------------------------------------------------------------------------
Page No: 11 | Row No: 6 | Credit: 122292 | Current Balance: 2968423.96
----------------------------------------------------------------------------------------------------
🔍 Verifying: Current Balance of row: 5 for Page No: 11
Actual: 2968148.96 | Expected: 2968148.96
----------------------------------------------------------------------------------------------------
Page No: 11 | Row No: 5 | Debit: 275 | Current Balance: 2968148.96
----------------------------------------------------------------------------------------------------
🔍 Verifying: Current Balance of row: 4 for Page No: 11
Actual: 2968068.96 | Expected: 2968068.96
----------------------------------------------------------------------------------------------------
Page No: 11 | Row No: 4 | Debit: 80 | Current Balance: 2968068.96
----------------------------------------------------------------------------------------------------
🔍 Verifying: Current Balance of row: 3 for Page No: 11
Actual: 2967978.96 | Expected: 2967978.96
----------------------------------------------------------------------------------------------------
Page No: 11 | Row No: 3 | Debit: 90 | Current Balance: 2967978.96
----------------------------------------------------------------------------------------------------
🔍 Verifying: Current Balance of row: 2 for Page No: 11
Actual: 2967958.96 | Expected: 2967958.96
----------------------------------------------------------------------------------------------------
Page No: 11 | Row No: 2 | Debit: 20 | Current Balance: 2967958.96
----------------------------------------------------------------------------------------------------
🔍 Verifying: Current Balance of row: 1 for Page No: 11
Actual: 2967848.96 | Expected: 2967848.96
----------------------------------------------------------------------------------------------------
Page No: 11 | Row No: 1 | Debit: 110 | Current Balance: 2967848.96
----------------------------------------------------------------------------------------------------
🔄 Clicking: Pagination Previous: 10...
✅ Clicked [Pagination Previous: 10]
⏳ Time taken: 0.01 sec
----------------------------------------------------------------------------------------------------
🔍 Verifying: Current Balance of row: 15 for Page No: 10
Actual: 2965848.96 | Expected: 2965848.96
----------------------------------------------------------------------------------------------------
Page No: 10 | Row No: 15 | Debit: 2000 | Current Balance: 2965848.96
----------------------------------------------------------------------------------------------------
🔍 Verifying: Current Balance of row: 14 for Page No: 10
Actual: 2965751.96 | Expected: 2965751.96
----------------------------------------------------------------------------------------------------
Page No: 10 | Row No: 14 | Debit: 97 | Current Balance: 2965751.96
----------------------------------------------------------------------------------------------------
🔍 Verifying: Current Balance of row: 13 for Page No: 10
Actual: 2965730.96 | Expected: 2965730.96
----------------------------------------------------------------------------------------------------
Page No: 10 | Row No: 13 | Debit: 21 | Current Balance: 2965730.96
----------------------------------------------------------------------------------------------------
🔍 Verifying: Current Balance of row: 12 for Page No: 10
Actual: 2965065.96 | Expected: 2965065.96
----------------------------------------------------------------------------------------------------
Page No: 10 | Row No: 12 | Debit: 665 | Current Balance: 2965065.96
----------------------------------------------------------------------------------------------------
🔍 Verifying: Current Balance of row: 11 for Page No: 10
Actual: 2964400.96 | Expected: 2964400.96
----------------------------------------------------------------------------------------------------
Page No: 10 | Row No: 11 | Debit: 665 | Current Balance: 2964400.96
----------------------------------------------------------------------------------------------------
🔍 Verifying: Current Balance of row: 10 for Page No: 10
Actual: 2964376.96 | Expected: 2964376.96
----------------------------------------------------------------------------------------------------
Page No: 10 | Row No: 10 | Debit: 24 | Current Balance: 2964376.96
----------------------------------------------------------------------------------------------------
🔍 Verifying: Current Balance of row: 9 for Page No: 10
Actual: 2964256.96 | Expected: 2964256.96
----------------------------------------------------------------------------------------------------
Page No: 10 | Row No: 9 | Debit: 120 | Current Balance: 2964256.96
----------------------------------------------------------------------------------------------------
🔍 Verifying: Current Balance of row: 8 for Page No: 10
Actual: 2963626.96 | Expected: 2963626.96
----------------------------------------------------------------------------------------------------
Page No: 10 | Row No: 8 | Debit: 630 | Current Balance: 2963626.96
----------------------------------------------------------------------------------------------------
🔍 Verifying: Current Balance of row: 7 for Page No: 10
Actual: 2964291.96 | Expected: 2964291.96
----------------------------------------------------------------------------------------------------
Page No: 10 | Row No: 7 | Credit: 665 | Current Balance: 2964291.96
----------------------------------------------------------------------------------------------------
🔍 Verifying: Current Balance of row: 6 for Page No: 10
Actual: 2964245.96 | Expected: 2964245.96
----------------------------------------------------------------------------------------------------
Page No: 10 | Row No: 6 | Debit: 46 | Current Balance: 2964245.96
----------------------------------------------------------------------------------------------------
🔍 Verifying: Current Balance of row: 5 for Page No: 10
Actual: 2964200.96 | Expected: 2964200.96
----------------------------------------------------------------------------------------------------
Page No: 10 | Row No: 5 | Debit: 45 | Current Balance: 2964200.96
----------------------------------------------------------------------------------------------------
🔍 Verifying: Current Balance of row: 4 for Page No: 10
Actual: 2964155.96 | Expected: 2964155.96
----------------------------------------------------------------------------------------------------
Page No: 10 | Row No: 4 | Debit: 45 | Current Balance: 2964155.96
----------------------------------------------------------------------------------------------------
🔍 Verifying: Current Balance of row: 3 for Page No: 10
Actual: 2964145.96 | Expected: 2964145.96
----------------------------------------------------------------------------------------------------
Page No: 10 | Row No: 3 | Debit: 10 | Current Balance: 2964145.96
----------------------------------------------------------------------------------------------------
🔍 Verifying: Current Balance of row: 2 for Page No: 10
Actual: 2963887.96 | Expected: 2963887.96
----------------------------------------------------------------------------------------------------
Page No: 10 | Row No: 2 | Debit: 258 | Current Balance: 2963887.96
----------------------------------------------------------------------------------------------------
🔍 Verifying: Current Balance of row: 1 for Page No: 10
Actual: 2955887.96 | Expected: 2955887.96
----------------------------------------------------------------------------------------------------
Page No: 10 | Row No: 1 | Debit: 8000 | Current Balance: 2955887.96
----------------------------------------------------------------------------------------------------
🔄 Clicking: Pagination Previous: 9...
✅ Clicked [Pagination Previous: 9]
⏳ Time taken: 0.01 sec
----------------------------------------------------------------------------------------------------
🔍 Verifying: Current Balance of row: 15 for Page No: 9
Actual: 2955803.96 | Expected: 2955803.96
----------------------------------------------------------------------------------------------------
Page No: 9 | Row No: 15 | Debit: 84 | Current Balance: 2955803.96
----------------------------------------------------------------------------------------------------
🔍 Verifying: Current Balance of row: 14 for Page No: 9
Actual: 2960803.96 | Expected: 2960803.96
----------------------------------------------------------------------------------------------------
Page No: 9 | Row No: 14 | Credit: 5000 | Current Balance: 2960803.96
----------------------------------------------------------------------------------------------------
🔍 Verifying: Current Balance of row: 13 for Page No: 9
Actual: 2951842.96 | Expected: 2951842.96
----------------------------------------------------------------------------------------------------
Page No: 9 | Row No: 13 | Debit: 8961 | Current Balance: 2951842.96
----------------------------------------------------------------------------------------------------
🔍 Verifying: Current Balance of row: 12 for Page No: 9
Actual: 2951762.96 | Expected: 2951762.96
----------------------------------------------------------------------------------------------------
Page No: 9 | Row No: 12 | Debit: 80 | Current Balance: 2951762.96
----------------------------------------------------------------------------------------------------
🔍 Verifying: Current Balance of row: 11 for Page No: 9
Actual: 2951519.96 | Expected: 2951519.96
----------------------------------------------------------------------------------------------------
Page No: 9 | Row No: 11 | Debit: 243 | Current Balance: 2951519.96
----------------------------------------------------------------------------------------------------
🔍 Verifying: Current Balance of row: 10 for Page No: 9
Actual: 2951469.96 | Expected: 2951469.96
----------------------------------------------------------------------------------------------------
Page No: 9 | Row No: 10 | Debit: 50 | Current Balance: 2951469.96
----------------------------------------------------------------------------------------------------
🔍 Verifying: Current Balance of row: 9 for Page No: 9
Actual: 2951424.96 | Expected: 2951424.96
----------------------------------------------------------------------------------------------------
Page No: 9 | Row No: 9 | Debit: 45 | Current Balance: 2951424.96
----------------------------------------------------------------------------------------------------
🔍 Verifying: Current Balance of row: 8 for Page No: 9
Actual: 2901424.96 | Expected: 2901424.96
----------------------------------------------------------------------------------------------------
Page No: 9 | Row No: 8 | Debit: 50000 | Current Balance: 2901424.96
----------------------------------------------------------------------------------------------------
🔍 Verifying: Current Balance of row: 7 for Page No: 9
Actual: 2901374.96 | Expected: 2901374.96
----------------------------------------------------------------------------------------------------
Page No: 9 | Row No: 7 | Debit: 50 | Current Balance: 2901374.96
----------------------------------------------------------------------------------------------------
🔍 Verifying: Current Balance of row: 6 for Page No: 9
Actual: 2851374.96 | Expected: 2851374.96
----------------------------------------------------------------------------------------------------
Page No: 9 | Row No: 6 | Debit: 50000 | Current Balance: 2851374.96
----------------------------------------------------------------------------------------------------
🔍 Verifying: Current Balance of row: 5 for Page No: 9
Actual: 2850524.96 | Expected: 2850524.96
----------------------------------------------------------------------------------------------------
Page No: 9 | Row No: 5 | Debit: 850 | Current Balance: 2850524.96
----------------------------------------------------------------------------------------------------
🔍 Verifying: Current Balance of row: 4 for Page No: 9
Actual: 2850379.96 | Expected: 2850379.96
----------------------------------------------------------------------------------------------------
Page No: 9 | Row No: 4 | Debit: 145 | Current Balance: 2850379.96
----------------------------------------------------------------------------------------------------
🔍 Verifying: Current Balance of row: 3 for Page No: 9
Actual: 2850343.96 | Expected: 2850343.96
----------------------------------------------------------------------------------------------------
Page No: 9 | Row No: 3 | Debit: 36 | Current Balance: 2850343.96
----------------------------------------------------------------------------------------------------
🔍 Verifying: Current Balance of row: 2 for Page No: 9
Actual: 2850288.96 | Expected: 2850288.96
----------------------------------------------------------------------------------------------------
Page No: 9 | Row No: 2 | Debit: 55 | Current Balance: 2850288.96
----------------------------------------------------------------------------------------------------
🔍 Verifying: Current Balance of row: 1 for Page No: 9
Actual: 2850064.96 | Expected: 2850064.96
----------------------------------------------------------------------------------------------------
Page No: 9 | Row No: 1 | Debit: 224 | Current Balance: 2850064.96
----------------------------------------------------------------------------------------------------
🔄 Clicking: Pagination Previous: 8...
✅ Clicked [Pagination Previous: 8]
⏳ Time taken: 0.01 sec
----------------------------------------------------------------------------------------------------
🔍 Verifying: Current Balance of row: 15 for Page No: 8
Actual: 2850044.96 | Expected: 2850044.96
----------------------------------------------------------------------------------------------------
Page No: 8 | Row No: 15 | Debit: 20 | Current Balance: 2850044.96
----------------------------------------------------------------------------------------------------
🔍 Verifying: Current Balance of row: 14 for Page No: 8
Actual: 2850009.96 | Expected: 2850009.96
----------------------------------------------------------------------------------------------------
Page No: 8 | Row No: 14 | Debit: 35 | Current Balance: 2850009.96
----------------------------------------------------------------------------------------------------
🔍 Verifying: Current Balance of row: 13 for Page No: 8
Actual: 2860009.96 | Expected: 2860009.96
----------------------------------------------------------------------------------------------------
Page No: 8 | Row No: 13 | Credit: 10000 | Current Balance: 2860009.96
----------------------------------------------------------------------------------------------------
🔍 Verifying: Current Balance of row: 12 for Page No: 8
Actual: 2857509.96 | Expected: 2857509.96
----------------------------------------------------------------------------------------------------
Page No: 8 | Row No: 12 | Debit: 2500 | Current Balance: 2857509.96
----------------------------------------------------------------------------------------------------
🔍 Verifying: Current Balance of row: 11 for Page No: 8
Actual: 2857429.96 | Expected: 2857429.96
----------------------------------------------------------------------------------------------------
Page No: 8 | Row No: 11 | Debit: 80 | Current Balance: 2857429.96
----------------------------------------------------------------------------------------------------
🔍 Verifying: Current Balance of row: 10 for Page No: 8
Actual: 2857244.96 | Expected: 2857244.96
----------------------------------------------------------------------------------------------------
Page No: 8 | Row No: 10 | Debit: 185 | Current Balance: 2857244.96
----------------------------------------------------------------------------------------------------
🔍 Verifying: Current Balance of row: 9 for Page No: 8
Actual: 2857114.96 | Expected: 2857114.96
----------------------------------------------------------------------------------------------------
Page No: 8 | Row No: 9 | Debit: 130 | Current Balance: 2857114.96
----------------------------------------------------------------------------------------------------
🔍 Verifying: Current Balance of row: 8 for Page No: 8
Actual: 2856974.96 | Expected: 2856974.96
----------------------------------------------------------------------------------------------------
Page No: 8 | Row No: 8 | Debit: 140 | Current Balance: 2856974.96
----------------------------------------------------------------------------------------------------
🔍 Verifying: Current Balance of row: 7 for Page No: 8
Actual: 2856929.96 | Expected: 2856929.96
----------------------------------------------------------------------------------------------------
Page No: 8 | Row No: 7 | Debit: 45 | Current Balance: 2856929.96
----------------------------------------------------------------------------------------------------
🔍 Verifying: Current Balance of row: 6 for Page No: 8
Actual: 2856869.96 | Expected: 2856869.96
----------------------------------------------------------------------------------------------------
Page No: 8 | Row No: 6 | Debit: 60 | Current Balance: 2856869.96
----------------------------------------------------------------------------------------------------
🔍 Verifying: Current Balance of row: 5 for Page No: 8
Actual: 2854869.96 | Expected: 2854869.96
----------------------------------------------------------------------------------------------------
Page No: 8 | Row No: 5 | Debit: 2000 | Current Balance: 2854869.96
----------------------------------------------------------------------------------------------------
🔍 Verifying: Current Balance of row: 4 for Page No: 8
Actual: 2854629.96 | Expected: 2854629.96
----------------------------------------------------------------------------------------------------
Page No: 8 | Row No: 4 | Debit: 240 | Current Balance: 2854629.96
----------------------------------------------------------------------------------------------------
🔍 Verifying: Current Balance of row: 3 for Page No: 8
Actual: 2854679.96 | Expected: 2854679.96
----------------------------------------------------------------------------------------------------
Page No: 8 | Row No: 3 | Credit: 50 | Current Balance: 2854679.96
----------------------------------------------------------------------------------------------------
🔍 Verifying: Current Balance of row: 2 for Page No: 8
Actual: 2854609.96 | Expected: 2854609.96
----------------------------------------------------------------------------------------------------
Page No: 8 | Row No: 2 | Debit: 70 | Current Balance: 2854609.96
----------------------------------------------------------------------------------------------------
🔍 Verifying: Current Balance of row: 1 for Page No: 8
Actual: 2854599.96 | Expected: 2854599.96
----------------------------------------------------------------------------------------------------
Page No: 8 | Row No: 1 | Debit: 10 | Current Balance: 2854599.96
----------------------------------------------------------------------------------------------------
🔄 Clicking: Pagination Previous: 7...
✅ Clicked [Pagination Previous: 7]
⏳ Time taken: 0.01 sec
----------------------------------------------------------------------------------------------------
🔍 Verifying: Current Balance of row: 15 for Page No: 7
Actual: 2854479.96 | Expected: 2854479.96
[...]
🔍 Verifying: Current Balance of row: 8 for Page No: 4
Actual: 2145981.96 | Expected: 2145981.96
----------------------------------------------------------------------------------------------------
Page No: 4 | Row No: 8 | Debit: 200000 | Current Balance: 2145981.96
----------------------------------------------------------------------------------------------------
🔍 Verifying: Current Balance of row: 7 for Page No: 4
Actual: 2144981.96 | Expected: 2144981.96
----------------------------------------------------------------------------------------------------
Page No: 4 | Row No: 7 | Debit: 1000 | Current Balance: 2144981.96
----------------------------------------------------------------------------------------------------
🔍 Verifying: Current Balance of row: 6 for Page No: 4
Actual: 2144881.96 | Expected: 2144881.96
----------------------------------------------------------------------------------------------------
Page No: 4 | Row No: 6 | Debit: 100 | Current Balance: 2144881.96
----------------------------------------------------------------------------------------------------
🔍 Verifying: Current Balance of row: 5 for Page No: 4
Actual: 1745881.96 | Expected: 1745881.96
----------------------------------------------------------------------------------------------------
Page No: 4 | Row No: 5 | Debit: 399000 | Current Balance: 1745881.96
----------------------------------------------------------------------------------------------------
🔍 Verifying: Current Balance of row: 4 for Page No: 4
Actual: 1545881.96 | Expected: 1545881.96
----------------------------------------------------------------------------------------------------
Page No: 4 | Row No: 4 | Debit: 200000 | Current Balance: 1545881.96
----------------------------------------------------------------------------------------------------
🔍 Verifying: Current Balance of row: 3 for Page No: 4
Actual: 1545531.96 | Expected: 1545531.96
----------------------------------------------------------------------------------------------------
Page No: 4 | Row No: 3 | Debit: 350 | Current Balance: 1545531.96
----------------------------------------------------------------------------------------------------
🔍 Verifying: Current Balance of row: 2 for Page No: 4
Actual: 1532531.96 | Expected: 1532531.96
----------------------------------------------------------------------------------------------------
Page No: 4 | Row No: 2 | Debit: 13000 | Current Balance: 1532531.96
----------------------------------------------------------------------------------------------------
🔍 Verifying: Current Balance of row: 1 for Page No: 4
Actual: 1532521.96 | Expected: 1532521.96
----------------------------------------------------------------------------------------------------
Page No: 4 | Row No: 1 | Debit: 10 | Current Balance: 1532521.96
----------------------------------------------------------------------------------------------------
🔄 Clicking: Pagination Previous: 3...
✅ Clicked [Pagination Previous: 3]
⏳ Time taken: 0.02 sec
----------------------------------------------------------------------------------------------------
🔍 Verifying: Current Balance of row: 15 for Page No: 3
Actual: 1532421.96 | Expected: 1532421.96
----------------------------------------------------------------------------------------------------
Page No: 3 | Row No: 15 | Debit: 100 | Current Balance: 1532421.96
----------------------------------------------------------------------------------------------------
🔍 Verifying: Current Balance of row: 14 for Page No: 3
Actual: 1532321.96 | Expected: 1532321.96
----------------------------------------------------------------------------------------------------
Page No: 3 | Row No: 14 | Debit: 100 | Current Balance: 1532321.96
----------------------------------------------------------------------------------------------------
🔍 Verifying: Current Balance of row: 13 for Page No: 3
Actual: 1532221.96 | Expected: 1532221.96
----------------------------------------------------------------------------------------------------
Page No: 3 | Row No: 13 | Debit: 100 | Current Balance: 1532221.96
----------------------------------------------------------------------------------------------------
🔍 Verifying: Current Balance of row: 12 for Page No: 3
Actual: 1532121.96 | Expected: 1532121.96
----------------------------------------------------------------------------------------------------
Page No: 3 | Row No: 12 | Debit: 100 | Current Balance: 1532121.96
----------------------------------------------------------------------------------------------------
🔍 Verifying: Current Balance of row: 11 for Page No: 3
Actual: 1532021.96 | Expected: 1532021.96
----------------------------------------------------------------------------------------------------
Page No: 3 | Row No: 11 | Debit: 100 | Current Balance: 1532021.96
----------------------------------------------------------------------------------------------------
🔍 Verifying: Current Balance of row: 10 for Page No: 3
Actual: 1531921.96 | Expected: 1531921.96
----------------------------------------------------------------------------------------------------
Page No: 3 | Row No: 10 | Debit: 100 | Current Balance: 1531921.96
----------------------------------------------------------------------------------------------------
🔍 Verifying: Current Balance of row: 9 for Page No: 3
Actual: 1531899.96 | Expected: 1531899.96
----------------------------------------------------------------------------------------------------
Page No: 3 | Row No: 9 | Debit: 22 | Current Balance: 1531899.96
----------------------------------------------------------------------------------------------------
🔍 Verifying: Current Balance of row: 8 for Page No: 3
Actual: 1530594.96 | Expected: 1530594.96
----------------------------------------------------------------------------------------------------
Page No: 3 | Row No: 8 | Debit: 1305 | Current Balance: 1530594.96
----------------------------------------------------------------------------------------------------
🔍 Verifying: Current Balance of row: 7 for Page No: 3
Actual: 1530504.96 | Expected: 1530504.96
----------------------------------------------------------------------------------------------------
Page No: 3 | Row No: 7 | Debit: 90 | Current Balance: 1530504.96
----------------------------------------------------------------------------------------------------
🔍 Verifying: Current Balance of row: 6 for Page No: 3
Actual: 1530229.96 | Expected: 1530229.96
----------------------------------------------------------------------------------------------------
Page No: 3 | Row No: 6 | Debit: 275 | Current Balance: 1530229.96
----------------------------------------------------------------------------------------------------
🔍 Verifying: Current Balance of row: 5 for Page No: 3
Actual: 1652521.96 | Expected: 1652521.96
----------------------------------------------------------------------------------------------------
Page No: 3 | Row No: 5 | Credit: 122292 | Current Balance: 1652521.96
----------------------------------------------------------------------------------------------------
🔍 Verifying: Current Balance of row: 4 for Page No: 3
Actual: 1652391.96 | Expected: 1652391.96
----------------------------------------------------------------------------------------------------
Page No: 3 | Row No: 4 | Debit: 130 | Current Balance: 1652391.96
----------------------------------------------------------------------------------------------------
🔍 Verifying: Current Balance of row: 3 for Page No: 3
Actual: 1652346.96 | Expected: 1652346.96
----------------------------------------------------------------------------------------------------
Page No: 3 | Row No: 3 | Debit: 45 | Current Balance: 1652346.96
----------------------------------------------------------------------------------------------------
🔍 Verifying: Current Balance of row: 2 for Page No: 3
Actual: 1652156.96 | Expected: 1652156.96
----------------------------------------------------------------------------------------------------
Page No: 3 | Row No: 2 | Debit: 190 | Current Balance: 1652156.96
----------------------------------------------------------------------------------------------------
🔍 Verifying: Current Balance of row: 1 for Page No: 3
Actual: 1647796.96 | Expected: 1647796.96
----------------------------------------------------------------------------------------------------
Page No: 3 | Row No: 1 | Debit: 4360 | Current Balance: 1647796.96
----------------------------------------------------------------------------------------------------
🔄 Clicking: Pagination Previous: 2...
✅ Clicked [Pagination Previous: 2]
⏳ Time taken: 0.02 sec
----------------------------------------------------------------------------------------------------
🔍 Verifying: Current Balance of row: 15 for Page No: 2
Actual: 1647516.96 | Expected: 1647516.96
----------------------------------------------------------------------------------------------------
Page No: 2 | Row No: 15 | Debit: 280 | Current Balance: 1647516.96
----------------------------------------------------------------------------------------------------
🔍 Verifying: Current Balance of row: 14 for Page No: 2
Actual: 1647446.96 | Expected: 1647446.96
----------------------------------------------------------------------------------------------------
Page No: 2 | Row No: 14 | Debit: 70 | Current Balance: 1647446.96
----------------------------------------------------------------------------------------------------
🔍 Verifying: Current Balance of row: 13 for Page No: 2
Actual: 1650446.96 | Expected: 1650446.96
----------------------------------------------------------------------------------------------------
Page No: 2 | Row No: 13 | Credit: 3000 | Current Balance: 1650446.96
----------------------------------------------------------------------------------------------------
🔍 Verifying: Current Balance of row: 12 for Page No: 2
Actual: 1646146.96 | Expected: 1646146.96
----------------------------------------------------------------------------------------------------
Page No: 2 | Row No: 12 | Debit: 4300 | Current Balance: 1646146.96
----------------------------------------------------------------------------------------------------
🔍 Verifying: Current Balance of row: 11 for Page No: 2
Actual: 1646096.96 | Expected: 1646096.96
----------------------------------------------------------------------------------------------------
Page No: 2 | Row No: 11 | Debit: 50 | Current Balance: 1646096.96
----------------------------------------------------------------------------------------------------
🔍 Verifying: Current Balance of row: 10 for Page No: 2
Actual: 1646066.96 | Expected: 1646066.96
----------------------------------------------------------------------------------------------------
Page No: 2 | Row No: 10 | Debit: 30 | Current Balance: 1646066.96
----------------------------------------------------------------------------------------------------
🔍 Verifying: Current Balance of row: 9 for Page No: 2
Actual: 1645996.96 | Expected: 1645996.96
----------------------------------------------------------------------------------------------------
Page No: 2 | Row No: 9 | Debit: 70 | Current Balance: 1645996.96
----------------------------------------------------------------------------------------------------
🔍 Verifying: Current Balance of row: 8 for Page No: 2
Actual: 1645931.96 | Expected: 1645931.96
----------------------------------------------------------------------------------------------------
Page No: 2 | Row No: 8 | Debit: 65 | Current Balance: 1645931.96
----------------------------------------------------------------------------------------------------
🔍 Verifying: Current Balance of row: 7 for Page No: 2
Actual: 1645761.96 | Expected: 1645761.96
----------------------------------------------------------------------------------------------------
Page No: 2 | Row No: 7 | Debit: 170 | Current Balance: 1645761.96
----------------------------------------------------------------------------------------------------
🔍 Verifying: Current Balance of row: 6 for Page No: 2
Actual: 1645711.96 | Expected: 1645711.96
----------------------------------------------------------------------------------------------------
Page No: 2 | Row No: 6 | Debit: 50 | Current Balance: 1645711.96
----------------------------------------------------------------------------------------------------
🔍 Verifying: Current Balance of row: 5 for Page No: 2
Actual: 1645646.96 | Expected: 1645646.96
----------------------------------------------------------------------------------------------------
Page No: 2 | Row No: 5 | Debit: 65 | Current Balance: 1645646.96
----------------------------------------------------------------------------------------------------
🔍 Verifying: Current Balance of row: 4 for Page No: 2
Actual: 1645466.96 | Expected: 1645466.96
----------------------------------------------------------------------------------------------------
Page No: 2 | Row No: 4 | Debit: 180 | Current Balance: 1645466.96
----------------------------------------------------------------------------------------------------
🔍 Verifying: Current Balance of row: 3 for Page No: 2
Actual: 1645216.96 | Expected: 1645216.96
----------------------------------------------------------------------------------------------------
Page No: 2 | Row No: 3 | Debit: 250 | Current Balance: 1645216.96
----------------------------------------------------------------------------------------------------
🔍 Verifying: Current Balance of row: 2 for Page No: 2
Actual: 1647716.96 | Expected: 1647716.96
----------------------------------------------------------------------------------------------------
Page No: 2 | Row No: 2 | Credit: 2500 | Current Balance: 1647716.96
----------------------------------------------------------------------------------------------------
🔍 Verifying: Current Balance of row: 1 for Page No: 2
Actual: 1646716.96 | Expected: 1646716.96
----------------------------------------------------------------------------------------------------
Page No: 2 | Row No: 1 | Debit: 1000 | Current Balance: 1646716.96
----------------------------------------------------------------------------------------------------
🔄 Clicking: Pagination Previous: 1...
✅ Clicked [Pagination Previous: 1]
⏳ Time taken: 0.02 sec
----------------------------------------------------------------------------------------------------
🔍 Verifying: Current Balance of row: 15 for Page No: 1
Actual: 1645716.96 | Expected: 1645716.96
----------------------------------------------------------------------------------------------------
Page No: 1 | Row No: 15 | Debit: 1000 | Current Balance: 1645716.96
----------------------------------------------------------------------------------------------------
🔍 Verifying: Current Balance of row: 14 for Page No: 1
Actual: 1644716.96 | Expected: 1644716.96
----------------------------------------------------------------------------------------------------
Page No: 1 | Row No: 14 | Debit: 1000 | Current Balance: 1644716.96
----------------------------------------------------------------------------------------------------
🔍 Verifying: Current Balance of row: 13 for Page No: 1
Actual: 1643716.96 | Expected: 1643716.96
----------------------------------------------------------------------------------------------------
Page No: 1 | Row No: 13 | Debit: 1000 | Current Balance: 1643716.96
----------------------------------------------------------------------------------------------------
🔍 Verifying: Current Balance of row: 12 for Page No: 1
Actual: 1642716.96 | Expected: 1642716.96
----------------------------------------------------------------------------------------------------
Page No: 1 | Row No: 12 | Debit: 1000 | Current Balance: 1642716.96
----------------------------------------------------------------------------------------------------
🔍 Verifying: Current Balance of row: 11 for Page No: 1
Actual: 1622716.96 | Expected: 1622716.96
----------------------------------------------------------------------------------------------------
Page No: 1 | Row No: 11 | Debit: 20000 | Current Balance: 1622716.96
----------------------------------------------------------------------------------------------------
🔍 Verifying: Current Balance of row: 10 for Page No: 1
Actual: 1622550.96 | Expected: 1622550.96
----------------------------------------------------------------------------------------------------
Page No: 1 | Row No: 10 | Debit: 166 | Current Balance: 1622550.96
----------------------------------------------------------------------------------------------------
🔍 Verifying: Current Balance of row: 9 for Page No: 1
Actual: 1622540.96 | Expected: 1622540.96
----------------------------------------------------------------------------------------------------
Page No: 1 | Row No: 9 | Debit: 10 | Current Balance: 1622540.96
----------------------------------------------------------------------------------------------------
🔍 Verifying: Current Balance of row: 8 for Page No: 1
Actual: 1622530.96 | Expected: 1622530.96
----------------------------------------------------------------------------------------------------
Page No: 1 | Row No: 8 | Debit: 10 | Current Balance: 1622530.96
----------------------------------------------------------------------------------------------------
🔍 Verifying: Current Balance of row: 7 for Page No: 1
Actual: 1622540.96 | Expected: 1622540.96
----------------------------------------------------------------------------------------------------
Page No: 1 | Row No: 7 | Credit: 10 | Current Balance: 1622540.96
----------------------------------------------------------------------------------------------------
🔍 Verifying: Current Balance of row: 6 for Page No: 1
Actual: 1622550.96 | Expected: 1622550.96
----------------------------------------------------------------------------------------------------
Page No: 1 | Row No: 6 | Credit: 10 | Current Balance: 1622550.96
----------------------------------------------------------------------------------------------------
🔍 Verifying: Current Balance of row: 5 for Page No: 1
Actual: 1622560.96 | Expected: 1622560.96
----------------------------------------------------------------------------------------------------
Page No: 1 | Row No: 5 | Credit: 10 | Current Balance: 1622560.96
----------------------------------------------------------------------------------------------------
🔍 Verifying: Current Balance of row: 4 for Page No: 1
Actual: 1622570.96 | Expected: 1622570.96
----------------------------------------------------------------------------------------------------
Page No: 1 | Row No: 4 | Credit: 10 | Current Balance: 1622570.96
----------------------------------------------------------------------------------------------------
🔍 Verifying: Current Balance of row: 3 for Page No: 1
Actual: 1621570.96 | Expected: 1621570.96
----------------------------------------------------------------------------------------------------
Page No: 1 | Row No: 3 | Debit: 1000 | Current Balance: 1621570.96
----------------------------------------------------------------------------------------------------
🔍 Verifying: Current Balance of row: 2 for Page No: 1
Actual: 1620570.96 | Expected: 1620570.96
----------------------------------------------------------------------------------------------------
Page No: 1 | Row No: 2 | Debit: 1000 | Current Balance: 1620570.96
----------------------------------------------------------------------------------------------------
🔍 Verifying: Current Balance of row: 1 for Page No: 1
Actual: 1620560.96 | Expected: 1620560.96
----------------------------------------------------------------------------------------------------
Page No: 1 | Row No: 1 | Debit: 10 | Current Balance: 1620560.96
----------------------------------------------------------------------------------------------------
]]>
</system-out>
</testcase>
</testsuite>
</testsuites>